15:10:13 INFO  tests.TestBase - Start method: loginSuccess
15:10:13 INFO  application.MyListener - Start find element by -----> By.xpath: //a[text()=' Logout ']
15:10:18 INFO  application.MyListener - The element ---> By.xpath: //a[text()=' Logout '] was found
15:10:18 INFO  tests.TestBase - Login with email: slavka.lenetz@gmail.com &  password Ilcarro123
15:10:18 INFO  application.MyListener - Start find element by -----> By.xpath: //div[@class='header']/a[6]
15:10:18 INFO  application.MyListener - The element ---> By.xpath: //div[@class='header']/a[6] was found
15:10:18 INFO  application.MyListener - Start find element by -----> By.xpath: //input[@formcontrolname='email']
15:10:18 INFO  application.MyListener - The element ---> By.xpath: //input[@formcontrolname='email'] was found
15:10:18 INFO  application.MyListener - Start find element by -----> By.xpath: //input[@formcontrolname='password']
15:10:18 INFO  application.MyListener - The element ---> By.xpath: //input[@formcontrolname='password'] was found
15:10:19 INFO  application.MyListener - Start find element by -----> By.xpath: //button[@type='submit']
15:10:19 INFO  application.MyListener - The element ---> By.xpath: //button[@type='submit'] was found
15:10:19 INFO  application.MyListener - Start find element by -----> By.cssSelector: .dialog-container h2
15:10:19 INFO  application.MyListener - The element ---> By.cssSelector: .dialog-container h2 was found
15:10:19 INFO  application.MyListener - Start find element by -----> By.xpath: //button[text()='Ok']
15:10:19 INFO  application.MyListener - The element ---> By.xpath: //button[text()='Ok'] was found
15:10:19 INFO  application.MyListener - Start find element by -----> By.xpath: //a[text()=' Logout ']
15:10:19 INFO  application.MyListener - The element ---> By.xpath: //a[text()=' Logout '] was found
15:10:19 INFO  application.MyListener - Start find element by -----> By.xpath: //a[text()=' Logout ']
15:10:19 INFO  application.MyListener - The element ---> By.xpath: //a[text()=' Logout '] was found
15:10:19 INFO  tests.TestBase - End of test --> loginSuccess
