16:09:02 INFO  tests.TestBase - Start method: addNewCarSuccess
16:09:02 INFO  application.MyListener - Start find element by -----> By.xpath: //a[text()=' Log in ']
16:09:02 INFO  application.MyListener - The element ---> By.xpath: //a[text()=' Log in '] was found
16:09:02 INFO  application.MyListener - Start find element by -----> By.xpath: //div[@class='header']/a[6]
16:09:02 INFO  application.MyListener - The element ---> By.xpath: //div[@class='header']/a[6] was found
16:09:02 INFO  application.MyListener - Start find element by -----> By.xpath: //input[@formcontrolname='email']
16:09:02 INFO  application.MyListener - The element ---> By.xpath: //input[@formcontrolname='email'] was found
16:09:02 INFO  application.MyListener - Start find element by -----> By.xpath: //input[@formcontrolname='password']
16:09:02 INFO  application.MyListener - The element ---> By.xpath: //input[@formcontrolname='password'] was found
16:09:03 INFO  application.MyListener - Start find element by -----> By.xpath: //button[@type='submit']
16:09:03 INFO  application.MyListener - The element ---> By.xpath: //button[@type='submit'] was found
16:09:03 INFO  application.MyListener - Start find element by -----> By.xpath: //a[@href='/let-car-work']
16:09:03 INFO  application.MyListener - The element ---> By.xpath: //a[@href='/let-car-work'] was found
16:09:03 INFO  application.MyListener - Start find element by -----> By.id: pickUpPlace
16:09:03 INFO  application.MyListener - The element ---> By.id: pickUpPlace was found
16:09:04 INFO  application.MyListener - Start find element by -----> By.cssSelector: div.pac-item
16:09:04 INFO  application.MyListener - The element ---> By.cssSelector: div.pac-item was found
16:09:05 INFO  application.MyListener - Start find element by -----> By.id: make
16:09:05 INFO  application.MyListener - The element ---> By.id: make was found
16:09:05 INFO  application.MyListener - Start find element by -----> By.id: model
16:09:05 INFO  application.MyListener - The element ---> By.id: model was found
16:09:05 INFO  application.MyListener - Start find element by -----> By.id: year
16:09:05 INFO  application.MyListener - The element ---> By.id: year was found
16:09:05 INFO  application.MyListener - Start find element by -----> By.id: engine
16:09:05 INFO  application.MyListener - The element ---> By.id: engine was found
16:09:05 INFO  application.MyListener - Start find element by -----> By.id: fuel
16:09:05 INFO  application.MyListener - The element ---> By.id: fuel was found
16:09:05 INFO  application.MyListener - Start find element by -----> By.xpath: .//option[normalize-space(.) = "Petrol"]
16:09:05 INFO  application.MyListener - The element ---> By.xpath: .//option[normalize-space(.) = "Petrol"] was found
16:09:05 INFO  application.MyListener - Start find element by -----> By.id: gear
16:09:05 INFO  application.MyListener - The element ---> By.id: gear was found
16:09:05 INFO  application.MyListener - Start find element by -----> By.xpath: .//option[normalize-space(.) = "MT"]
16:09:05 INFO  application.MyListener - The element ---> By.xpath: .//option[normalize-space(.) = "MT"] was found
16:09:05 INFO  application.MyListener - Start find element by -----> By.id: wheelsDrive
16:09:06 INFO  application.MyListener - The element ---> By.id: wheelsDrive was found
16:09:06 INFO  application.MyListener - Start find element by -----> By.xpath: .//option[normalize-space(.) = "AWD"]
16:09:06 INFO  application.MyListener - The element ---> By.xpath: .//option[normalize-space(.) = "AWD"] was found
16:09:06 INFO  application.MyListener - Start find element by -----> By.id: doors
16:09:06 INFO  application.MyListener - The element ---> By.id: doors was found
16:09:06 INFO  application.MyListener - Start find element by -----> By.id: seats
16:09:06 INFO  application.MyListener - The element ---> By.id: seats was found
16:09:06 INFO  application.MyListener - Start find element by -----> By.id: class
16:09:06 INFO  application.MyListener - The element ---> By.id: class was found
16:09:06 INFO  application.MyListener - Start find element by -----> By.id: fuelConsumption
16:09:06 INFO  application.MyListener - The element ---> By.id: fuelConsumption was found
16:09:06 INFO  application.MyListener - Start find element by -----> By.id: serialNumber
16:09:06 INFO  application.MyListener - The element ---> By.id: serialNumber was found
16:09:06 INFO  application.MyListener - Start find element by -----> By.id: price
16:09:06 INFO  application.MyListener - The element ---> By.id: price was found
16:09:07 INFO  application.MyListener - Start find element by -----> By.id: distance
16:09:07 INFO  application.MyListener - The element ---> By.id: distance was found
16:09:07 INFO  application.MyListener - Start find element by -----> By.className: feature-input
16:09:07 INFO  application.MyListener - The element ---> By.className: feature-input was found
16:09:07 INFO  application.MyListener - Start find element by -----> By.id: about
16:09:07 INFO  application.MyListener - The element ---> By.id: about was found
16:09:07 INFO  application.MyListener - Start find element by -----> By.id: photos
16:09:07 INFO  application.MyListener - The element ---> By.id: photos was found
16:09:07 INFO  application.MyListener - Start find element by -----> By.xpath: //button[.='Submit']
16:09:07 INFO  application.MyListener - The element ---> By.xpath: //button[.='Submit'] was found
16:09:08 INFO  application.MyListener - Start find element by -----> By.xpath: //button[.='Submit']
16:09:08 INFO  application.MyListener - The element ---> By.xpath: //button[.='Submit'] was found
16:09:08 INFO  application.MyListener - Start find element by -----> By.xpath: //button[.='Submit']
16:09:08 INFO  application.MyListener - The element ---> By.xpath: //button[.='Submit'] was found
16:09:09 INFO  application.MyListener - Start find element by -----> By.xpath: //button[.='Submit']
16:09:09 INFO  application.MyListener - The element ---> By.xpath: //button[.='Submit'] was found
16:09:09 INFO  application.MyListener - Start find element by -----> By.xpath: //button[.='Submit']
16:09:09 INFO  application.MyListener - The element ---> By.xpath: //button[.='Submit'] was found
16:09:10 INFO  application.MyListener - Start find element by -----> By.xpath: //button[.='Submit']
16:09:10 INFO  application.MyListener - The element ---> By.xpath: //button[.='Submit'] was found
16:09:10 INFO  application.MyListener - Start find element by -----> By.xpath: //button[.='Submit']
16:09:10 INFO  application.MyListener - The element ---> By.xpath: //button[.='Submit'] was found
16:09:11 INFO  application.MyListener - Start find element by -----> By.xpath: //h1[text()='Car added']
16:09:12 INFO  application.MyListener - The element ---> By.xpath: //h1[text()='Car added'] was found
16:09:12 INFO  application.MyListener - Start find element by -----> By.xpath: //button[text()='Show car']
16:09:12 INFO  application.MyListener - The element ---> By.xpath: //button[text()='Show car'] was found
16:09:12 INFO  tests.TestBase - End of test --> addNewCarSuccess
16:09:12 INFO  tests.TestBase - Start method: loginSuccess
16:09:12 INFO  application.MyListener - Start find element by -----> By.xpath: //a[text()=' Logout ']
16:09:12 INFO  application.MyListener - The element ---> By.xpath: //a[text()=' Logout '] was found
16:09:12 INFO  application.MyListener - Start find element by -----> By.xpath: //a[text()=' Logout ']
16:09:12 INFO  application.MyListener - The element ---> By.xpath: //a[text()=' Logout '] was found
16:09:12 INFO  tests.TestBase - Login with email: slavka.lenetz@gmail.com &  password Ilcarro123
16:09:12 INFO  application.MyListener - Start find element by -----> By.xpath: //div[@class='header']/a[6]
16:09:12 INFO  application.MyListener - The element ---> By.xpath: //div[@class='header']/a[6] was found
16:09:12 INFO  application.MyListener - Start find element by -----> By.xpath: //input[@formcontrolname='email']
16:09:12 INFO  application.MyListener - The element ---> By.xpath: //input[@formcontrolname='email'] was found
16:09:12 INFO  application.MyListener - Start find element by -----> By.xpath: //input[@formcontrolname='password']
16:09:12 INFO  application.MyListener - The element ---> By.xpath: //input[@formcontrolname='password'] was found
16:09:12 INFO  application.MyListener - Start find element by -----> By.xpath: //button[@type='submit']
16:09:12 INFO  application.MyListener - The element ---> By.xpath: //button[@type='submit'] was found
16:09:12 INFO  application.MyListener - Start find element by -----> By.cssSelector: .dialog-container h2
16:09:13 INFO  application.MyListener - The element ---> By.cssSelector: .dialog-container h2 was found
16:09:13 INFO  application.MyListener - Start find element by -----> By.xpath: //button[.='Ok']
16:09:13 INFO  application.MyListener - The element ---> By.xpath: //button[.='Ok'] was found
16:09:13 INFO  application.MyListener - Start find element by -----> By.xpath: //button[.='Ok']
16:09:13 INFO  application.MyListener - The element ---> By.xpath: //button[.='Ok'] was found
16:09:13 INFO  tests.TestBase - End of test --> loginSuccess
16:09:13 INFO  tests.TestBase - Start method: loginSuccessModel
16:09:13 INFO  application.MyListener - Start find element by -----> By.xpath: //a[text()=' Logout ']
16:09:13 INFO  application.MyListener - The element ---> By.xpath: //a[text()=' Logout '] was found
16:09:13 INFO  application.MyListener - Start find element by -----> By.xpath: //a[text()=' Logout ']
16:09:13 INFO  application.MyListener - The element ---> By.xpath: //a[text()=' Logout '] was found
16:09:13 INFO  application.MyListener - Start find element by -----> By.xpath: //div[@class='header']/a[6]
16:09:13 INFO  application.MyListener - The element ---> By.xpath: //div[@class='header']/a[6] was found
16:09:13 INFO  application.MyListener - Start find element by -----> By.xpath: //input[@formcontrolname='email']
16:09:13 INFO  application.MyListener - The element ---> By.xpath: //input[@formcontrolname='email'] was found
16:09:13 INFO  application.MyListener - Start find element by -----> By.xpath: //input[@formcontrolname='password']
16:09:13 INFO  application.MyListener - The element ---> By.xpath: //input[@formcontrolname='password'] was found
16:09:15 INFO  application.MyListener - Start find element by -----> By.xpath: //button[@type='submit']
16:09:15 INFO  application.MyListener - The element ---> By.xpath: //button[@type='submit'] was found
16:09:15 INFO  application.MyListener - Start find element by -----> By.cssSelector: .dialog-container h2
16:09:15 INFO  application.MyListener - The element ---> By.cssSelector: .dialog-container h2 was found
16:09:15 INFO  application.MyListener - Start find element by -----> By.xpath: //button[.='Ok']
16:09:15 INFO  application.MyListener - The element ---> By.xpath: //button[.='Ok'] was found
16:09:15 INFO  application.MyListener - Start find element by -----> By.xpath: //button[.='Ok']
16:09:15 INFO  application.MyListener - The element ---> By.xpath: //button[.='Ok'] was found
16:09:15 INFO  tests.TestBase - End of test --> loginSuccessModel
16:09:15 INFO  tests.TestBase - Start method: negativeLoginWrongPassword
16:09:15 INFO  application.MyListener - Start find element by -----> By.xpath: //a[text()=' Logout ']
16:09:15 INFO  application.MyListener - The element ---> By.xpath: //a[text()=' Logout '] was found
16:09:15 INFO  application.MyListener - Start find element by -----> By.xpath: //a[text()=' Logout ']
16:09:15 INFO  application.MyListener - The element ---> By.xpath: //a[text()=' Logout '] was found
16:09:15 INFO  application.MyListener - Start find element by -----> By.xpath: //div[@class='header']/a[6]
16:09:15 INFO  application.MyListener - The element ---> By.xpath: //div[@class='header']/a[6] was found
16:09:15 INFO  application.MyListener - Start find element by -----> By.xpath: //input[@formcontrolname='email']
16:09:15 INFO  application.MyListener - The element ---> By.xpath: //input[@formcontrolname='email'] was found
16:09:16 INFO  application.MyListener - Start find element by -----> By.xpath: //input[@formcontrolname='password']
16:09:16 INFO  application.MyListener - The element ---> By.xpath: //input[@formcontrolname='password'] was found
16:09:17 INFO  application.MyListener - Start find element by -----> By.xpath: //button[@type='submit']
16:09:17 INFO  application.MyListener - The element ---> By.xpath: //button[@type='submit'] was found
16:09:17 INFO  application.MyListener - Start find element by -----> By.cssSelector: .dialog-container h2
16:09:17 INFO  application.MyListener - The element ---> By.cssSelector: .dialog-container h2 was found
16:09:17 INFO  application.MyListener - Start find element by -----> By.xpath: //button[.='Ok']
16:09:17 INFO  application.MyListener - The element ---> By.xpath: //button[.='Ok'] was found
16:09:17 INFO  application.MyListener - Start find element by -----> By.xpath: //button[.='Ok']
16:09:17 INFO  application.MyListener - The element ---> By.xpath: //button[.='Ok'] was found
16:09:17 INFO  tests.TestBase - End of test --> negativeLoginWrongPassword
16:09:17 INFO  tests.TestBase - Start method: registrationNegativeTest
16:09:17 INFO  application.MyListener - Start find element by -----> By.xpath: //a[text()=' Logout ']
16:09:22 INFO  application.MyListener - The element ---> By.xpath: //a[text()=' Logout '] was found
16:09:22 INFO  application.MyListener - Start find element by -----> By.xpath: //a[text()=' Sign up ']
16:09:22 INFO  application.MyListener - The element ---> By.xpath: //a[text()=' Sign up '] was found
16:09:23 INFO  application.MyListener - Start find element by -----> By.id: name
16:09:23 INFO  application.MyListener - The element ---> By.id: name was found
16:09:23 INFO  application.MyListener - Start find element by -----> By.id: lastName
16:09:23 INFO  application.MyListener - The element ---> By.id: lastName was found
16:09:23 INFO  application.MyListener - Start find element by -----> By.id: email
16:09:23 INFO  application.MyListener - The element ---> By.id: email was found
16:09:23 INFO  application.MyListener - Start find element by -----> By.id: password
16:09:23 INFO  application.MyListener - The element ---> By.id: password was found
16:09:23 INFO  application.MyListener - Start find element by -----> By.xpath: //button[@type='submit']
16:09:23 INFO  application.MyListener - The element ---> By.xpath: //button[@type='submit'] was found
16:09:23 INFO  application.MyListener - Start find element by -----> By.xpath: //div[text()='Wrong email format']
16:09:23 INFO  application.MyListener - The element ---> By.xpath: //div[text()='Wrong email format'] was found
16:09:23 INFO  application.MyListener - Start find element by -----> By.xpath: //button[@type='submit']
16:09:23 INFO  application.MyListener - The element ---> By.xpath: //button[@type='submit'] was found
16:09:23 INFO  application.MyListener - Start find element by -----> By.xpath: //button[.='Ok']
16:09:28 INFO  application.MyListener - The element ---> By.xpath: //button[.='Ok'] was found
16:09:28 INFO  tests.TestBase - End of test --> registrationNegativeTest
16:09:28 INFO  tests.TestBase - Start method: registrationPositiveTest
16:09:28 INFO  application.MyListener - Start find element by -----> By.xpath: //a[text()=' Logout ']
16:09:33 INFO  application.MyListener - The element ---> By.xpath: //a[text()=' Logout '] was found
16:09:33 INFO  application.MyListener - Start find element by -----> By.xpath: //a[text()=' Sign up ']
16:09:33 INFO  application.MyListener - The element ---> By.xpath: //a[text()=' Sign up '] was found
16:09:33 INFO  application.MyListener - Start find element by -----> By.id: name
16:09:33 INFO  application.MyListener - The element ---> By.id: name was found
16:09:34 INFO  application.MyListener - Start find element by -----> By.id: lastName
16:09:34 INFO  application.MyListener - The element ---> By.id: lastName was found
16:09:34 INFO  application.MyListener - Start find element by -----> By.id: email
16:09:34 INFO  application.MyListener - The element ---> By.id: email was found
16:09:34 INFO  application.MyListener - Start find element by -----> By.id: password
16:09:34 INFO  application.MyListener - The element ---> By.id: password was found
16:09:34 INFO  application.MyListener - Start find element by -----> By.xpath: //button[@type='submit']
16:09:34 INFO  application.MyListener - The element ---> By.xpath: //button[@type='submit'] was found
16:09:34 INFO  application.MyListener - Start find element by -----> By.cssSelector: .dialog-container h2
16:09:35 INFO  application.MyListener - The element ---> By.cssSelector: .dialog-container h2 was found
16:09:35 INFO  application.MyListener - Start find element by -----> By.xpath: //button[.='Ok']
16:09:35 INFO  application.MyListener - The element ---> By.xpath: //button[.='Ok'] was found
16:09:35 INFO  application.MyListener - Start find element by -----> By.xpath: //button[.='Ok']
16:09:35 INFO  application.MyListener - The element ---> By.xpath: //button[.='Ok'] was found
16:09:35 INFO  tests.TestBase - End of test --> registrationPositiveTest
16:09:35 INFO  tests.TestBase - Start method: registrationPositiveTestModel
16:09:35 INFO  application.MyListener - Start find element by -----> By.xpath: //a[text()=' Logout ']
16:09:35 INFO  application.MyListener - The element ---> By.xpath: //a[text()=' Logout '] was found
16:09:35 INFO  application.MyListener - Start find element by -----> By.xpath: //a[text()=' Logout ']
16:09:35 INFO  application.MyListener - The element ---> By.xpath: //a[text()=' Logout '] was found
16:09:35 INFO  tests.TestBase - TestData: name:Lis LastName: SnowEmail: snow575@gmail.com Password: Lis575ndy123
16:09:35 INFO  application.MyListener - Start find element by -----> By.xpath: //a[text()=' Sign up ']
16:09:35 INFO  application.MyListener - The element ---> By.xpath: //a[text()=' Sign up '] was found
16:09:35 INFO  application.MyListener - Start find element by -----> By.id: name
16:09:35 INFO  application.MyListener - The element ---> By.id: name was found
16:09:35 INFO  application.MyListener - Start find element by -----> By.id: lastName
16:09:35 INFO  application.MyListener - The element ---> By.id: lastName was found
16:09:35 INFO  application.MyListener - Start find element by -----> By.id: email
16:09:35 INFO  application.MyListener - The element ---> By.id: email was found
16:09:35 INFO  application.MyListener - Start find element by -----> By.id: password
16:09:35 INFO  application.MyListener - The element ---> By.id: password was found
16:09:36 INFO  application.MyListener - Start find element by -----> By.xpath: //button[@type='submit']
16:09:36 INFO  application.MyListener - The element ---> By.xpath: //button[@type='submit'] was found
16:09:36 INFO  application.MyListener - Start find element by -----> By.cssSelector: .dialog-container h2
16:09:36 INFO  application.MyListener - The element ---> By.cssSelector: .dialog-container h2 was found
16:09:36 INFO  application.MyListener - Start find element by -----> By.xpath: //button[.='Ok']
16:09:36 INFO  application.MyListener - The element ---> By.xpath: //button[.='Ok'] was found
16:09:36 INFO  application.MyListener - Start find element by -----> By.xpath: //button[.='Ok']
16:09:36 INFO  application.MyListener - The element ---> By.xpath: //button[.='Ok'] was found
16:09:36 INFO  tests.TestBase - End of test --> registrationPositiveTestModel
16:09:36 INFO  tests.TestBase - Start method: searchDateBySelectAnyMonth
16:09:36 INFO  application.MyListener - Start find element by -----> By.xpath: //h1[text()='Find your car now!']
16:09:41 INFO  application.MyListener - The element ---> By.xpath: //h1[text()='Find your car now!'] was found
16:09:41 INFO  application.MyListener - Start find element by -----> By.xpath: //a[text()=' Search '] 
16:09:41 INFO  application.MyListener - The element ---> By.xpath: //a[text()=' Search ']  was found
16:09:41 INFO  application.MyListener - Start find element by -----> By.id: city
16:09:41 INFO  application.MyListener - The element ---> By.id: city was found
16:09:41 INFO  application.MyListener - Start find element by -----> By.cssSelector: .pac-item
16:09:42 INFO  application.MyListener - The element ---> By.cssSelector: .pac-item was found
16:09:42 INFO  application.MyListener - Start find element by -----> By.id: dates
16:09:42 INFO  application.MyListener - The element ---> By.id: dates was found
16:09:43 INFO  application.MyListener - Start find element by -----> By.xpath: //div[text()=' 22 ']
16:09:43 INFO  application.MyListener - The element ---> By.xpath: //div[text()=' 22 '] was found
16:09:43 INFO  application.MyListener - Start find element by -----> By.xpath: //button[@aria-label='Next month']
16:09:43 INFO  application.MyListener - The element ---> By.xpath: //button[@aria-label='Next month'] was found
16:09:43 INFO  application.MyListener - Start find element by -----> By.xpath: //button[@aria-label='Next month']
16:09:43 INFO  application.MyListener - The element ---> By.xpath: //button[@aria-label='Next month'] was found
16:09:43 INFO  application.MyListener - Start find element by -----> By.xpath: //div[text()=' 29 ']
16:09:43 INFO  application.MyListener - The element ---> By.xpath: //div[text()=' 29 '] was found
16:09:43 INFO  application.MyListener - Start find element by -----> By.xpath: //button[@type='submit']
16:09:43 INFO  application.MyListener - The element ---> By.xpath: //button[@type='submit'] was found
16:09:43 INFO  application.MyListener - Start find element by -----> By.cssSelector: .search-results
16:09:43 INFO  application.MyListener - The element ---> By.cssSelector: .search-results was found
16:09:43 INFO  tests.TestBase - Chosen date in future: from current day and until one year forward only
16:09:43 INFO  tests.TestBase - End of test --> searchDateBySelectAnyMonth
16:09:43 INFO  tests.TestBase - Start method: searchDateBySelectCurrentMonth
16:09:43 INFO  application.MyListener - Start find element by -----> By.xpath: //h1[text()='Find your car now!']
16:09:43 INFO  application.MyListener - The element ---> By.xpath: //h1[text()='Find your car now!'] was found
16:09:43 INFO  application.MyListener - Start find element by -----> By.id: city
16:09:44 INFO  application.MyListener - The element ---> By.id: city was found
16:09:44 INFO  application.MyListener - Start find element by -----> By.cssSelector: .pac-item
16:09:44 INFO  application.MyListener - The element ---> By.cssSelector: .pac-item was found
16:09:44 INFO  application.MyListener - Start find element by -----> By.id: dates
16:09:49 INFO  application.MyListener - The element ---> By.id: dates was found
16:09:49 INFO  application.MyListener - Start find element by -----> By.cssSelector: [formcontrolname='dates']
16:09:50 INFO  application.MyListener - The element ---> By.cssSelector: [formcontrolname='dates'] was found
16:09:50 INFO  application.MyListener - Start find element by -----> By.xpath: //div[text()=' 25 ']
16:09:50 INFO  application.MyListener - The element ---> By.xpath: //div[text()=' 25 '] was found
16:09:50 INFO  application.MyListener - Start find element by -----> By.xpath: //div[text()=' 30 ']
16:09:50 INFO  application.MyListener - The element ---> By.xpath: //div[text()=' 30 '] was found
16:09:50 INFO  application.MyListener - Start find element by -----> By.xpath: //button[@type='submit']
16:09:50 INFO  application.MyListener - The element ---> By.xpath: //button[@type='submit'] was found
16:09:50 INFO  application.MyListener - Start find element by -----> By.cssSelector: .search-results
16:09:50 INFO  application.MyListener - The element ---> By.cssSelector: .search-results was found
16:09:50 INFO  tests.TestBase - Chosen date in current month of the year
16:09:50 INFO  tests.TestBase - End of test --> searchDateBySelectCurrentMonth
16:09:50 INFO  tests.TestBase - Start method: searchTestByType
16:09:50 INFO  application.MyListener - Start find element by -----> By.xpath: //h1[text()='Find your car now!']
16:09:50 INFO  application.MyListener - The element ---> By.xpath: //h1[text()='Find your car now!'] was found
16:09:50 INFO  tests.TestBase - End of test --> searchTestByType
16:09:50 INFO  tests.TestBase - Start method: searchTestByTypeNegative
16:09:50 INFO  application.MyListener - Start find element by -----> By.xpath: //h1[text()='Find your car now!']
16:09:50 INFO  application.MyListener - The element ---> By.xpath: //h1[text()='Find your car now!'] was found
16:09:50 INFO  tests.TestBase - End of test --> searchTestByTypeNegative
