21:21:15 INFO  tests.TestBase - Start method: rentCarWithLogin
21:21:15 INFO  application.MyListener - Start find element by -----> By.xpath: //a[text()=' Logout ']
21:21:20 INFO  application.MyListener - The element ---> By.xpath: //a[text()=' Logout '] was found
21:21:20 INFO  application.MyListener - Start find element by -----> By.xpath: //div[@class='header']/a[6]
21:21:20 INFO  application.MyListener - The element ---> By.xpath: //div[@class='header']/a[6] was found
21:21:20 INFO  application.MyListener - Start find element by -----> By.xpath: //input[@formcontrolname='email']
21:21:20 INFO  application.MyListener - The element ---> By.xpath: //input[@formcontrolname='email'] was found
21:21:20 INFO  application.MyListener - Start find element by -----> By.xpath: //input[@formcontrolname='password']
21:21:20 INFO  application.MyListener - The element ---> By.xpath: //input[@formcontrolname='password'] was found
21:21:20 INFO  application.MyListener - Start find element by -----> By.xpath: //button[@type='submit']
21:21:20 INFO  application.MyListener - The element ---> By.xpath: //button[@type='submit'] was found
21:21:20 INFO  application.MyListener - Start find element by -----> By.xpath: //button[.='Ok']
21:21:21 INFO  application.MyListener - The element ---> By.xpath: //button[.='Ok'] was found
21:21:21 INFO  application.MyListener - Start find element by -----> By.xpath: //button[.='Ok']
21:21:21 INFO  application.MyListener - The element ---> By.xpath: //button[.='Ok'] was found
21:21:21 INFO  application.MyListener - Start find element by -----> By.id: city
21:21:21 INFO  application.MyListener - The element ---> By.id: city was found
21:21:22 INFO  application.MyListener - Start find element by -----> By.cssSelector: .pac-item
21:21:22 INFO  application.MyListener - The element ---> By.cssSelector: .pac-item was found
21:21:22 INFO  application.MyListener - Start find element by -----> By.id: dates
21:21:22 INFO  application.MyListener - The element ---> By.id: dates was found
21:21:22 INFO  application.MyListener - Start find element by -----> By.xpath: //button[@aria-label='Next month']
21:21:22 INFO  application.MyListener - The element ---> By.xpath: //button[@aria-label='Next month'] was found
21:21:22 INFO  application.MyListener - Start find element by -----> By.xpath: //div[text()=' 1 ']
21:21:22 INFO  application.MyListener - The element ---> By.xpath: //div[text()=' 1 '] was found
21:21:22 INFO  application.MyListener - Start find element by -----> By.xpath: //div[text()=' 12 ']
21:21:22 INFO  application.MyListener - The element ---> By.xpath: //div[text()=' 12 '] was found
21:21:22 INFO  application.MyListener - Start find element by -----> By.xpath: //button[@type='submit']
21:21:22 INFO  application.MyListener - The element ---> By.xpath: //button[@type='submit'] was found
21:21:23 INFO  application.MyListener - Start find element by -----> By.xpath: //a[contains(@href, '990')]
21:21:25 INFO  application.MyListener - The element ---> By.xpath: //a[contains(@href, '990')] was found
21:21:29 INFO  application.MyListener - Start find element by -----> By.xpath: //button[text()='Rent now!! ']
21:21:29 INFO  application.MyListener - The element ---> By.xpath: //button[text()='Rent now!! '] was found
21:21:29 INFO  application.MyListener - Start find element by -----> By.id: firstName
21:21:29 INFO  application.MyListener - The element ---> By.id: firstName was found
21:21:29 INFO  application.MyListener - Start find element by -----> By.id: secondName
21:21:29 INFO  application.MyListener - The element ---> By.id: secondName was found
21:21:30 INFO  application.MyListener - Start find element by -----> By.id: email
21:21:30 INFO  application.MyListener - The element ---> By.id: email was found
21:21:30 INFO  application.MyListener - Start find element by -----> By.id: phone
21:21:30 INFO  application.MyListener - The element ---> By.id: phone was found
21:21:30 INFO  application.MyListener - Start find element by -----> By.xpath: //button[@type='submit']
21:21:30 INFO  application.MyListener - The element ---> By.xpath: //button[@type='submit'] was found
21:21:30 INFO  application.MyListener - Start find element by -----> By.className: message
21:21:32 INFO  application.MyListener - The element ---> By.className: message was found
21:21:32 INFO  application.MyListener - Start find element by -----> By.className: positive-button
21:21:32 INFO  application.MyListener - The element ---> By.className: positive-button was found
21:21:32 INFO  tests.TestBase - End of test --> rentCarWithLogin
