15:05:31 INFO  tests.TestBase - Start method: loginSuccess
15:05:31 INFO  application.MyListener - Start find element by -----> By.xpath: //a[text()=' Logout ']
15:05:36 INFO  application.MyListener - The element ---> By.xpath: //a[text()=' Logout '] was found
15:05:36 INFO  tests.TestBase - Login with email: slavka.lenetz@gmail.com &  password Ilcarro123
15:05:36 INFO  application.MyListener - Start find element by -----> By.xpath: //div[@class='header']/a[6]
15:05:36 INFO  application.MyListener - The element ---> By.xpath: //div[@class='header']/a[6] was found
15:05:36 INFO  application.MyListener - Start find element by -----> By.xpath: //input[@formcontrolname='email']
15:05:36 INFO  application.MyListener - The element ---> By.xpath: //input[@formcontrolname='email'] was found
15:05:37 INFO  application.MyListener - Start find element by -----> By.xpath: //input[@formcontrolname='password']
15:05:37 INFO  application.MyListener - The element ---> By.xpath: //input[@formcontrolname='password'] was found
15:05:37 INFO  application.MyListener - Start find element by -----> By.xpath: //button[@type='submit']
15:05:37 INFO  application.MyListener - The element ---> By.xpath: //button[@type='submit'] was found
15:05:37 INFO  application.MyListener - Start find element by -----> By.id: #mat-dialog-2
15:05:42 INFO  application.MyListener - The element ---> By.id: #mat-dialog-2 was found
15:05:42 INFO  application.MyListener - Start find element by -----> By.xpath: //a[text()=' Logout ']
15:05:42 INFO  application.MyListener - The element ---> By.xpath: //a[text()=' Logout '] was found
15:05:42 INFO  application.MyListener - Start find element by -----> By.xpath: //a[text()=' Logout ']
15:05:42 INFO  application.MyListener - The element ---> By.xpath: //a[text()=' Logout '] was found
15:05:43 INFO  application.MyListener - We have a trouble ---> element click intercepted: Element <a _ngcontent-nni-c25="" class="navigation-link ng-star-inserted" href="/logout?url=%2Fsearch">...</a> is not clickable at point (1471, 34). Other element would receive the click: <div class="cdk-overlay-backdrop cdk-overlay-dark-backdrop cdk-overlay-backdrop-showing"></div>
  (Session info: chrome=94.0.4606.81)
Build info: version: '3.141.59', revision: 'e82be7d358', time: '2018-11-14T08:17:03'
System info: host: 'DESKTOP-LINCIVQ', ip: '10.0.0.8', os.name: 'Windows 10', os.arch: 'amd64', os.version: '10.0', java.version: '11.0.12'
Driver info: org.openqa.selenium.chrome.ChromeDriver
Capabilities {acceptInsecureCerts: false, browserName: chrome, browserVersion: 94.0.4606.81, chrome: {chromedriverVersion: 93.0.4577.15 (660fc11082ba5..., userDataDir: C:\Users\Slava\AppData\Loca...}, goog:chromeOptions: {debuggerAddress: localhost:64681}, javascriptEnabled: true, networkConnectionEnabled: false, pageLoadStrategy: normal, platform: WINDOWS, platformName: WINDOWS, proxy: Proxy(), setWindowRect: true, strictFileInteractability: false, timeouts: {implicit: 0, pageLoad: 300000, script: 30000}, unhandledPromptBehavior: dismiss and notify, webauthn:extension:credBlob: true, webauthn:extension:largeBlob: true, webauthn:virtualAuthenticators: true}
Session ID: ccdb01073f17c958156ea0e4d5523995
15:05:43 INFO  tests.TestBase - End of test --> loginSuccess
