15:33:14 INFO  tests.TestBase - Start method: registrationNegativeTest
15:33:14 INFO  application.MyListener - Start find element by -----> By.xpath: //a[text()=' Logout ']
15:33:19 INFO  application.MyListener - The element ---> By.xpath: //a[text()=' Logout '] was found
15:33:19 INFO  application.MyListener - Start find element by -----> By.xpath: //a[text()=' Sign up ']
15:33:19 INFO  application.MyListener - The element ---> By.xpath: //a[text()=' Sign up '] was found
15:33:20 INFO  application.MyListener - Start find element by -----> By.id: name
15:33:20 INFO  application.MyListener - The element ---> By.id: name was found
15:33:20 INFO  application.MyListener - Start find element by -----> By.id: lastName
15:33:20 INFO  application.MyListener - The element ---> By.id: lastName was found
15:33:20 INFO  application.MyListener - Start find element by -----> By.id: email
15:33:20 INFO  application.MyListener - The element ---> By.id: email was found
15:33:20 INFO  application.MyListener - Start find element by -----> By.id: password
15:33:20 INFO  application.MyListener - The element ---> By.id: password was found
15:33:20 INFO  application.MyListener - Start find element by -----> By.xpath: //div[text()='Wrong email format']
15:33:20 INFO  application.MyListener - The element ---> By.xpath: //div[text()='Wrong email format'] was found
15:33:20 INFO  application.MyListener - Start find element by -----> By.xpath: //button[@type='submit']
15:33:20 INFO  application.MyListener - The element ---> By.xpath: //button[@type='submit'] was found
15:33:20 INFO  application.MyListener - Start find element by -----> By.xpath: //button[.='Ok']
15:33:25 INFO  application.MyListener - The element ---> By.xpath: //button[.='Ok'] was found
15:33:25 INFO  tests.TestBase - End of test --> registrationNegativeTest
15:33:25 INFO  tests.TestBase - Start method: registrationPositiveTest
15:33:25 INFO  application.MyListener - Start find element by -----> By.xpath: //a[text()=' Logout ']
15:33:30 INFO  application.MyListener - The element ---> By.xpath: //a[text()=' Logout '] was found
15:33:30 INFO  application.MyListener - Start find element by -----> By.xpath: //a[text()=' Sign up ']
15:33:30 INFO  application.MyListener - The element ---> By.xpath: //a[text()=' Sign up '] was found
15:33:30 INFO  application.MyListener - Start find element by -----> By.id: name
15:33:30 INFO  application.MyListener - The element ---> By.id: name was found
15:33:30 INFO  application.MyListener - Start find element by -----> By.id: lastName
15:33:31 INFO  application.MyListener - The element ---> By.id: lastName was found
15:33:31 INFO  application.MyListener - Start find element by -----> By.id: email
15:33:31 INFO  application.MyListener - The element ---> By.id: email was found
15:33:31 INFO  application.MyListener - Start find element by -----> By.id: password
15:33:31 INFO  application.MyListener - The element ---> By.id: password was found
15:33:31 INFO  application.MyListener - Start find element by -----> By.xpath: //button[@type='submit']
15:33:31 INFO  application.MyListener - The element ---> By.xpath: //button[@type='submit'] was found
15:33:31 INFO  application.MyListener - Start find element by -----> By.cssSelector: .dialog-container h2
15:33:31 INFO  application.MyListener - The element ---> By.cssSelector: .dialog-container h2 was found
15:33:31 INFO  application.MyListener - Start find element by -----> By.xpath: //button[.='Ok']
15:33:31 INFO  application.MyListener - The element ---> By.xpath: //button[.='Ok'] was found
15:33:31 INFO  application.MyListener - Start find element by -----> By.xpath: //button[.='Ok']
15:33:32 INFO  application.MyListener - The element ---> By.xpath: //button[.='Ok'] was found
15:33:32 INFO  tests.TestBase - End of test --> registrationPositiveTest
15:33:32 INFO  tests.TestBase - Start method: registrationPositiveTestModel
15:33:32 INFO  application.MyListener - Start find element by -----> By.xpath: //a[text()=' Logout ']
15:33:32 INFO  application.MyListener - The element ---> By.xpath: //a[text()=' Logout '] was found
15:33:32 INFO  application.MyListener - Start find element by -----> By.xpath: //a[text()=' Logout ']
15:33:32 INFO  application.MyListener - The element ---> By.xpath: //a[text()=' Logout '] was found
15:33:32 INFO  tests.TestBase - TestData: name:Lis LastName: SnowEmail: snow2012@gmail.com Password: Lis2012ndy123
15:33:32 INFO  application.MyListener - Start find element by -----> By.xpath: //a[text()=' Sign up ']
15:33:32 INFO  application.MyListener - The element ---> By.xpath: //a[text()=' Sign up '] was found
15:33:32 INFO  application.MyListener - Start find element by -----> By.id: name
15:33:32 INFO  application.MyListener - The element ---> By.id: name was found
15:33:32 INFO  application.MyListener - Start find element by -----> By.id: lastName
15:33:32 INFO  application.MyListener - The element ---> By.id: lastName was found
15:33:32 INFO  application.MyListener - Start find element by -----> By.id: email
15:33:32 INFO  application.MyListener - The element ---> By.id: email was found
15:33:32 INFO  application.MyListener - Start find element by -----> By.id: password
15:33:32 INFO  application.MyListener - The element ---> By.id: password was found
15:33:32 INFO  application.MyListener - Start find element by -----> By.xpath: //button[@type='submit']
15:33:32 INFO  application.MyListener - The element ---> By.xpath: //button[@type='submit'] was found
15:33:32 INFO  application.MyListener - Start find element by -----> By.cssSelector: .dialog-container h2
15:33:33 INFO  application.MyListener - The element ---> By.cssSelector: .dialog-container h2 was found
15:33:33 INFO  application.MyListener - Start find element by -----> By.xpath: //button[.='Ok']
15:33:33 INFO  application.MyListener - The element ---> By.xpath: //button[.='Ok'] was found
15:33:33 INFO  application.MyListener - Start find element by -----> By.xpath: //button[.='Ok']
15:33:33 INFO  application.MyListener - The element ---> By.xpath: //button[.='Ok'] was found
15:33:33 INFO  tests.TestBase - End of test --> registrationPositiveTestModel
