11:05:38 INFO  tests.TestBase - Start method: addNewCarSuccess
11:05:38 INFO  application.MyListener - Start find element by -----> By.xpath: //a[text()=' Log in ']
11:05:38 INFO  application.MyListener - The element ---> By.xpath: //a[text()=' Log in '] was found
11:05:38 INFO  application.MyListener - Start find element by -----> By.xpath: //div[@class='header']/a[6]
11:05:38 INFO  application.MyListener - The element ---> By.xpath: //div[@class='header']/a[6] was found
11:05:38 INFO  application.MyListener - Start find element by -----> By.xpath: //input[@formcontrolname='email']
11:05:38 INFO  application.MyListener - The element ---> By.xpath: //input[@formcontrolname='email'] was found
11:05:39 INFO  application.MyListener - Start find element by -----> By.xpath: //input[@formcontrolname='password']
11:05:39 INFO  application.MyListener - The element ---> By.xpath: //input[@formcontrolname='password'] was found
11:05:40 INFO  application.MyListener - Start find element by -----> By.xpath: //button[@type='submit']
11:05:40 INFO  application.MyListener - The element ---> By.xpath: //button[@type='submit'] was found
11:05:40 INFO  application.MyListener - Start find element by -----> By.xpath: //a[@href='/let-car-work']
11:05:40 INFO  application.MyListener - The element ---> By.xpath: //a[@href='/let-car-work'] was found
11:05:40 INFO  application.MyListener - Start find element by -----> By.id: pickUpPlace
11:05:40 INFO  application.MyListener - The element ---> By.id: pickUpPlace was found
11:05:41 INFO  application.MyListener - Start find element by -----> By.cssSelector: div.pac-item
11:05:41 INFO  application.MyListener - The element ---> By.cssSelector: div.pac-item was found
11:05:41 INFO  application.MyListener - Start find element by -----> By.id: make
11:05:41 INFO  application.MyListener - The element ---> By.id: make was found
11:05:41 INFO  application.MyListener - Start find element by -----> By.id: model
11:05:41 INFO  application.MyListener - The element ---> By.id: model was found
11:05:42 INFO  application.MyListener - Start find element by -----> By.id: year
11:05:42 INFO  application.MyListener - The element ---> By.id: year was found
11:05:42 INFO  application.MyListener - Start find element by -----> By.id: engine
11:05:42 INFO  application.MyListener - The element ---> By.id: engine was found
11:05:42 INFO  application.MyListener - Start find element by -----> By.id: fuel
11:05:42 INFO  application.MyListener - The element ---> By.id: fuel was found
11:05:42 INFO  application.MyListener - Start find element by -----> By.xpath: .//option[normalize-space(.) = "Petrol"]
11:05:42 INFO  application.MyListener - The element ---> By.xpath: .//option[normalize-space(.) = "Petrol"] was found
11:05:42 INFO  application.MyListener - Start find element by -----> By.id: gear
11:05:42 INFO  application.MyListener - The element ---> By.id: gear was found
11:05:42 INFO  application.MyListener - Start find element by -----> By.xpath: .//option[normalize-space(.) = "MT"]
11:05:42 INFO  application.MyListener - The element ---> By.xpath: .//option[normalize-space(.) = "MT"] was found
11:05:42 INFO  application.MyListener - Start find element by -----> By.id: wheelsDrive
11:05:42 INFO  application.MyListener - The element ---> By.id: wheelsDrive was found
11:05:42 INFO  application.MyListener - Start find element by -----> By.xpath: .//option[normalize-space(.) = "AWD"]
11:05:42 INFO  application.MyListener - The element ---> By.xpath: .//option[normalize-space(.) = "AWD"] was found
11:05:42 INFO  application.MyListener - Start find element by -----> By.id: doors
11:05:42 INFO  application.MyListener - The element ---> By.id: doors was found
11:05:42 INFO  application.MyListener - Start find element by -----> By.id: seats
11:05:42 INFO  application.MyListener - The element ---> By.id: seats was found
11:05:42 INFO  application.MyListener - Start find element by -----> By.id: class
11:05:42 INFO  application.MyListener - The element ---> By.id: class was found
11:05:43 INFO  application.MyListener - Start find element by -----> By.id: fuelConsumption
11:05:43 INFO  application.MyListener - The element ---> By.id: fuelConsumption was found
11:05:43 INFO  application.MyListener - Start find element by -----> By.id: serialNumber
11:05:43 INFO  application.MyListener - The element ---> By.id: serialNumber was found
11:05:43 INFO  application.MyListener - Start find element by -----> By.id: price
11:05:43 INFO  application.MyListener - The element ---> By.id: price was found
11:05:43 INFO  application.MyListener - Start find element by -----> By.id: distance
11:05:43 INFO  application.MyListener - The element ---> By.id: distance was found
11:05:43 INFO  application.MyListener - Start find element by -----> By.className: feature-input
11:05:43 INFO  application.MyListener - The element ---> By.className: feature-input was found
11:05:43 INFO  application.MyListener - Start find element by -----> By.id: about
11:05:43 INFO  application.MyListener - The element ---> By.id: about was found
11:05:43 INFO  application.MyListener - Start find element by -----> By.id: photos
11:05:43 INFO  application.MyListener - The element ---> By.id: photos was found
11:05:44 INFO  application.MyListener - Start find element by -----> By.xpath: //button[.='Submit']
11:05:44 INFO  application.MyListener - The element ---> By.xpath: //button[.='Submit'] was found
11:05:44 INFO  application.MyListener - Start find element by -----> By.xpath: //button[.='Submit']
11:05:44 INFO  application.MyListener - The element ---> By.xpath: //button[.='Submit'] was found
11:05:45 INFO  application.MyListener - Start find element by -----> By.xpath: //button[.='Submit']
11:05:45 INFO  application.MyListener - The element ---> By.xpath: //button[.='Submit'] was found
11:05:45 INFO  application.MyListener - Start find element by -----> By.xpath: //button[.='Submit']
11:05:45 INFO  application.MyListener - The element ---> By.xpath: //button[.='Submit'] was found
11:05:46 INFO  application.MyListener - Start find element by -----> By.xpath: //button[.='Submit']
11:05:46 INFO  application.MyListener - The element ---> By.xpath: //button[.='Submit'] was found
11:05:46 INFO  application.MyListener - Start find element by -----> By.xpath: //h1[text()='Car added']
11:05:47 INFO  application.MyListener - The element ---> By.xpath: //h1[text()='Car added'] was found
11:05:47 INFO  application.MyListener - Start find element by -----> By.xpath: //button[text()='Show car']
11:05:47 INFO  application.MyListener - The element ---> By.xpath: //button[text()='Show car'] was found
11:05:47 INFO  tests.TestBase - End of test --> addNewCarSuccess
11:05:47 INFO  tests.TestBase - Start method: loginSuccess
11:05:47 INFO  application.MyListener - Start find element by -----> By.xpath: //a[text()=' Logout ']
11:05:47 INFO  application.MyListener - The element ---> By.xpath: //a[text()=' Logout '] was found
11:05:47 INFO  application.MyListener - Start find element by -----> By.xpath: //a[text()=' Logout ']
11:05:47 INFO  application.MyListener - The element ---> By.xpath: //a[text()=' Logout '] was found
11:05:47 INFO  tests.TestBase - Login with email: slavka.lenetz@gmail.com &  password Ilcarro123
11:05:47 INFO  application.MyListener - Start find element by -----> By.xpath: //div[@class='header']/a[6]
11:05:47 INFO  application.MyListener - The element ---> By.xpath: //div[@class='header']/a[6] was found
11:05:47 INFO  application.MyListener - Start find element by -----> By.xpath: //input[@formcontrolname='email']
11:05:47 INFO  application.MyListener - The element ---> By.xpath: //input[@formcontrolname='email'] was found
11:05:48 INFO  application.MyListener - Start find element by -----> By.xpath: //input[@formcontrolname='password']
11:05:48 INFO  application.MyListener - The element ---> By.xpath: //input[@formcontrolname='password'] was found
11:05:48 INFO  application.MyListener - Start find element by -----> By.xpath: //button[@type='submit']
11:05:48 INFO  application.MyListener - The element ---> By.xpath: //button[@type='submit'] was found
11:05:48 INFO  application.MyListener - Start find element by -----> By.cssSelector: .dialog-container h2
11:05:48 INFO  application.MyListener - The element ---> By.cssSelector: .dialog-container h2 was found
11:05:48 INFO  application.MyListener - Start find element by -----> By.xpath: //button[text()='Ok']
11:05:48 INFO  application.MyListener - The element ---> By.xpath: //button[text()='Ok'] was found
11:05:48 INFO  application.MyListener - Start find element by -----> By.xpath: //a[text()=' Logout ']
11:05:48 INFO  application.MyListener - The element ---> By.xpath: //a[text()=' Logout '] was found
11:05:48 INFO  application.MyListener - Start find element by -----> By.xpath: //a[text()=' Logout ']
11:05:48 INFO  application.MyListener - The element ---> By.xpath: //a[text()=' Logout '] was found
11:05:48 INFO  tests.TestBase - End of test --> loginSuccess
11:05:48 INFO  tests.TestBase - Start method: loginSuccessModel
11:05:48 INFO  application.MyListener - Start find element by -----> By.xpath: //a[text()=' Logout ']
11:05:53 INFO  application.MyListener - The element ---> By.xpath: //a[text()=' Logout '] was found
11:05:53 INFO  application.MyListener - Start find element by -----> By.xpath: //div[@class='header']/a[6]
11:05:53 INFO  application.MyListener - The element ---> By.xpath: //div[@class='header']/a[6] was found
11:05:54 INFO  application.MyListener - Start find element by -----> By.xpath: //input[@formcontrolname='email']
11:05:54 INFO  application.MyListener - The element ---> By.xpath: //input[@formcontrolname='email'] was found
11:05:54 INFO  application.MyListener - Start find element by -----> By.xpath: //input[@formcontrolname='password']
11:05:54 INFO  application.MyListener - The element ---> By.xpath: //input[@formcontrolname='password'] was found
11:05:55 INFO  application.MyListener - Start find element by -----> By.xpath: //button[@type='submit']
11:05:55 INFO  application.MyListener - The element ---> By.xpath: //button[@type='submit'] was found
11:05:55 INFO  application.MyListener - Start find element by -----> By.cssSelector: .dialog-container h2
11:05:55 INFO  application.MyListener - The element ---> By.cssSelector: .dialog-container h2 was found
11:05:55 INFO  application.MyListener - Start find element by -----> By.xpath: //button[text()='Ok']
11:05:55 INFO  application.MyListener - The element ---> By.xpath: //button[text()='Ok'] was found
11:05:55 INFO  application.MyListener - Start find element by -----> By.xpath: //a[text()=' Logout ']
11:05:55 INFO  application.MyListener - The element ---> By.xpath: //a[text()=' Logout '] was found
11:05:55 INFO  application.MyListener - Start find element by -----> By.xpath: //a[text()=' Logout ']
11:05:55 INFO  application.MyListener - The element ---> By.xpath: //a[text()=' Logout '] was found
11:05:56 INFO  tests.TestBase - End of test --> loginSuccessModel
11:05:56 INFO  tests.TestBase - Start method: negativeLoginWrongPassword
11:05:56 INFO  application.MyListener - Start find element by -----> By.xpath: //a[text()=' Logout ']
11:06:01 INFO  application.MyListener - The element ---> By.xpath: //a[text()=' Logout '] was found
11:06:01 INFO  application.MyListener - Start find element by -----> By.xpath: //div[@class='header']/a[6]
11:06:01 INFO  application.MyListener - The element ---> By.xpath: //div[@class='header']/a[6] was found
11:06:01 INFO  application.MyListener - Start find element by -----> By.xpath: //input[@formcontrolname='email']
11:06:01 INFO  application.MyListener - The element ---> By.xpath: //input[@formcontrolname='email'] was found
11:06:01 INFO  application.MyListener - Start find element by -----> By.xpath: //input[@formcontrolname='password']
11:06:01 INFO  application.MyListener - The element ---> By.xpath: //input[@formcontrolname='password'] was found
11:06:02 INFO  application.MyListener - Start find element by -----> By.xpath: //button[@type='submit']
11:06:02 INFO  application.MyListener - The element ---> By.xpath: //button[@type='submit'] was found
11:06:02 INFO  application.MyListener - Start find element by -----> By.cssSelector: .dialog-container h2
11:06:03 INFO  application.MyListener - The element ---> By.cssSelector: .dialog-container h2 was found
11:06:03 INFO  application.MyListener - Start find element by -----> By.xpath: //button[text()='Ok']
11:06:03 INFO  application.MyListener - The element ---> By.xpath: //button[text()='Ok'] was found
11:06:03 INFO  application.MyListener - Start find element by -----> By.xpath: //a[text()=' Logout ']
11:06:08 INFO  application.MyListener - The element ---> By.xpath: //a[text()=' Logout '] was found
11:06:08 INFO  tests.TestBase - End of test --> negativeLoginWrongPassword
11:06:08 INFO  tests.TestBase - Start method: registrationNegativeTest
11:06:08 INFO  application.MyListener - Start find element by -----> By.xpath: //a[text()=' Logout ']
11:06:13 INFO  application.MyListener - The element ---> By.xpath: //a[text()=' Logout '] was found
11:06:13 INFO  application.MyListener - Start find element by -----> By.xpath: //a[text()=' Sign up ']
11:06:13 INFO  application.MyListener - The element ---> By.xpath: //a[text()=' Sign up '] was found
11:06:13 INFO  application.MyListener - Start find element by -----> By.id: name
11:06:13 INFO  application.MyListener - The element ---> By.id: name was found
11:06:13 INFO  application.MyListener - Start find element by -----> By.id: lastName
11:06:13 INFO  application.MyListener - The element ---> By.id: lastName was found
11:06:13 INFO  application.MyListener - Start find element by -----> By.id: email
11:06:13 INFO  application.MyListener - The element ---> By.id: email was found
11:06:13 INFO  application.MyListener - Start find element by -----> By.id: password
11:06:13 INFO  application.MyListener - The element ---> By.id: password was found
11:06:14 INFO  application.MyListener - Start find element by -----> By.xpath: //div[@class='error']
11:06:19 INFO  application.MyListener - The element ---> By.xpath: //div[@class='error'] was found
11:06:19 INFO  application.MyListener - Start find element by -----> By.xpath: //button[.='Ok']
11:06:24 INFO  application.MyListener - The element ---> By.xpath: //button[.='Ok'] was found
11:06:24 INFO  tests.TestBase - End of test --> registrationNegativeTest
11:06:24 INFO  tests.TestBase - Start method: registrationPositiveTest
11:06:24 INFO  application.MyListener - Start find element by -----> By.xpath: //a[text()=' Logout ']
11:06:29 INFO  application.MyListener - The element ---> By.xpath: //a[text()=' Logout '] was found
11:06:29 INFO  application.MyListener - Start find element by -----> By.xpath: //a[text()=' Sign up ']
11:06:29 INFO  application.MyListener - The element ---> By.xpath: //a[text()=' Sign up '] was found
11:06:29 INFO  application.MyListener - Start find element by -----> By.id: name
11:06:29 INFO  application.MyListener - The element ---> By.id: name was found
11:06:29 INFO  application.MyListener - Start find element by -----> By.id: lastName
11:06:29 INFO  application.MyListener - The element ---> By.id: lastName was found
11:06:29 INFO  application.MyListener - Start find element by -----> By.id: email
11:06:29 INFO  application.MyListener - The element ---> By.id: email was found
11:06:29 INFO  application.MyListener - Start find element by -----> By.id: password
11:06:29 INFO  application.MyListener - The element ---> By.id: password was found
11:06:29 INFO  application.MyListener - Start find element by -----> By.xpath: //button[@type='submit']
11:06:29 INFO  application.MyListener - The element ---> By.xpath: //button[@type='submit'] was found
11:06:29 INFO  application.MyListener - Start find element by -----> By.cssSelector: .dialog-container h2
11:06:30 INFO  application.MyListener - The element ---> By.cssSelector: .dialog-container h2 was found
11:06:30 INFO  application.MyListener - Start find element by -----> By.xpath: //button[.='Ok']
11:06:30 INFO  application.MyListener - The element ---> By.xpath: //button[.='Ok'] was found
11:06:30 INFO  application.MyListener - Start find element by -----> By.xpath: //button[.='Ok']
11:06:30 INFO  application.MyListener - The element ---> By.xpath: //button[.='Ok'] was found
11:06:30 INFO  tests.TestBase - End of test --> registrationPositiveTest
11:06:30 INFO  tests.TestBase - Start method: registrationPositiveTest2
11:06:30 INFO  application.MyListener - Start find element by -----> By.xpath: //a[text()=' Logout ']
11:06:30 INFO  application.MyListener - The element ---> By.xpath: //a[text()=' Logout '] was found
11:06:30 INFO  application.MyListener - Start find element by -----> By.xpath: //a[text()=' Logout ']
11:06:30 INFO  application.MyListener - The element ---> By.xpath: //a[text()=' Logout '] was found
11:06:30 INFO  application.MyListener - Start find element by -----> By.xpath: //a[text()=' Sign up ']
11:06:30 INFO  application.MyListener - The element ---> By.xpath: //a[text()=' Sign up '] was found
11:06:30 INFO  application.MyListener - Start find element by -----> By.id: name
11:06:30 INFO  application.MyListener - The element ---> By.id: name was found
11:06:30 INFO  application.MyListener - Start find element by -----> By.id: lastName
11:06:30 INFO  application.MyListener - The element ---> By.id: lastName was found
11:06:31 INFO  application.MyListener - Start find element by -----> By.id: email
11:06:31 INFO  application.MyListener - The element ---> By.id: email was found
11:06:31 INFO  application.MyListener - Start find element by -----> By.id: password
11:06:31 INFO  application.MyListener - The element ---> By.id: password was found
11:06:31 INFO  application.MyListener - Start find element by -----> By.xpath: //button[@type='submit']
11:06:31 INFO  application.MyListener - The element ---> By.xpath: //button[@type='submit'] was found
11:06:31 INFO  application.MyListener - Start find element by -----> By.cssSelector: .dialog-container h2
11:06:31 INFO  application.MyListener - The element ---> By.cssSelector: .dialog-container h2 was found
11:06:31 INFO  application.MyListener - Start find element by -----> By.xpath: //button[.='Ok']
11:06:31 INFO  application.MyListener - The element ---> By.xpath: //button[.='Ok'] was found
11:06:31 INFO  application.MyListener - Start find element by -----> By.xpath: //button[.='Ok']
11:06:31 INFO  application.MyListener - The element ---> By.xpath: //button[.='Ok'] was found
11:06:31 INFO  tests.TestBase - End of test --> registrationPositiveTest2
11:06:31 INFO  tests.TestBase - Start method: registrationPositiveTestModel
11:06:31 INFO  application.MyListener - Start find element by -----> By.xpath: //a[text()=' Logout ']
11:06:31 INFO  application.MyListener - The element ---> By.xpath: //a[text()=' Logout '] was found
11:06:31 INFO  application.MyListener - Start find element by -----> By.xpath: //a[text()=' Logout ']
11:06:31 INFO  application.MyListener - The element ---> By.xpath: //a[text()=' Logout '] was found
11:06:32 INFO  tests.TestBase - TestData: name:Lis LastName: SnowEmail: snow392@gmail.com Password: Lis392ndy123
11:06:32 INFO  application.MyListener - Start find element by -----> By.xpath: //a[text()=' Sign up ']
11:06:32 INFO  application.MyListener - The element ---> By.xpath: //a[text()=' Sign up '] was found
11:06:32 INFO  application.MyListener - Start find element by -----> By.id: name
11:06:32 INFO  application.MyListener - The element ---> By.id: name was found
11:06:32 INFO  application.MyListener - Start find element by -----> By.id: lastName
11:06:32 INFO  application.MyListener - The element ---> By.id: lastName was found
11:06:32 INFO  application.MyListener - Start find element by -----> By.id: email
11:06:32 INFO  application.MyListener - The element ---> By.id: email was found
11:06:32 INFO  application.MyListener - Start find element by -----> By.id: password
11:06:32 INFO  application.MyListener - The element ---> By.id: password was found
11:06:32 INFO  application.MyListener - Start find element by -----> By.xpath: //button[@type='submit']
11:06:32 INFO  application.MyListener - The element ---> By.xpath: //button[@type='submit'] was found
11:06:32 INFO  application.MyListener - Start find element by -----> By.cssSelector: .dialog-container h2
11:06:33 INFO  application.MyListener - The element ---> By.cssSelector: .dialog-container h2 was found
11:06:33 INFO  application.MyListener - Start find element by -----> By.xpath: //button[.='Ok']
11:06:33 INFO  application.MyListener - The element ---> By.xpath: //button[.='Ok'] was found
11:06:33 INFO  application.MyListener - Start find element by -----> By.xpath: //button[.='Ok']
11:06:33 INFO  application.MyListener - The element ---> By.xpath: //button[.='Ok'] was found
11:06:33 INFO  tests.TestBase - End of test --> registrationPositiveTestModel
11:06:33 INFO  tests.TestBase - Start method: searchDateBySelectAnyMonth
11:06:33 INFO  application.MyListener - Start find element by -----> By.xpath: //h1[text()='Find your car now!']
11:06:38 INFO  application.MyListener - We have a trouble ---> no such element: Unable to locate element: {"method":"xpath","selector":"//h1[text()='Find your car now!']"}
  (Session info: chrome=94.0.4606.81)
For documentation on this error, please visit: https://www.seleniumhq.org/exceptions/no_such_element.html
Build info: version: '3.141.59', revision: 'e82be7d358', time: '2018-11-14T08:17:03'
System info: host: 'DESKTOP-LINCIVQ', ip: '10.0.0.8', os.name: 'Windows 10', os.arch: 'amd64', os.version: '10.0', java.version: '11.0.12'
Driver info: org.openqa.selenium.chrome.ChromeDriver
Capabilities {acceptInsecureCerts: false, browserName: chrome, browserVersion: 94.0.4606.81, chrome: {chromedriverVersion: 93.0.4577.15 (660fc11082ba5..., userDataDir: C:\Users\Slava\AppData\Loca...}, goog:chromeOptions: {debuggerAddress: localhost:62614}, javascriptEnabled: true, networkConnectionEnabled: false, pageLoadStrategy: normal, platform: WINDOWS, platformName: WINDOWS, proxy: Proxy(), setWindowRect: true, strictFileInteractability: false, timeouts: {implicit: 0, pageLoad: 300000, script: 30000}, unhandledPromptBehavior: dismiss and notify, webauthn:extension:credBlob: true, webauthn:extension:largeBlob: true, webauthn:virtualAuthenticators: true}
Session ID: 595aebddacbd6fca7835740ef9d322bc
*** Element info: {Using=xpath, value=//h1[text()='Find your car now!']}
11:06:38 INFO  tests.TestBase - End of test --> searchDateBySelectAnyMonth
11:06:38 INFO  tests.TestBase - End of test --> searchDateBySelectCurrentMonth
11:06:38 INFO  tests.TestBase - End of test --> searchTestByType
11:06:38 INFO  tests.TestBase - End of test --> searchTestByTypeNegative
