10:38:45 INFO  tests.TestBase - Start method: addNewCarSuccess
10:38:45 INFO  application.MyListener - Start find element by -----> By.xpath: //a[text()=' Log in ']
10:38:45 INFO  application.MyListener - The element ---> By.xpath: //a[text()=' Log in '] was found
10:38:45 INFO  application.MyListener - Start find element by -----> By.xpath: //div[@class='header']/a[6]
10:38:45 INFO  application.MyListener - The element ---> By.xpath: //div[@class='header']/a[6] was found
10:38:45 INFO  application.MyListener - Start find element by -----> By.xpath: //input[@formcontrolname='email']
10:38:45 INFO  application.MyListener - The element ---> By.xpath: //input[@formcontrolname='email'] was found
10:38:46 INFO  application.MyListener - Start find element by -----> By.xpath: //input[@formcontrolname='password']
10:38:46 INFO  application.MyListener - The element ---> By.xpath: //input[@formcontrolname='password'] was found
10:38:47 INFO  application.MyListener - Start find element by -----> By.xpath: //button[@type='submit']
10:38:47 INFO  application.MyListener - The element ---> By.xpath: //button[@type='submit'] was found
10:38:47 INFO  application.MyListener - Start find element by -----> By.xpath: //a[@href='/let-car-work']
10:38:47 INFO  application.MyListener - The element ---> By.xpath: //a[@href='/let-car-work'] was found
10:38:47 INFO  application.MyListener - Start find element by -----> By.id: pickUpPlace
10:38:47 INFO  application.MyListener - The element ---> By.id: pickUpPlace was found
10:38:48 INFO  application.MyListener - Start find element by -----> By.cssSelector: div.pac-item
10:38:48 INFO  application.MyListener - The element ---> By.cssSelector: div.pac-item was found
10:38:48 INFO  application.MyListener - Start find element by -----> By.id: make
10:38:48 INFO  application.MyListener - The element ---> By.id: make was found
10:38:48 INFO  application.MyListener - Start find element by -----> By.id: model
10:38:48 INFO  application.MyListener - The element ---> By.id: model was found
10:38:49 INFO  application.MyListener - Start find element by -----> By.id: year
10:38:49 INFO  application.MyListener - The element ---> By.id: year was found
10:38:49 INFO  application.MyListener - Start find element by -----> By.id: engine
10:38:49 INFO  application.MyListener - The element ---> By.id: engine was found
10:38:49 INFO  application.MyListener - Start find element by -----> By.id: fuel
10:38:49 INFO  application.MyListener - The element ---> By.id: fuel was found
10:38:49 INFO  application.MyListener - Start find element by -----> By.xpath: .//option[normalize-space(.) = "Petrol"]
10:38:49 INFO  application.MyListener - The element ---> By.xpath: .//option[normalize-space(.) = "Petrol"] was found
10:38:49 INFO  application.MyListener - Start find element by -----> By.id: gear
10:38:49 INFO  application.MyListener - The element ---> By.id: gear was found
10:38:49 INFO  application.MyListener - Start find element by -----> By.xpath: .//option[normalize-space(.) = "MT"]
10:38:49 INFO  application.MyListener - The element ---> By.xpath: .//option[normalize-space(.) = "MT"] was found
10:38:49 INFO  application.MyListener - Start find element by -----> By.id: wheelsDrive
10:38:49 INFO  application.MyListener - The element ---> By.id: wheelsDrive was found
10:38:49 INFO  application.MyListener - Start find element by -----> By.xpath: .//option[normalize-space(.) = "AWD"]
10:38:49 INFO  application.MyListener - The element ---> By.xpath: .//option[normalize-space(.) = "AWD"] was found
10:38:49 INFO  application.MyListener - Start find element by -----> By.id: doors
10:38:49 INFO  application.MyListener - The element ---> By.id: doors was found
10:38:49 INFO  application.MyListener - Start find element by -----> By.id: seats
10:38:49 INFO  application.MyListener - The element ---> By.id: seats was found
10:38:49 INFO  application.MyListener - Start find element by -----> By.id: class
10:38:49 INFO  application.MyListener - The element ---> By.id: class was found
10:38:50 INFO  application.MyListener - Start find element by -----> By.id: fuelConsumption
10:38:50 INFO  application.MyListener - The element ---> By.id: fuelConsumption was found
10:38:50 INFO  application.MyListener - Start find element by -----> By.id: serialNumber
10:38:50 INFO  application.MyListener - The element ---> By.id: serialNumber was found
10:38:50 INFO  application.MyListener - Start find element by -----> By.id: price
10:38:50 INFO  application.MyListener - The element ---> By.id: price was found
10:38:50 INFO  application.MyListener - Start find element by -----> By.id: distance
10:38:50 INFO  application.MyListener - The element ---> By.id: distance was found
10:38:50 INFO  application.MyListener - Start find element by -----> By.className: feature-input
10:38:50 INFO  application.MyListener - The element ---> By.className: feature-input was found
10:38:50 INFO  application.MyListener - Start find element by -----> By.id: about
10:38:50 INFO  application.MyListener - The element ---> By.id: about was found
10:38:50 INFO  application.MyListener - Start find element by -----> By.id: photos
10:38:50 INFO  application.MyListener - The element ---> By.id: photos was found
10:38:51 INFO  application.MyListener - Start find element by -----> By.xpath: //button[.='Submit']
10:38:51 INFO  application.MyListener - The element ---> By.xpath: //button[.='Submit'] was found
10:38:51 INFO  application.MyListener - Start find element by -----> By.xpath: //button[.='Submit']
10:38:51 INFO  application.MyListener - The element ---> By.xpath: //button[.='Submit'] was found
10:38:52 INFO  application.MyListener - Start find element by -----> By.xpath: //button[.='Submit']
10:38:52 INFO  application.MyListener - The element ---> By.xpath: //button[.='Submit'] was found
10:38:52 INFO  application.MyListener - Start find element by -----> By.xpath: //button[.='Submit']
10:38:52 INFO  application.MyListener - The element ---> By.xpath: //button[.='Submit'] was found
10:38:53 INFO  application.MyListener - Start find element by -----> By.xpath: //button[.='Submit']
10:38:53 INFO  application.MyListener - The element ---> By.xpath: //button[.='Submit'] was found
10:38:53 INFO  application.MyListener - Start find element by -----> By.xpath: //button[.='Submit']
10:38:53 INFO  application.MyListener - The element ---> By.xpath: //button[.='Submit'] was found
10:38:53 INFO  application.MyListener - Start find element by -----> By.xpath: //h1[text()='Car added']
10:38:55 INFO  application.MyListener - The element ---> By.xpath: //h1[text()='Car added'] was found
10:38:55 INFO  application.MyListener - Start find element by -----> By.xpath: //button[text()='Show car']
10:38:55 INFO  application.MyListener - The element ---> By.xpath: //button[text()='Show car'] was found
10:38:55 INFO  tests.TestBase - End of test --> addNewCarSuccess
10:38:55 INFO  tests.TestBase - Start method: loginSuccess
10:38:55 INFO  application.MyListener - Start find element by -----> By.xpath: //a[text()=' Logout ']
10:38:55 INFO  application.MyListener - The element ---> By.xpath: //a[text()=' Logout '] was found
10:38:55 INFO  application.MyListener - Start find element by -----> By.xpath: //a[text()=' Logout ']
10:38:55 INFO  application.MyListener - The element ---> By.xpath: //a[text()=' Logout '] was found
10:38:55 INFO  tests.TestBase - Login with email: slavka.lenetz@gmail.com &  password Ilcarro123
10:38:55 INFO  application.MyListener - Start find element by -----> By.xpath: //div[@class='header']/a[6]
10:38:55 INFO  application.MyListener - The element ---> By.xpath: //div[@class='header']/a[6] was found
10:38:55 INFO  application.MyListener - Start find element by -----> By.xpath: //input[@formcontrolname='email']
10:38:55 INFO  application.MyListener - The element ---> By.xpath: //input[@formcontrolname='email'] was found
10:38:55 INFO  application.MyListener - Start find element by -----> By.xpath: //input[@formcontrolname='password']
10:38:55 INFO  application.MyListener - The element ---> By.xpath: //input[@formcontrolname='password'] was found
10:38:55 INFO  application.MyListener - Start find element by -----> By.xpath: //button[@type='submit']
10:38:55 INFO  application.MyListener - The element ---> By.xpath: //button[@type='submit'] was found
10:38:56 INFO  application.MyListener - Start find element by -----> By.cssSelector: .dialog-container h2
10:38:57 INFO  application.MyListener - The element ---> By.cssSelector: .dialog-container h2 was found
10:38:57 INFO  application.MyListener - Start find element by -----> By.xpath: //button[text()='Ok']
10:38:57 INFO  application.MyListener - The element ---> By.xpath: //button[text()='Ok'] was found
10:38:57 INFO  application.MyListener - Start find element by -----> By.xpath: //a[text()=' Logout ']
10:38:57 INFO  application.MyListener - The element ---> By.xpath: //a[text()=' Logout '] was found
10:38:57 INFO  application.MyListener - Start find element by -----> By.xpath: //a[text()=' Logout ']
10:38:57 INFO  application.MyListener - The element ---> By.xpath: //a[text()=' Logout '] was found
10:38:57 INFO  tests.TestBase - End of test --> loginSuccess
10:38:57 INFO  tests.TestBase - Start method: loginSuccessModel
10:38:57 INFO  application.MyListener - Start find element by -----> By.xpath: //a[text()=' Logout ']
10:39:02 INFO  application.MyListener - The element ---> By.xpath: //a[text()=' Logout '] was found
10:39:02 INFO  application.MyListener - Start find element by -----> By.xpath: //div[@class='header']/a[6]
10:39:02 INFO  application.MyListener - The element ---> By.xpath: //div[@class='header']/a[6] was found
10:39:02 INFO  application.MyListener - Start find element by -----> By.xpath: //input[@formcontrolname='email']
10:39:02 INFO  application.MyListener - The element ---> By.xpath: //input[@formcontrolname='email'] was found
10:39:02 INFO  application.MyListener - Start find element by -----> By.xpath: //input[@formcontrolname='password']
10:39:02 INFO  application.MyListener - The element ---> By.xpath: //input[@formcontrolname='password'] was found
10:39:03 INFO  application.MyListener - Start find element by -----> By.xpath: //button[@type='submit']
10:39:03 INFO  application.MyListener - The element ---> By.xpath: //button[@type='submit'] was found
10:39:04 INFO  application.MyListener - Start find element by -----> By.cssSelector: .dialog-container h2
10:39:04 INFO  application.MyListener - The element ---> By.cssSelector: .dialog-container h2 was found
10:39:04 INFO  application.MyListener - Start find element by -----> By.xpath: //button[text()='Ok']
10:39:04 INFO  application.MyListener - The element ---> By.xpath: //button[text()='Ok'] was found
10:39:04 INFO  application.MyListener - Start find element by -----> By.xpath: //a[text()=' Logout ']
10:39:04 INFO  application.MyListener - The element ---> By.xpath: //a[text()=' Logout '] was found
10:39:04 INFO  application.MyListener - Start find element by -----> By.xpath: //a[text()=' Logout ']
10:39:04 INFO  application.MyListener - The element ---> By.xpath: //a[text()=' Logout '] was found
10:39:04 INFO  tests.TestBase - End of test --> loginSuccessModel
10:39:04 INFO  tests.TestBase - Start method: negativeLoginWrongPassword
10:39:04 INFO  application.MyListener - Start find element by -----> By.xpath: //a[text()=' Logout ']
10:39:09 INFO  application.MyListener - The element ---> By.xpath: //a[text()=' Logout '] was found
10:39:09 INFO  application.MyListener - Start find element by -----> By.xpath: //div[@class='header']/a[6]
10:39:09 INFO  application.MyListener - The element ---> By.xpath: //div[@class='header']/a[6] was found
10:39:09 INFO  application.MyListener - Start find element by -----> By.xpath: //input[@formcontrolname='email']
10:39:09 INFO  application.MyListener - The element ---> By.xpath: //input[@formcontrolname='email'] was found
10:39:10 INFO  application.MyListener - Start find element by -----> By.xpath: //input[@formcontrolname='password']
10:39:10 INFO  application.MyListener - The element ---> By.xpath: //input[@formcontrolname='password'] was found
10:39:11 INFO  application.MyListener - Start find element by -----> By.xpath: //button[@type='submit']
10:39:11 INFO  application.MyListener - The element ---> By.xpath: //button[@type='submit'] was found
10:39:11 INFO  application.MyListener - Start find element by -----> By.cssSelector: .dialog-container h2
10:39:11 INFO  application.MyListener - The element ---> By.cssSelector: .dialog-container h2 was found
10:39:11 INFO  application.MyListener - Start find element by -----> By.xpath: //button[text()='Ok']
10:39:11 INFO  application.MyListener - The element ---> By.xpath: //button[text()='Ok'] was found
10:39:11 INFO  application.MyListener - Start find element by -----> By.xpath: //a[text()=' Logout ']
10:39:16 INFO  application.MyListener - The element ---> By.xpath: //a[text()=' Logout '] was found
10:39:16 INFO  tests.TestBase - End of test --> negativeLoginWrongPassword
10:39:16 INFO  tests.TestBase - Start method: registrationNegativeTest
10:39:16 INFO  application.MyListener - Start find element by -----> By.xpath: //a[text()=' Logout ']
10:39:21 INFO  application.MyListener - The element ---> By.xpath: //a[text()=' Logout '] was found
10:39:21 INFO  application.MyListener - Start find element by -----> By.xpath: //a[text()=' Sign up ']
10:39:21 INFO  application.MyListener - The element ---> By.xpath: //a[text()=' Sign up '] was found
10:39:22 INFO  application.MyListener - Start find element by -----> By.id: name
10:39:22 INFO  application.MyListener - The element ---> By.id: name was found
10:39:22 INFO  application.MyListener - Start find element by -----> By.id: lastName
10:39:22 INFO  application.MyListener - The element ---> By.id: lastName was found
10:39:22 INFO  application.MyListener - Start find element by -----> By.id: email
10:39:22 INFO  application.MyListener - The element ---> By.id: email was found
10:39:22 INFO  application.MyListener - Start find element by -----> By.id: password
10:39:22 INFO  application.MyListener - The element ---> By.id: password was found
10:39:22 INFO  application.MyListener - Start find element by -----> By.xpath: //div[@class='error']
10:39:27 INFO  application.MyListener - The element ---> By.xpath: //div[@class='error'] was found
10:39:27 INFO  application.MyListener - Start find element by -----> By.xpath: //button[.='Ok']
10:39:32 INFO  application.MyListener - The element ---> By.xpath: //button[.='Ok'] was found
10:39:32 INFO  tests.TestBase - End of test --> registrationNegativeTest
10:39:32 INFO  tests.TestBase - Start method: registrationPositiveTest
10:39:32 INFO  application.MyListener - Start find element by -----> By.xpath: //a[text()=' Logout ']
10:39:37 INFO  application.MyListener - The element ---> By.xpath: //a[text()=' Logout '] was found
10:39:37 INFO  application.MyListener - Start find element by -----> By.xpath: //a[text()=' Sign up ']
10:39:37 INFO  application.MyListener - The element ---> By.xpath: //a[text()=' Sign up '] was found
10:39:37 INFO  application.MyListener - Start find element by -----> By.id: name
10:39:37 INFO  application.MyListener - The element ---> By.id: name was found
10:39:38 INFO  application.MyListener - Start find element by -----> By.id: lastName
10:39:38 INFO  application.MyListener - The element ---> By.id: lastName was found
10:39:38 INFO  application.MyListener - Start find element by -----> By.id: email
10:39:38 INFO  application.MyListener - The element ---> By.id: email was found
10:39:38 INFO  application.MyListener - Start find element by -----> By.id: password
10:39:38 INFO  application.MyListener - The element ---> By.id: password was found
10:39:38 INFO  application.MyListener - Start find element by -----> By.xpath: //button[@type='submit']
10:39:38 INFO  application.MyListener - The element ---> By.xpath: //button[@type='submit'] was found
10:39:38 INFO  application.MyListener - Start find element by -----> By.cssSelector: .dialog-container h2
10:39:39 INFO  application.MyListener - The element ---> By.cssSelector: .dialog-container h2 was found
10:39:39 INFO  application.MyListener - Start find element by -----> By.xpath: //button[.='Ok']
10:39:39 INFO  application.MyListener - The element ---> By.xpath: //button[.='Ok'] was found
10:39:39 INFO  application.MyListener - Start find element by -----> By.xpath: //button[.='Ok']
10:39:39 INFO  application.MyListener - The element ---> By.xpath: //button[.='Ok'] was found
10:39:39 INFO  tests.TestBase - End of test --> registrationPositiveTest
10:39:39 INFO  tests.TestBase - Start method: registrationPositiveTest2
10:39:39 INFO  application.MyListener - Start find element by -----> By.xpath: //a[text()=' Logout ']
10:39:39 INFO  application.MyListener - The element ---> By.xpath: //a[text()=' Logout '] was found
10:39:39 INFO  application.MyListener - Start find element by -----> By.xpath: //a[text()=' Logout ']
10:39:39 INFO  application.MyListener - The element ---> By.xpath: //a[text()=' Logout '] was found
10:39:39 INFO  application.MyListener - Start find element by -----> By.xpath: //a[text()=' Sign up ']
10:39:39 INFO  application.MyListener - The element ---> By.xpath: //a[text()=' Sign up '] was found
10:39:39 INFO  application.MyListener - Start find element by -----> By.id: name
10:39:39 INFO  application.MyListener - The element ---> By.id: name was found
10:39:39 INFO  application.MyListener - Start find element by -----> By.id: lastName
10:39:39 INFO  application.MyListener - The element ---> By.id: lastName was found
10:39:39 INFO  application.MyListener - Start find element by -----> By.id: email
10:39:39 INFO  application.MyListener - The element ---> By.id: email was found
10:39:39 INFO  application.MyListener - Start find element by -----> By.id: password
10:39:40 INFO  application.MyListener - The element ---> By.id: password was found
10:39:40 INFO  application.MyListener - Start find element by -----> By.xpath: //button[@type='submit']
10:39:40 INFO  application.MyListener - The element ---> By.xpath: //button[@type='submit'] was found
10:39:40 INFO  application.MyListener - Start find element by -----> By.cssSelector: .dialog-container h2
10:39:40 INFO  application.MyListener - The element ---> By.cssSelector: .dialog-container h2 was found
10:39:40 INFO  application.MyListener - Start find element by -----> By.xpath: //button[.='Ok']
10:39:40 INFO  application.MyListener - The element ---> By.xpath: //button[.='Ok'] was found
10:39:40 INFO  application.MyListener - Start find element by -----> By.xpath: //button[.='Ok']
10:39:40 INFO  application.MyListener - The element ---> By.xpath: //button[.='Ok'] was found
10:39:40 INFO  tests.TestBase - End of test --> registrationPositiveTest2
10:39:40 INFO  tests.TestBase - Start method: registrationPositiveTestModel
10:39:40 INFO  application.MyListener - Start find element by -----> By.xpath: //a[text()=' Logout ']
10:39:40 INFO  application.MyListener - The element ---> By.xpath: //a[text()=' Logout '] was found
10:39:40 INFO  application.MyListener - Start find element by -----> By.xpath: //a[text()=' Logout ']
10:39:40 INFO  application.MyListener - The element ---> By.xpath: //a[text()=' Logout '] was found
10:39:40 INFO  tests.TestBase - TestData: name:Lis LastName: SnowEmail: snow2380@gmail.com Password: Lis2380ndy123
10:39:40 INFO  application.MyListener - Start find element by -----> By.xpath: //a[text()=' Sign up ']
10:39:40 INFO  application.MyListener - The element ---> By.xpath: //a[text()=' Sign up '] was found
10:39:40 INFO  application.MyListener - Start find element by -----> By.id: name
10:39:41 INFO  application.MyListener - The element ---> By.id: name was found
10:39:41 INFO  application.MyListener - Start find element by -----> By.id: lastName
10:39:41 INFO  application.MyListener - The element ---> By.id: lastName was found
10:39:41 INFO  application.MyListener - Start find element by -----> By.id: email
10:39:41 INFO  application.MyListener - The element ---> By.id: email was found
10:39:41 INFO  application.MyListener - Start find element by -----> By.id: password
10:39:41 INFO  application.MyListener - The element ---> By.id: password was found
10:39:41 INFO  application.MyListener - Start find element by -----> By.xpath: //button[@type='submit']
10:39:41 INFO  application.MyListener - The element ---> By.xpath: //button[@type='submit'] was found
10:39:41 INFO  application.MyListener - Start find element by -----> By.cssSelector: .dialog-container h2
10:39:42 INFO  application.MyListener - The element ---> By.cssSelector: .dialog-container h2 was found
10:39:42 INFO  application.MyListener - Start find element by -----> By.xpath: //button[.='Ok']
10:39:42 INFO  application.MyListener - The element ---> By.xpath: //button[.='Ok'] was found
10:39:42 INFO  application.MyListener - Start find element by -----> By.xpath: //button[.='Ok']
10:39:42 INFO  application.MyListener - The element ---> By.xpath: //button[.='Ok'] was found
10:39:42 INFO  tests.TestBase - End of test --> registrationPositiveTestModel
10:39:42 INFO  tests.TestBase - Start method: searchDateBySelectAnyMonth
10:39:42 INFO  application.MyListener - Start find element by -----> By.id: city
10:39:47 INFO  application.MyListener - We have a trouble ---> no such element: Unable to locate element: {"method":"css selector","selector":"#city"}
  (Session info: chrome=94.0.4606.81)
For documentation on this error, please visit: https://www.seleniumhq.org/exceptions/no_such_element.html
Build info: version: '3.141.59', revision: 'e82be7d358', time: '2018-11-14T08:17:03'
System info: host: 'DESKTOP-LINCIVQ', ip: '10.0.0.8', os.name: 'Windows 10', os.arch: 'amd64', os.version: '10.0', java.version: '11.0.12'
Driver info: org.openqa.selenium.chrome.ChromeDriver
Capabilities {acceptInsecureCerts: false, browserName: chrome, browserVersion: 94.0.4606.81, chrome: {chromedriverVersion: 93.0.4577.15 (660fc11082ba5..., userDataDir: C:\Users\Slava\AppData\Loca...}, goog:chromeOptions: {debuggerAddress: localhost:53361}, javascriptEnabled: true, networkConnectionEnabled: false, pageLoadStrategy: normal, platform: WINDOWS, platformName: WINDOWS, proxy: Proxy(), setWindowRect: true, strictFileInteractability: false, timeouts: {implicit: 0, pageLoad: 300000, script: 30000}, unhandledPromptBehavior: dismiss and notify, webauthn:extension:credBlob: true, webauthn:extension:largeBlob: true, webauthn:virtualAuthenticators: true}
Session ID: 117352c08d377d5b6f5fa2eee01b965e
*** Element info: {Using=id, value=city}
10:39:47 INFO  tests.TestBase - End of test --> searchDateBySelectAnyMonth
10:39:47 INFO  tests.TestBase - Start method: searchDateBySelectCurrentMonth
10:39:47 INFO  application.MyListener - Start find element by -----> By.id: city
10:39:52 INFO  application.MyListener - We have a trouble ---> no such element: Unable to locate element: {"method":"css selector","selector":"#city"}
  (Session info: chrome=94.0.4606.81)
For documentation on this error, please visit: https://www.seleniumhq.org/exceptions/no_such_element.html
Build info: version: '3.141.59', revision: 'e82be7d358', time: '2018-11-14T08:17:03'
System info: host: 'DESKTOP-LINCIVQ', ip: '10.0.0.8', os.name: 'Windows 10', os.arch: 'amd64', os.version: '10.0', java.version: '11.0.12'
Driver info: org.openqa.selenium.chrome.ChromeDriver
Capabilities {acceptInsecureCerts: false, browserName: chrome, browserVersion: 94.0.4606.81, chrome: {chromedriverVersion: 93.0.4577.15 (660fc11082ba5..., userDataDir: C:\Users\Slava\AppData\Loca...}, goog:chromeOptions: {debuggerAddress: localhost:53361}, javascriptEnabled: true, networkConnectionEnabled: false, pageLoadStrategy: normal, platform: WINDOWS, platformName: WINDOWS, proxy: Proxy(), setWindowRect: true, strictFileInteractability: false, timeouts: {implicit: 0, pageLoad: 300000, script: 30000}, unhandledPromptBehavior: dismiss and notify, webauthn:extension:credBlob: true, webauthn:extension:largeBlob: true, webauthn:virtualAuthenticators: true}
Session ID: 117352c08d377d5b6f5fa2eee01b965e
*** Element info: {Using=id, value=city}
10:39:52 INFO  tests.TestBase - End of test --> searchDateBySelectCurrentMonth
10:39:52 INFO  tests.TestBase - Start method: searchTestByType
10:39:52 INFO  tests.TestBase - End of test --> searchTestByType
10:39:52 INFO  tests.TestBase - Start method: searchTestByTypeNegative
10:39:52 INFO  tests.TestBase - End of test --> searchTestByTypeNegative
