16:46:33 INFO  tests.TestBase - Start method: searchDateBySelectAnyMonth
16:46:33 INFO  application.MyListener - Start find element by -----> By.xpath: //h1[text()='Find your car now!']
16:46:33 INFO  application.MyListener - The element ---> By.xpath: //h1[text()='Find your car now!'] was found
16:46:33 INFO  application.MyListener - Start find element by -----> By.id: city
16:46:33 INFO  application.MyListener - The element ---> By.id: city was found
16:46:33 INFO  application.MyListener - Start find element by -----> By.cssSelector: .pac-item
16:46:34 INFO  application.MyListener - The element ---> By.cssSelector: .pac-item was found
16:46:34 INFO  application.MyListener - Start find element by -----> By.id: dates
16:46:34 INFO  application.MyListener - The element ---> By.id: dates was found
16:46:35 INFO  application.MyListener - Start find element by -----> By.xpath: //div[text()=' 22 ']
16:46:35 INFO  application.MyListener - The element ---> By.xpath: //div[text()=' 22 '] was found
16:46:35 INFO  application.MyListener - Start find element by -----> By.xpath: //button[@aria-label='Next month']
16:46:35 INFO  application.MyListener - The element ---> By.xpath: //button[@aria-label='Next month'] was found
16:46:35 INFO  application.MyListener - Start find element by -----> By.xpath: //button[@aria-label='Next month']
16:46:35 INFO  application.MyListener - The element ---> By.xpath: //button[@aria-label='Next month'] was found
16:46:35 INFO  application.MyListener - Start find element by -----> By.xpath: //div[text()=' 29 ']
16:46:35 INFO  application.MyListener - The element ---> By.xpath: //div[text()=' 29 '] was found
16:46:35 INFO  application.MyListener - Start find element by -----> By.xpath: //button[@type='submit']
16:46:35 INFO  application.MyListener - The element ---> By.xpath: //button[@type='submit'] was found
16:46:36 INFO  application.MyListener - Start find element by -----> By.cssSelector: .search-results
16:46:36 INFO  application.MyListener - The element ---> By.cssSelector: .search-results was found
16:46:36 INFO  tests.TestBase - Chosen date in future: from current day and until one year forward only
16:46:36 INFO  tests.TestBase - End of test --> searchDateBySelectAnyMonth
16:46:36 INFO  tests.TestBase - Start method: searchDateBySelectCurrentMonth
16:46:36 INFO  application.MyListener - Start find element by -----> By.xpath: //h1[text()='Find your car now!']
16:46:36 INFO  application.MyListener - The element ---> By.xpath: //h1[text()='Find your car now!'] was found
16:46:36 INFO  application.MyListener - Start find element by -----> By.id: city
16:46:36 INFO  application.MyListener - The element ---> By.id: city was found
16:46:36 INFO  application.MyListener - Start find element by -----> By.cssSelector: .pac-item
16:46:36 INFO  application.MyListener - The element ---> By.cssSelector: .pac-item was found
16:46:37 INFO  application.MyListener - Start find element by -----> By.id: dates
16:46:42 INFO  application.MyListener - The element ---> By.id: dates was found
16:46:42 INFO  application.MyListener - Start find element by -----> By.cssSelector: [formcontrolname='dates']
16:46:42 INFO  application.MyListener - The element ---> By.cssSelector: [formcontrolname='dates'] was found
16:46:42 INFO  application.MyListener - Start find element by -----> By.xpath: //div[text()=' 25 ']
16:46:42 INFO  application.MyListener - The element ---> By.xpath: //div[text()=' 25 '] was found
16:46:42 INFO  application.MyListener - Start find element by -----> By.xpath: //div[text()=' 30 ']
16:46:42 INFO  application.MyListener - The element ---> By.xpath: //div[text()=' 30 '] was found
16:46:42 INFO  application.MyListener - Start find element by -----> By.xpath: //button[@type='submit']
16:46:42 INFO  application.MyListener - The element ---> By.xpath: //button[@type='submit'] was found
16:46:43 INFO  application.MyListener - Start find element by -----> By.cssSelector: .search-results
16:46:43 INFO  application.MyListener - The element ---> By.cssSelector: .search-results was found
16:46:43 INFO  tests.TestBase - Chosen date in current month of the year
16:46:43 INFO  tests.TestBase - End of test --> searchDateBySelectCurrentMonth
16:46:43 INFO  tests.TestBase - Start method: searchTestByType
16:46:43 INFO  application.MyListener - Start find element by -----> By.xpath: //h1[text()='Find your car now!']
16:46:43 INFO  application.MyListener - The element ---> By.xpath: //h1[text()='Find your car now!'] was found
16:46:43 INFO  application.MyListener - Start find element by -----> By.id: city
16:46:43 INFO  application.MyListener - The element ---> By.id: city was found
16:46:43 INFO  application.MyListener - Start find element by -----> By.cssSelector: .pac-item
16:46:43 INFO  application.MyListener - The element ---> By.cssSelector: .pac-item was found
16:46:44 INFO  application.MyListener - Start find element by -----> By.id: dates
16:46:49 INFO  application.MyListener - We have a trouble ---> no such element: Unable to locate element: {"method":"css selector","selector":"#dates"}
  (Session info: chrome=94.0.4606.81)
For documentation on this error, please visit: https://www.seleniumhq.org/exceptions/no_such_element.html
Build info: version: '3.141.59', revision: 'e82be7d358', time: '2018-11-14T08:17:03'
System info: host: 'DESKTOP-LINCIVQ', ip: '10.0.0.8', os.name: 'Windows 10', os.arch: 'amd64', os.version: '10.0', java.version: '11.0.12'
Driver info: org.openqa.selenium.chrome.ChromeDriver
Capabilities {acceptInsecureCerts: false, browserName: chrome, browserVersion: 94.0.4606.81, chrome: {chromedriverVersion: 93.0.4577.15 (660fc11082ba5..., userDataDir: C:\Users\Slava\AppData\Loca...}, goog:chromeOptions: {debuggerAddress: localhost:49410}, javascriptEnabled: true, networkConnectionEnabled: false, pageLoadStrategy: normal, platform: WINDOWS, platformName: WINDOWS, proxy: Proxy(), setWindowRect: true, strictFileInteractability: false, timeouts: {implicit: 0, pageLoad: 300000, script: 30000}, unhandledPromptBehavior: dismiss and notify, webauthn:extension:credBlob: true, webauthn:extension:largeBlob: true, webauthn:virtualAuthenticators: true}
Session ID: 8a728fa02fbc96fb232a08797e0bd4ae
*** Element info: {Using=id, value=dates}
16:46:49 INFO  tests.TestBase - End of test --> searchTestByType
16:46:49 INFO  tests.TestBase - Start method: searchTestByTypeNegative
16:46:49 INFO  application.MyListener - Start find element by -----> By.xpath: //h1[text()='Find your car now!']
16:46:49 INFO  application.MyListener - The element ---> By.xpath: //h1[text()='Find your car now!'] was found
16:46:49 INFO  application.MyListener - Start find element by -----> By.id: city
16:46:49 INFO  application.MyListener - The element ---> By.id: city was found
16:46:49 INFO  application.MyListener - Start find element by -----> By.cssSelector: .pac-item
16:46:49 INFO  application.MyListener - The element ---> By.cssSelector: .pac-item was found
16:46:49 INFO  application.MyListener - Start find element by -----> By.id: dates
16:46:54 INFO  application.MyListener - We have a trouble ---> no such element: Unable to locate element: {"method":"css selector","selector":"#dates"}
  (Session info: chrome=94.0.4606.81)
For documentation on this error, please visit: https://www.seleniumhq.org/exceptions/no_such_element.html
Build info: version: '3.141.59', revision: 'e82be7d358', time: '2018-11-14T08:17:03'
System info: host: 'DESKTOP-LINCIVQ', ip: '10.0.0.8', os.name: 'Windows 10', os.arch: 'amd64', os.version: '10.0', java.version: '11.0.12'
Driver info: org.openqa.selenium.chrome.ChromeDriver
Capabilities {acceptInsecureCerts: false, browserName: chrome, browserVersion: 94.0.4606.81, chrome: {chromedriverVersion: 93.0.4577.15 (660fc11082ba5..., userDataDir: C:\Users\Slava\AppData\Loca...}, goog:chromeOptions: {debuggerAddress: localhost:49410}, javascriptEnabled: true, networkConnectionEnabled: false, pageLoadStrategy: normal, platform: WINDOWS, platformName: WINDOWS, proxy: Proxy(), setWindowRect: true, strictFileInteractability: false, timeouts: {implicit: 0, pageLoad: 300000, script: 30000}, unhandledPromptBehavior: dismiss and notify, webauthn:extension:credBlob: true, webauthn:extension:largeBlob: true, webauthn:virtualAuthenticators: true}
Session ID: 8a728fa02fbc96fb232a08797e0bd4ae
*** Element info: {Using=id, value=dates}
16:46:54 INFO  tests.TestBase - End of test --> searchTestByTypeNegative
