14:22:15 INFO  tests.TestBase - Start method: addNewCarSuccess
14:22:15 INFO  application.MyListener - Start find element by -----> By.xpath: //a[text()=' Log in ']
14:22:15 INFO  application.MyListener - The element ---> By.xpath: //a[text()=' Log in '] was found
14:22:15 INFO  application.MyListener - Start find element by -----> By.xpath: //div[@class='header']/a[6]
14:22:15 INFO  application.MyListener - The element ---> By.xpath: //div[@class='header']/a[6] was found
14:22:15 INFO  application.MyListener - Start find element by -----> By.xpath: //input[@formcontrolname='email']
14:22:15 INFO  application.MyListener - The element ---> By.xpath: //input[@formcontrolname='email'] was found
14:22:16 INFO  application.MyListener - Start find element by -----> By.xpath: //input[@formcontrolname='password']
14:22:16 INFO  application.MyListener - The element ---> By.xpath: //input[@formcontrolname='password'] was found
14:22:17 INFO  application.MyListener - Start find element by -----> By.xpath: //button[@type='submit']
14:22:17 INFO  application.MyListener - The element ---> By.xpath: //button[@type='submit'] was found
14:22:17 INFO  application.MyListener - Start find element by -----> By.xpath: //a[@href='/let-car-work']
14:22:17 INFO  application.MyListener - The element ---> By.xpath: //a[@href='/let-car-work'] was found
14:22:17 INFO  application.MyListener - Start find element by -----> By.id: pickUpPlace
14:22:17 INFO  application.MyListener - The element ---> By.id: pickUpPlace was found
14:22:18 INFO  application.MyListener - Start find element by -----> By.cssSelector: div.pac-item
14:22:18 INFO  application.MyListener - The element ---> By.cssSelector: div.pac-item was found
14:22:18 INFO  application.MyListener - Start find element by -----> By.id: make
14:22:18 INFO  application.MyListener - The element ---> By.id: make was found
14:22:18 INFO  application.MyListener - Start find element by -----> By.id: model
14:22:18 INFO  application.MyListener - The element ---> By.id: model was found
14:22:19 INFO  application.MyListener - Start find element by -----> By.id: year
14:22:19 INFO  application.MyListener - The element ---> By.id: year was found
14:22:19 INFO  application.MyListener - Start find element by -----> By.id: engine
14:22:19 INFO  application.MyListener - The element ---> By.id: engine was found
14:22:19 INFO  application.MyListener - Start find element by -----> By.id: fuel
14:22:19 INFO  application.MyListener - The element ---> By.id: fuel was found
14:22:19 INFO  application.MyListener - Start find element by -----> By.xpath: .//option[normalize-space(.) = "Petrol"]
14:22:19 INFO  application.MyListener - The element ---> By.xpath: .//option[normalize-space(.) = "Petrol"] was found
14:22:19 INFO  application.MyListener - Start find element by -----> By.id: gear
14:22:19 INFO  application.MyListener - The element ---> By.id: gear was found
14:22:19 INFO  application.MyListener - Start find element by -----> By.xpath: .//option[normalize-space(.) = "MT"]
14:22:19 INFO  application.MyListener - The element ---> By.xpath: .//option[normalize-space(.) = "MT"] was found
14:22:19 INFO  application.MyListener - Start find element by -----> By.id: wheelsDrive
14:22:19 INFO  application.MyListener - The element ---> By.id: wheelsDrive was found
14:22:19 INFO  application.MyListener - Start find element by -----> By.xpath: .//option[normalize-space(.) = "AWD"]
14:22:19 INFO  application.MyListener - The element ---> By.xpath: .//option[normalize-space(.) = "AWD"] was found
14:22:19 INFO  application.MyListener - Start find element by -----> By.id: doors
14:22:19 INFO  application.MyListener - The element ---> By.id: doors was found
14:22:19 INFO  application.MyListener - Start find element by -----> By.id: seats
14:22:19 INFO  application.MyListener - The element ---> By.id: seats was found
14:22:19 INFO  application.MyListener - Start find element by -----> By.id: class
14:22:19 INFO  application.MyListener - The element ---> By.id: class was found
14:22:20 INFO  application.MyListener - Start find element by -----> By.id: fuelConsumption
14:22:20 INFO  application.MyListener - The element ---> By.id: fuelConsumption was found
14:22:20 INFO  application.MyListener - Start find element by -----> By.id: serialNumber
14:22:20 INFO  application.MyListener - The element ---> By.id: serialNumber was found
14:22:20 INFO  application.MyListener - Start find element by -----> By.id: price
14:22:20 INFO  application.MyListener - The element ---> By.id: price was found
14:22:20 INFO  application.MyListener - Start find element by -----> By.id: distance
14:22:20 INFO  application.MyListener - The element ---> By.id: distance was found
14:22:20 INFO  application.MyListener - Start find element by -----> By.className: feature-input
14:22:20 INFO  application.MyListener - The element ---> By.className: feature-input was found
14:22:20 INFO  application.MyListener - Start find element by -----> By.id: about
14:22:20 INFO  application.MyListener - The element ---> By.id: about was found
14:22:20 INFO  application.MyListener - Start find element by -----> By.id: photos
14:22:20 INFO  application.MyListener - The element ---> By.id: photos was found
14:22:21 INFO  application.MyListener - Start find element by -----> By.xpath: //button[.='Submit']
14:22:21 INFO  application.MyListener - The element ---> By.xpath: //button[.='Submit'] was found
14:22:21 INFO  application.MyListener - Start find element by -----> By.xpath: //button[.='Submit']
14:22:21 INFO  application.MyListener - The element ---> By.xpath: //button[.='Submit'] was found
14:22:22 INFO  application.MyListener - Start find element by -----> By.xpath: //button[.='Submit']
14:22:22 INFO  application.MyListener - The element ---> By.xpath: //button[.='Submit'] was found
14:22:22 INFO  application.MyListener - Start find element by -----> By.xpath: //button[.='Submit']
14:22:22 INFO  application.MyListener - The element ---> By.xpath: //button[.='Submit'] was found
14:22:23 INFO  application.MyListener - Start find element by -----> By.xpath: //button[.='Submit']
14:22:23 INFO  application.MyListener - The element ---> By.xpath: //button[.='Submit'] was found
14:22:23 INFO  application.MyListener - Start find element by -----> By.xpath: //button[.='Submit']
14:22:23 INFO  application.MyListener - The element ---> By.xpath: //button[.='Submit'] was found
14:22:23 INFO  application.MyListener - Start find element by -----> By.xpath: //h1[text()='Car added']
14:22:25 INFO  application.MyListener - The element ---> By.xpath: //h1[text()='Car added'] was found
14:22:25 INFO  application.MyListener - Start find element by -----> By.xpath: //button[text()='Show car']
14:22:25 INFO  application.MyListener - The element ---> By.xpath: //button[text()='Show car'] was found
14:22:25 INFO  tests.TestBase - End of test --> addNewCarSuccess
14:22:25 INFO  tests.TestBase - Start method: loginSuccess
14:22:25 INFO  application.MyListener - Start find element by -----> By.xpath: //a[text()=' Logout ']
14:22:25 INFO  application.MyListener - The element ---> By.xpath: //a[text()=' Logout '] was found
14:22:25 INFO  application.MyListener - Start find element by -----> By.xpath: //a[text()=' Logout ']
14:22:25 INFO  application.MyListener - The element ---> By.xpath: //a[text()=' Logout '] was found
14:22:25 INFO  tests.TestBase - Login with email: slavka.lenetz@gmail.com &  password Ilcarro123
14:22:25 INFO  application.MyListener - Start find element by -----> By.xpath: //div[@class='header']/a[6]
14:22:25 INFO  application.MyListener - The element ---> By.xpath: //div[@class='header']/a[6] was found
14:22:25 INFO  application.MyListener - Start find element by -----> By.xpath: //input[@formcontrolname='email']
14:22:25 INFO  application.MyListener - The element ---> By.xpath: //input[@formcontrolname='email'] was found
14:22:25 INFO  application.MyListener - Start find element by -----> By.xpath: //input[@formcontrolname='password']
14:22:25 INFO  application.MyListener - The element ---> By.xpath: //input[@formcontrolname='password'] was found
14:22:25 INFO  application.MyListener - Start find element by -----> By.xpath: //button[@type='submit']
14:22:26 INFO  application.MyListener - The element ---> By.xpath: //button[@type='submit'] was found
14:22:26 INFO  application.MyListener - Start find element by -----> By.cssSelector: .dialog-container h2
14:22:26 INFO  application.MyListener - The element ---> By.cssSelector: .dialog-container h2 was found
14:22:26 INFO  application.MyListener - Start find element by -----> By.xpath: //button[text()='Ok']
14:22:26 INFO  application.MyListener - The element ---> By.xpath: //button[text()='Ok'] was found
14:22:26 INFO  application.MyListener - Start find element by -----> By.xpath: //a[text()=' Logout ']
14:22:26 INFO  application.MyListener - The element ---> By.xpath: //a[text()=' Logout '] was found
14:22:26 INFO  application.MyListener - Start find element by -----> By.xpath: //a[text()=' Logout ']
14:22:26 INFO  application.MyListener - The element ---> By.xpath: //a[text()=' Logout '] was found
14:22:26 INFO  tests.TestBase - End of test --> loginSuccess
14:22:26 INFO  tests.TestBase - Start method: loginSuccessModel
14:22:26 INFO  application.MyListener - Start find element by -----> By.xpath: //a[text()=' Logout ']
14:22:31 INFO  application.MyListener - The element ---> By.xpath: //a[text()=' Logout '] was found
14:22:31 INFO  application.MyListener - Start find element by -----> By.xpath: //div[@class='header']/a[6]
14:22:31 INFO  application.MyListener - The element ---> By.xpath: //div[@class='header']/a[6] was found
14:22:31 INFO  application.MyListener - Start find element by -----> By.xpath: //input[@formcontrolname='email']
14:22:31 INFO  application.MyListener - The element ---> By.xpath: //input[@formcontrolname='email'] was found
14:22:31 INFO  application.MyListener - Start find element by -----> By.xpath: //input[@formcontrolname='password']
14:22:32 INFO  application.MyListener - The element ---> By.xpath: //input[@formcontrolname='password'] was found
14:22:33 INFO  application.MyListener - Start find element by -----> By.xpath: //button[@type='submit']
14:22:33 INFO  application.MyListener - The element ---> By.xpath: //button[@type='submit'] was found
14:22:33 INFO  application.MyListener - Start find element by -----> By.cssSelector: .dialog-container h2
14:22:33 INFO  application.MyListener - The element ---> By.cssSelector: .dialog-container h2 was found
14:22:33 INFO  application.MyListener - Start find element by -----> By.xpath: //button[text()='Ok']
14:22:33 INFO  application.MyListener - The element ---> By.xpath: //button[text()='Ok'] was found
14:22:33 INFO  application.MyListener - Start find element by -----> By.xpath: //a[text()=' Logout ']
14:22:33 INFO  application.MyListener - The element ---> By.xpath: //a[text()=' Logout '] was found
14:22:33 INFO  application.MyListener - Start find element by -----> By.xpath: //a[text()=' Logout ']
14:22:33 INFO  application.MyListener - The element ---> By.xpath: //a[text()=' Logout '] was found
14:22:33 INFO  tests.TestBase - End of test --> loginSuccessModel
14:22:33 INFO  tests.TestBase - Start method: negativeLoginWrongPassword
14:22:33 INFO  application.MyListener - Start find element by -----> By.xpath: //a[text()=' Logout ']
14:22:38 INFO  application.MyListener - The element ---> By.xpath: //a[text()=' Logout '] was found
14:22:38 INFO  application.MyListener - Start find element by -----> By.xpath: //div[@class='header']/a[6]
14:22:38 INFO  application.MyListener - The element ---> By.xpath: //div[@class='header']/a[6] was found
14:22:39 INFO  application.MyListener - Start find element by -----> By.xpath: //input[@formcontrolname='email']
14:22:39 INFO  application.MyListener - The element ---> By.xpath: //input[@formcontrolname='email'] was found
14:22:39 INFO  application.MyListener - Start find element by -----> By.xpath: //input[@formcontrolname='password']
14:22:39 INFO  application.MyListener - The element ---> By.xpath: //input[@formcontrolname='password'] was found
14:22:40 INFO  application.MyListener - Start find element by -----> By.xpath: //button[@type='submit']
14:22:40 INFO  application.MyListener - The element ---> By.xpath: //button[@type='submit'] was found
14:22:40 INFO  application.MyListener - Start find element by -----> By.cssSelector: .dialog-container h2
14:22:40 INFO  application.MyListener - The element ---> By.cssSelector: .dialog-container h2 was found
14:22:40 INFO  application.MyListener - Start find element by -----> By.xpath: //button[text()='Ok']
14:22:40 INFO  application.MyListener - The element ---> By.xpath: //button[text()='Ok'] was found
14:22:40 INFO  application.MyListener - Start find element by -----> By.xpath: //a[text()=' Logout ']
14:22:46 INFO  application.MyListener - The element ---> By.xpath: //a[text()=' Logout '] was found
14:22:46 INFO  tests.TestBase - End of test --> negativeLoginWrongPassword
14:22:46 INFO  tests.TestBase - Start method: registrationNegativeTest
14:22:46 INFO  application.MyListener - Start find element by -----> By.xpath: //a[text()=' Logout ']
14:22:51 INFO  application.MyListener - The element ---> By.xpath: //a[text()=' Logout '] was found
14:22:51 INFO  application.MyListener - Start find element by -----> By.xpath: //a[text()=' Sign up ']
14:22:51 INFO  application.MyListener - The element ---> By.xpath: //a[text()=' Sign up '] was found
14:22:51 INFO  application.MyListener - Start find element by -----> By.id: name
14:22:51 INFO  application.MyListener - The element ---> By.id: name was found
14:22:51 INFO  application.MyListener - Start find element by -----> By.id: lastName
14:22:51 INFO  application.MyListener - The element ---> By.id: lastName was found
14:22:51 INFO  application.MyListener - Start find element by -----> By.id: email
14:22:51 INFO  application.MyListener - The element ---> By.id: email was found
14:22:51 INFO  application.MyListener - Start find element by -----> By.id: password
14:22:51 INFO  application.MyListener - The element ---> By.id: password was found
14:22:51 INFO  application.MyListener - Start find element by -----> By.xpath: //div[@class='error']
14:22:56 INFO  application.MyListener - The element ---> By.xpath: //div[@class='error'] was found
14:22:56 INFO  application.MyListener - Start find element by -----> By.xpath: //button[.='Ok']
14:23:01 INFO  application.MyListener - The element ---> By.xpath: //button[.='Ok'] was found
14:23:01 INFO  tests.TestBase - End of test --> registrationNegativeTest
14:23:01 INFO  tests.TestBase - Start method: registrationPositiveTest
14:23:01 INFO  application.MyListener - Start find element by -----> By.xpath: //a[text()=' Logout ']
14:23:06 INFO  application.MyListener - The element ---> By.xpath: //a[text()=' Logout '] was found
14:23:06 INFO  application.MyListener - Start find element by -----> By.xpath: //a[text()=' Sign up ']
14:23:06 INFO  application.MyListener - The element ---> By.xpath: //a[text()=' Sign up '] was found
14:23:07 INFO  application.MyListener - Start find element by -----> By.id: name
14:23:07 INFO  application.MyListener - The element ---> By.id: name was found
14:23:07 INFO  application.MyListener - Start find element by -----> By.id: lastName
14:23:07 INFO  application.MyListener - The element ---> By.id: lastName was found
14:23:07 INFO  application.MyListener - Start find element by -----> By.id: email
14:23:07 INFO  application.MyListener - The element ---> By.id: email was found
14:23:07 INFO  application.MyListener - Start find element by -----> By.id: password
14:23:07 INFO  application.MyListener - The element ---> By.id: password was found
14:23:07 INFO  application.MyListener - Start find element by -----> By.xpath: //button[@type='submit']
14:23:07 INFO  application.MyListener - The element ---> By.xpath: //button[@type='submit'] was found
14:23:07 INFO  application.MyListener - Start find element by -----> By.cssSelector: .dialog-container h2
14:23:08 INFO  application.MyListener - The element ---> By.cssSelector: .dialog-container h2 was found
14:23:08 INFO  application.MyListener - Start find element by -----> By.xpath: //button[.='Ok']
14:23:08 INFO  application.MyListener - The element ---> By.xpath: //button[.='Ok'] was found
14:23:08 INFO  application.MyListener - Start find element by -----> By.xpath: //button[.='Ok']
14:23:08 INFO  application.MyListener - The element ---> By.xpath: //button[.='Ok'] was found
14:23:08 INFO  tests.TestBase - End of test --> registrationPositiveTest
14:23:08 INFO  tests.TestBase - Start method: registrationPositiveTest2
14:23:08 INFO  application.MyListener - Start find element by -----> By.xpath: //a[text()=' Logout ']
14:23:08 INFO  application.MyListener - The element ---> By.xpath: //a[text()=' Logout '] was found
14:23:08 INFO  application.MyListener - Start find element by -----> By.xpath: //a[text()=' Logout ']
14:23:08 INFO  application.MyListener - The element ---> By.xpath: //a[text()=' Logout '] was found
14:23:08 INFO  application.MyListener - Start find element by -----> By.xpath: //a[text()=' Sign up ']
14:23:08 INFO  application.MyListener - The element ---> By.xpath: //a[text()=' Sign up '] was found
14:23:09 INFO  application.MyListener - Start find element by -----> By.id: name
14:23:09 INFO  application.MyListener - The element ---> By.id: name was found
14:23:09 INFO  application.MyListener - Start find element by -----> By.id: lastName
14:23:09 INFO  application.MyListener - The element ---> By.id: lastName was found
14:23:09 INFO  application.MyListener - Start find element by -----> By.id: email
14:23:09 INFO  application.MyListener - The element ---> By.id: email was found
14:23:09 INFO  application.MyListener - Start find element by -----> By.id: password
14:23:09 INFO  application.MyListener - The element ---> By.id: password was found
14:23:09 INFO  application.MyListener - Start find element by -----> By.xpath: //button[@type='submit']
14:23:09 INFO  application.MyListener - The element ---> By.xpath: //button[@type='submit'] was found
14:23:09 INFO  application.MyListener - Start find element by -----> By.cssSelector: .dialog-container h2
14:23:10 INFO  application.MyListener - The element ---> By.cssSelector: .dialog-container h2 was found
14:23:10 INFO  application.MyListener - Start find element by -----> By.xpath: //button[.='Ok']
14:23:10 INFO  application.MyListener - The element ---> By.xpath: //button[.='Ok'] was found
14:23:10 INFO  application.MyListener - Start find element by -----> By.xpath: //button[.='Ok']
14:23:10 INFO  application.MyListener - The element ---> By.xpath: //button[.='Ok'] was found
14:23:10 INFO  tests.TestBase - End of test --> registrationPositiveTest2
14:23:10 INFO  tests.TestBase - Start method: registrationPositiveTestModel
14:23:10 INFO  application.MyListener - Start find element by -----> By.xpath: //a[text()=' Logout ']
14:23:10 INFO  application.MyListener - The element ---> By.xpath: //a[text()=' Logout '] was found
14:23:10 INFO  application.MyListener - Start find element by -----> By.xpath: //a[text()=' Logout ']
14:23:10 INFO  application.MyListener - The element ---> By.xpath: //a[text()=' Logout '] was found
14:23:10 INFO  tests.TestBase - TestData: name:Lis LastName: SnowEmail: snow1390@gmail.com Password: Lis1390ndy123
14:23:10 INFO  application.MyListener - Start find element by -----> By.xpath: //a[text()=' Sign up ']
14:23:10 INFO  application.MyListener - The element ---> By.xpath: //a[text()=' Sign up '] was found
14:23:10 INFO  application.MyListener - Start find element by -----> By.id: name
14:23:10 INFO  application.MyListener - The element ---> By.id: name was found
14:23:10 INFO  application.MyListener - Start find element by -----> By.id: lastName
14:23:10 INFO  application.MyListener - The element ---> By.id: lastName was found
14:23:10 INFO  application.MyListener - Start find element by -----> By.id: email
14:23:10 INFO  application.MyListener - The element ---> By.id: email was found
14:23:10 INFO  application.MyListener - Start find element by -----> By.id: password
14:23:10 INFO  application.MyListener - The element ---> By.id: password was found
14:23:11 INFO  application.MyListener - Start find element by -----> By.xpath: //button[@type='submit']
14:23:11 INFO  application.MyListener - The element ---> By.xpath: //button[@type='submit'] was found
14:23:11 INFO  application.MyListener - Start find element by -----> By.cssSelector: .dialog-container h2
14:23:11 INFO  application.MyListener - The element ---> By.cssSelector: .dialog-container h2 was found
14:23:11 INFO  application.MyListener - Start find element by -----> By.xpath: //button[.='Ok']
14:23:11 INFO  application.MyListener - The element ---> By.xpath: //button[.='Ok'] was found
14:23:11 INFO  application.MyListener - Start find element by -----> By.xpath: //button[.='Ok']
14:23:11 INFO  application.MyListener - The element ---> By.xpath: //button[.='Ok'] was found
14:23:11 INFO  tests.TestBase - End of test --> registrationPositiveTestModel
14:23:11 INFO  tests.TestBase - Start method: searchDateBySelectAnyMonth
14:23:11 INFO  application.MyListener - Start find element by -----> By.xpath: //h1[text()='Find your car now!']
14:23:16 INFO  application.MyListener - We have a trouble ---> no such element: Unable to locate element: {"method":"xpath","selector":"//h1[text()='Find your car now!']"}
  (Session info: chrome=94.0.4606.81)
For documentation on this error, please visit: https://www.seleniumhq.org/exceptions/no_such_element.html
Build info: version: '3.141.59', revision: 'e82be7d358', time: '2018-11-14T08:17:03'
System info: host: 'DESKTOP-LINCIVQ', ip: '10.0.0.8', os.name: 'Windows 10', os.arch: 'amd64', os.version: '10.0', java.version: '11.0.12'
Driver info: org.openqa.selenium.chrome.ChromeDriver
Capabilities {acceptInsecureCerts: false, browserName: chrome, browserVersion: 94.0.4606.81, chrome: {chromedriverVersion: 93.0.4577.15 (660fc11082ba5..., userDataDir: C:\Users\Slava\AppData\Loca...}, goog:chromeOptions: {debuggerAddress: localhost:65480}, javascriptEnabled: true, networkConnectionEnabled: false, pageLoadStrategy: normal, platform: WINDOWS, platformName: WINDOWS, proxy: Proxy(), setWindowRect: true, strictFileInteractability: false, timeouts: {implicit: 0, pageLoad: 300000, script: 30000}, unhandledPromptBehavior: dismiss and notify, webauthn:extension:credBlob: true, webauthn:extension:largeBlob: true, webauthn:virtualAuthenticators: true}
Session ID: bb713af5e5a37d78085c2a215c2c9c17
*** Element info: {Using=xpath, value=//h1[text()='Find your car now!']}
14:23:16 INFO  tests.TestBase - End of test --> searchDateBySelectAnyMonth
14:23:16 INFO  tests.TestBase - End of test --> searchDateBySelectCurrentMonth
14:23:16 INFO  tests.TestBase - End of test --> searchTestByType
14:23:16 INFO  tests.TestBase - End of test --> searchTestByTypeNegative
