21:00:12 INFO  application.MyListener - Start find element by -----> By.xpath: //a[text()=' Logout ']
21:00:17 INFO  application.MyListener - The element ---> By.xpath: //a[text()=' Logout '] was found
21:00:17 INFO  application.MyListener - Start find element by -----> By.xpath: //a[text()=' Sign up ']
21:00:17 INFO  application.MyListener - The element ---> By.xpath: //a[text()=' Sign up '] was found
21:00:17 INFO  application.MyListener - Start find element by -----> By.id: name
21:00:17 INFO  application.MyListener - The element ---> By.id: name was found
21:00:17 INFO  application.MyListener - Start find element by -----> By.id: lastName
21:00:17 INFO  application.MyListener - The element ---> By.id: lastName was found
21:00:18 INFO  application.MyListener - Start find element by -----> By.id: email
21:00:18 INFO  application.MyListener - The element ---> By.id: email was found
21:00:18 INFO  application.MyListener - Start find element by -----> By.id: password
21:00:18 INFO  application.MyListener - The element ---> By.id: password was found
21:00:18 INFO  application.MyListener - Start find element by -----> By.xpath: //button[@type='submit']
21:00:18 INFO  application.MyListener - The element ---> By.xpath: //button[@type='submit'] was found
21:00:18 INFO  application.MyListener - Start find element by -----> By.cssSelector: .dialog-container h2
21:00:18 INFO  application.MyListener - The element ---> By.cssSelector: .dialog-container h2 was found
21:00:18 INFO  application.MyListener - Start find element by -----> By.xpath: //button[.='Ok']
21:00:19 INFO  application.MyListener - The element ---> By.xpath: //button[.='Ok'] was found
21:00:19 INFO  application.MyListener - Start find element by -----> By.xpath: //button[.='Ok']
21:00:19 INFO  application.MyListener - The element ---> By.xpath: //button[.='Ok'] was found
21:00:19 INFO  tests.TestBase - End of test --> registrationPositiveTest
21:00:19 INFO  application.MyListener - Start find element by -----> By.xpath: //a[text()=' Logout ']
21:00:19 INFO  application.MyListener - The element ---> By.xpath: //a[text()=' Logout '] was found
21:00:19 INFO  application.MyListener - Start find element by -----> By.xpath: //a[text()=' Logout ']
21:00:19 INFO  application.MyListener - The element ---> By.xpath: //a[text()=' Logout '] was found
21:00:19 INFO  tests.TestBase - Login with email: slavka.lenetz@gmail.com &  password Ilcarro123
21:00:19 INFO  application.MyListener - Start find element by -----> By.xpath: //div[@class='header']/a[6]
21:00:19 INFO  application.MyListener - The element ---> By.xpath: //div[@class='header']/a[6] was found
21:00:19 INFO  application.MyListener - Start find element by -----> By.xpath: //input[@formcontrolname='email']
21:00:19 INFO  application.MyListener - The element ---> By.xpath: //input[@formcontrolname='email'] was found
21:00:19 INFO  application.MyListener - Start find element by -----> By.xpath: //input[@formcontrolname='password']
21:00:19 INFO  application.MyListener - The element ---> By.xpath: //input[@formcontrolname='password'] was found
21:00:19 INFO  application.MyListener - Start find element by -----> By.xpath: //button[@type='submit']
21:00:19 INFO  application.MyListener - The element ---> By.xpath: //button[@type='submit'] was found
21:00:19 INFO  application.MyListener - Start find element by -----> By.cssSelector: .dialog-container h2
21:00:20 INFO  application.MyListener - The element ---> By.cssSelector: .dialog-container h2 was found
21:00:20 INFO  application.MyListener - Start find element by -----> By.xpath: //button[.='Ok']
21:00:20 INFO  application.MyListener - The element ---> By.xpath: //button[.='Ok'] was found
21:00:20 INFO  application.MyListener - Start find element by -----> By.xpath: //button[.='Ok']
21:00:20 INFO  application.MyListener - The element ---> By.xpath: //button[.='Ok'] was found
21:00:20 INFO  tests.TestBase - End of test --> loginSuccess
