20:48:41 INFO  application.ListenerNG - Method ---> addNewCarSuccess
20:48:41 INFO  application.ListenerNG - Method ---> loginSuccess
20:48:41 INFO  application.ListenerNG - Method ---> loginSuccessModel
20:48:41 INFO  application.ListenerNG - Method ---> negativeLoginWrongPassword
20:48:41 INFO  application.ListenerNG - Method ---> registrationNegativeTest
20:48:41 INFO  application.ListenerNG - Method ---> registrationPositiveTest
20:48:41 INFO  application.ListenerNG - Method ---> registrationPositiveTestModel
20:48:41 INFO  application.ListenerNG - Method ---> searchDateBySelectAnyMonth
20:48:41 INFO  application.ListenerNG - Method ---> searchDateBySelectCurrentMonth
20:48:41 INFO  application.ListenerNG - Method ---> searchTestByType
20:48:41 INFO  application.ListenerNG - Method ---> searchTestByTypeNegative
20:48:41 INFO  application.ListenerNG - Method ---> openGoogle
20:48:41 INFO  tests.TestBase - Start method: addNewCarSuccess
20:48:41 INFO  application.MyListener - Start find element by -----> By.xpath: //a[text()=' Log in ']
20:48:41 INFO  application.MyListener - The element ---> By.xpath: //a[text()=' Log in '] was found
20:48:41 INFO  application.MyListener - Start find element by -----> By.xpath: //div[@class='header']/a[6]
20:48:41 INFO  application.MyListener - The element ---> By.xpath: //div[@class='header']/a[6] was found
20:48:41 INFO  application.MyListener - Start find element by -----> By.xpath: //input[@formcontrolname='email']
20:48:41 INFO  application.MyListener - The element ---> By.xpath: //input[@formcontrolname='email'] was found
20:48:41 INFO  application.MyListener - Start find element by -----> By.xpath: //input[@formcontrolname='password']
20:48:41 INFO  application.MyListener - The element ---> By.xpath: //input[@formcontrolname='password'] was found
20:48:42 INFO  application.MyListener - Start find element by -----> By.xpath: //button[@type='submit']
20:48:42 INFO  application.MyListener - The element ---> By.xpath: //button[@type='submit'] was found
20:48:42 INFO  application.ListenerNG - addNewCarSuccess tests started
20:48:42 INFO  application.MyListener - Start find element by -----> By.xpath: //a[@href='/let-car-work']
20:48:42 INFO  application.MyListener - The element ---> By.xpath: //a[@href='/let-car-work'] was found
20:48:42 INFO  application.MyListener - Start find element by -----> By.id: pickUpPlace
20:48:42 INFO  application.MyListener - The element ---> By.id: pickUpPlace was found
20:48:43 INFO  application.MyListener - Start find element by -----> By.cssSelector: div.pac-item
20:48:43 INFO  application.MyListener - The element ---> By.cssSelector: div.pac-item was found
20:48:44 INFO  application.MyListener - Start find element by -----> By.id: make
20:48:44 INFO  application.MyListener - The element ---> By.id: make was found
20:48:44 INFO  application.MyListener - Start find element by -----> By.id: model
20:48:44 INFO  application.MyListener - The element ---> By.id: model was found
20:48:44 INFO  application.MyListener - Start find element by -----> By.id: year
20:48:44 INFO  application.MyListener - The element ---> By.id: year was found
20:48:44 INFO  application.MyListener - Start find element by -----> By.id: engine
20:48:44 INFO  application.MyListener - The element ---> By.id: engine was found
20:48:44 INFO  application.MyListener - Start find element by -----> By.id: fuel
20:48:44 INFO  application.MyListener - The element ---> By.id: fuel was found
20:48:44 INFO  application.MyListener - Start find element by -----> By.xpath: .//option[normalize-space(.) = "Petrol"]
20:48:44 INFO  application.MyListener - The element ---> By.xpath: .//option[normalize-space(.) = "Petrol"] was found
20:48:45 INFO  application.MyListener - Start find element by -----> By.id: gear
20:48:45 INFO  application.MyListener - The element ---> By.id: gear was found
20:48:45 INFO  application.MyListener - Start find element by -----> By.xpath: .//option[normalize-space(.) = "MT"]
20:48:45 INFO  application.MyListener - The element ---> By.xpath: .//option[normalize-space(.) = "MT"] was found
20:48:45 INFO  application.MyListener - Start find element by -----> By.id: wheelsDrive
20:48:45 INFO  application.MyListener - The element ---> By.id: wheelsDrive was found
20:48:45 INFO  application.MyListener - Start find element by -----> By.xpath: .//option[normalize-space(.) = "AWD"]
20:48:45 INFO  application.MyListener - The element ---> By.xpath: .//option[normalize-space(.) = "AWD"] was found
20:48:45 INFO  application.MyListener - Start find element by -----> By.id: doors
20:48:45 INFO  application.MyListener - The element ---> By.id: doors was found
20:48:45 INFO  application.MyListener - Start find element by -----> By.id: seats
20:48:45 INFO  application.MyListener - The element ---> By.id: seats was found
20:48:45 INFO  application.MyListener - Start find element by -----> By.id: class
20:48:45 INFO  application.MyListener - The element ---> By.id: class was found
20:48:45 INFO  application.MyListener - Start find element by -----> By.id: fuelConsumption
20:48:45 INFO  application.MyListener - The element ---> By.id: fuelConsumption was found
20:48:45 INFO  application.MyListener - Start find element by -----> By.id: serialNumber
20:48:45 INFO  application.MyListener - The element ---> By.id: serialNumber was found
20:48:46 INFO  application.MyListener - Start find element by -----> By.id: price
20:48:46 INFO  application.MyListener - The element ---> By.id: price was found
20:48:46 INFO  application.MyListener - Start find element by -----> By.id: distance
20:48:46 INFO  application.MyListener - The element ---> By.id: distance was found
20:48:46 INFO  application.MyListener - Start find element by -----> By.className: feature-input
20:48:46 INFO  application.MyListener - The element ---> By.className: feature-input was found
20:48:46 INFO  application.MyListener - Start find element by -----> By.id: about
20:48:46 INFO  application.MyListener - The element ---> By.id: about was found
20:48:46 INFO  application.MyListener - Start find element by -----> By.id: photos
20:48:46 INFO  application.MyListener - The element ---> By.id: photos was found
20:48:46 INFO  application.MyListener - Start find element by -----> By.xpath: //button[.='Submit']
20:48:46 INFO  application.MyListener - The element ---> By.xpath: //button[.='Submit'] was found
20:48:47 INFO  application.MyListener - Start find element by -----> By.xpath: //button[.='Submit']
20:48:47 INFO  application.MyListener - The element ---> By.xpath: //button[.='Submit'] was found
20:48:47 INFO  application.MyListener - Start find element by -----> By.xpath: //button[.='Submit']
20:48:47 INFO  application.MyListener - The element ---> By.xpath: //button[.='Submit'] was found
20:48:48 INFO  application.MyListener - Start find element by -----> By.xpath: //button[.='Submit']
20:48:48 INFO  application.MyListener - The element ---> By.xpath: //button[.='Submit'] was found
20:48:48 INFO  application.MyListener - Start find element by -----> By.xpath: //button[.='Submit']
20:48:48 INFO  application.MyListener - The element ---> By.xpath: //button[.='Submit'] was found
20:48:49 INFO  application.MyListener - Start find element by -----> By.xpath: //h1[text()='Car added']
20:48:50 INFO  application.MyListener - The element ---> By.xpath: //h1[text()='Car added'] was found
20:48:50 INFO  application.MyListener - Start find element by -----> By.xpath: //button[text()='Show car']
20:48:50 INFO  application.MyListener - The element ---> By.xpath: //button[text()='Show car'] was found
20:48:50 INFO  application.ListenerNG - The test named addNewCarSuccess passed
20:48:50 INFO  tests.TestBase - End of test --> addNewCarSuccess
20:48:50 INFO  tests.TestBase - Start method: loginSuccess
20:48:50 INFO  application.MyListener - Start find element by -----> By.xpath: //a[text()=' Logout ']
20:48:50 INFO  application.MyListener - The element ---> By.xpath: //a[text()=' Logout '] was found
20:48:50 INFO  application.MyListener - Start find element by -----> By.xpath: //a[text()=' Logout ']
20:48:50 INFO  application.MyListener - The element ---> By.xpath: //a[text()=' Logout '] was found
20:48:50 INFO  application.ListenerNG - loginSuccess tests started
20:48:50 INFO  tests.TestBase - Login with email: slavka.lenetz@gmail.com &  password Ilcarro123
20:48:50 INFO  application.MyListener - Start find element by -----> By.xpath: //div[@class='header']/a[6]
20:48:50 INFO  application.MyListener - The element ---> By.xpath: //div[@class='header']/a[6] was found
20:48:50 INFO  application.MyListener - Start find element by -----> By.xpath: //input[@formcontrolname='email']
20:48:50 INFO  application.MyListener - The element ---> By.xpath: //input[@formcontrolname='email'] was found
20:48:51 INFO  application.MyListener - Start find element by -----> By.xpath: //input[@formcontrolname='password']
20:48:51 INFO  application.MyListener - The element ---> By.xpath: //input[@formcontrolname='password'] was found
20:48:51 INFO  application.MyListener - Start find element by -----> By.xpath: //button[@type='submit']
20:48:51 INFO  application.MyListener - The element ---> By.xpath: //button[@type='submit'] was found
20:48:51 INFO  application.MyListener - Start find element by -----> By.cssSelector: .dialog-container h2
20:48:51 INFO  application.MyListener - The element ---> By.cssSelector: .dialog-container h2 was found
20:48:51 INFO  application.ListenerNG - The test named loginSuccess passed
20:48:51 INFO  application.MyListener - Start find element by -----> By.xpath: //button[.='Ok']
20:48:51 INFO  application.MyListener - The element ---> By.xpath: //button[.='Ok'] was found
20:48:51 INFO  application.MyListener - Start find element by -----> By.xpath: //button[.='Ok']
20:48:51 INFO  application.MyListener - The element ---> By.xpath: //button[.='Ok'] was found
20:48:51 INFO  tests.TestBase - End of test --> loginSuccess
20:48:51 INFO  tests.TestBase - Start method: loginSuccessModel
20:48:51 INFO  application.MyListener - Start find element by -----> By.xpath: //a[text()=' Logout ']
20:48:51 INFO  application.MyListener - The element ---> By.xpath: //a[text()=' Logout '] was found
20:48:51 INFO  application.MyListener - Start find element by -----> By.xpath: //a[text()=' Logout ']
20:48:51 INFO  application.MyListener - The element ---> By.xpath: //a[text()=' Logout '] was found
20:48:52 INFO  application.ListenerNG - loginSuccessModel tests started
20:48:52 INFO  application.MyListener - Start find element by -----> By.xpath: //div[@class='header']/a[6]
20:48:52 INFO  application.MyListener - The element ---> By.xpath: //div[@class='header']/a[6] was found
20:48:52 INFO  application.MyListener - Start find element by -----> By.xpath: //input[@formcontrolname='email']
20:48:52 INFO  application.MyListener - The element ---> By.xpath: //input[@formcontrolname='email'] was found
20:48:52 INFO  application.MyListener - Start find element by -----> By.xpath: //input[@formcontrolname='password']
20:48:52 INFO  application.MyListener - The element ---> By.xpath: //input[@formcontrolname='password'] was found
20:48:53 INFO  application.MyListener - Start find element by -----> By.xpath: //button[@type='submit']
20:48:53 INFO  application.MyListener - The element ---> By.xpath: //button[@type='submit'] was found
20:48:53 INFO  application.MyListener - Start find element by -----> By.cssSelector: .dialog-container h2
20:48:54 INFO  application.MyListener - The element ---> By.cssSelector: .dialog-container h2 was found
20:48:54 INFO  application.ListenerNG - expected [true] but found [false]
20:48:54 INFO  application.MyListener - Start find element by -----> By.xpath: //button[.='Ok']
20:48:54 INFO  application.MyListener - The element ---> By.xpath: //button[.='Ok'] was found
20:48:54 INFO  application.MyListener - Start find element by -----> By.xpath: //button[.='Ok']
20:48:54 INFO  application.MyListener - The element ---> By.xpath: //button[.='Ok'] was found
20:48:54 INFO  tests.TestBase - End of test --> loginSuccessModel
20:48:54 INFO  tests.TestBase - Start method: negativeLoginWrongPassword
20:48:54 INFO  application.MyListener - Start find element by -----> By.xpath: //a[text()=' Logout ']
20:48:54 INFO  application.MyListener - The element ---> By.xpath: //a[text()=' Logout '] was found
20:48:54 INFO  application.MyListener - Start find element by -----> By.xpath: //a[text()=' Logout ']
20:48:54 INFO  application.MyListener - The element ---> By.xpath: //a[text()=' Logout '] was found
20:48:54 INFO  application.ListenerNG - negativeLoginWrongPassword tests started
20:48:54 INFO  application.MyListener - Start find element by -----> By.xpath: //div[@class='header']/a[6]
20:48:54 INFO  application.MyListener - The element ---> By.xpath: //div[@class='header']/a[6] was found
20:48:54 INFO  application.MyListener - Start find element by -----> By.xpath: //input[@formcontrolname='email']
20:48:54 INFO  application.MyListener - The element ---> By.xpath: //input[@formcontrolname='email'] was found
20:48:54 INFO  application.MyListener - Start find element by -----> By.xpath: //input[@formcontrolname='password']
20:48:54 INFO  application.MyListener - The element ---> By.xpath: //input[@formcontrolname='password'] was found
20:48:55 INFO  application.MyListener - Start find element by -----> By.xpath: //button[@type='submit']
20:48:55 INFO  application.MyListener - The element ---> By.xpath: //button[@type='submit'] was found
20:48:55 INFO  application.MyListener - Start find element by -----> By.cssSelector: .dialog-container h2
20:48:56 INFO  application.MyListener - The element ---> By.cssSelector: .dialog-container h2 was found
20:48:56 INFO  application.ListenerNG - The test named negativeLoginWrongPassword passed
20:48:56 INFO  application.MyListener - Start find element by -----> By.xpath: //button[.='Ok']
20:48:56 INFO  application.MyListener - The element ---> By.xpath: //button[.='Ok'] was found
20:48:56 INFO  application.MyListener - Start find element by -----> By.xpath: //button[.='Ok']
20:48:56 INFO  application.MyListener - The element ---> By.xpath: //button[.='Ok'] was found
20:48:56 INFO  tests.TestBase - End of test --> negativeLoginWrongPassword
20:48:56 INFO  tests.TestBase - Start method: registrationNegativeTest
20:48:56 INFO  application.MyListener - Start find element by -----> By.xpath: //a[text()=' Logout ']
20:49:01 INFO  application.MyListener - The element ---> By.xpath: //a[text()=' Logout '] was found
20:49:01 INFO  application.ListenerNG - registrationNegativeTest tests started
20:49:01 INFO  application.MyListener - Start find element by -----> By.xpath: //a[text()=' Sign up ']
20:49:01 INFO  application.MyListener - The element ---> By.xpath: //a[text()=' Sign up '] was found
20:49:01 INFO  application.MyListener - Start find element by -----> By.id: name
20:49:01 INFO  application.MyListener - The element ---> By.id: name was found
20:49:01 INFO  application.MyListener - Start find element by -----> By.id: lastName
20:49:01 INFO  application.MyListener - The element ---> By.id: lastName was found
20:49:01 INFO  application.MyListener - Start find element by -----> By.id: email
20:49:02 INFO  application.MyListener - The element ---> By.id: email was found
20:49:02 INFO  application.MyListener - Start find element by -----> By.id: password
20:49:02 INFO  application.MyListener - The element ---> By.id: password was found
20:49:02 INFO  application.MyListener - Start find element by -----> By.xpath: //button[@type='submit']
20:49:02 INFO  application.MyListener - The element ---> By.xpath: //button[@type='submit'] was found
20:49:02 INFO  application.MyListener - Start find element by -----> By.xpath: //div[text()='Wrong email format']
20:49:02 INFO  application.MyListener - The element ---> By.xpath: //div[text()='Wrong email format'] was found
20:49:02 INFO  application.MyListener - Start find element by -----> By.xpath: //button[@type='submit']
20:49:02 INFO  application.MyListener - The element ---> By.xpath: //button[@type='submit'] was found
20:49:02 INFO  application.ListenerNG - The test named registrationNegativeTest passed
20:49:02 INFO  application.MyListener - Start find element by -----> By.xpath: //button[.='Ok']
20:49:07 INFO  application.MyListener - The element ---> By.xpath: //button[.='Ok'] was found
20:49:07 INFO  tests.TestBase - End of test --> registrationNegativeTest
20:49:07 INFO  tests.TestBase - Start method: registrationPositiveTest
20:49:07 INFO  application.MyListener - Start find element by -----> By.xpath: //a[text()=' Logout ']
20:49:12 INFO  application.MyListener - The element ---> By.xpath: //a[text()=' Logout '] was found
20:49:12 INFO  application.ListenerNG - registrationPositiveTest tests started
20:49:12 INFO  application.MyListener - Start find element by -----> By.xpath: //a[text()=' Sign up ']
20:49:12 INFO  application.MyListener - The element ---> By.xpath: //a[text()=' Sign up '] was found
20:49:12 INFO  application.MyListener - Start find element by -----> By.id: name
20:49:12 INFO  application.MyListener - The element ---> By.id: name was found
20:49:13 INFO  application.MyListener - Start find element by -----> By.id: lastName
20:49:13 INFO  application.MyListener - The element ---> By.id: lastName was found
20:49:13 INFO  application.MyListener - Start find element by -----> By.id: email
20:49:13 INFO  application.MyListener - The element ---> By.id: email was found
20:49:13 INFO  application.MyListener - Start find element by -----> By.id: password
20:49:13 INFO  application.MyListener - The element ---> By.id: password was found
20:49:13 INFO  application.MyListener - Start find element by -----> By.xpath: //button[@type='submit']
20:49:13 INFO  application.MyListener - The element ---> By.xpath: //button[@type='submit'] was found
20:49:13 INFO  application.MyListener - Start find element by -----> By.cssSelector: .dialog-container h2
20:49:14 INFO  application.MyListener - The element ---> By.cssSelector: .dialog-container h2 was found
20:49:14 INFO  application.ListenerNG - The test named registrationPositiveTest passed
20:49:14 INFO  application.MyListener - Start find element by -----> By.xpath: //button[.='Ok']
20:49:14 INFO  application.MyListener - The element ---> By.xpath: //button[.='Ok'] was found
20:49:14 INFO  application.MyListener - Start find element by -----> By.xpath: //button[.='Ok']
20:49:14 INFO  application.MyListener - The element ---> By.xpath: //button[.='Ok'] was found
20:49:14 INFO  tests.TestBase - End of test --> registrationPositiveTest
20:49:14 INFO  tests.TestBase - Start method: registrationPositiveTestModel
20:49:14 INFO  application.MyListener - Start find element by -----> By.xpath: //a[text()=' Logout ']
20:49:14 INFO  application.MyListener - The element ---> By.xpath: //a[text()=' Logout '] was found
20:49:14 INFO  application.MyListener - Start find element by -----> By.xpath: //a[text()=' Logout ']
20:49:14 INFO  application.MyListener - The element ---> By.xpath: //a[text()=' Logout '] was found
20:49:14 INFO  application.ListenerNG - registrationPositiveTestModel tests started
20:49:14 INFO  tests.TestBase - TestData: name:Lis LastName: SnowEmail: snow2954@gmail.com Password: Lis2954ndy123
20:49:14 INFO  application.MyListener - Start find element by -----> By.xpath: //a[text()=' Sign up ']
20:49:14 INFO  application.MyListener - The element ---> By.xpath: //a[text()=' Sign up '] was found
20:49:14 INFO  application.MyListener - Start find element by -----> By.id: name
20:49:14 INFO  application.MyListener - The element ---> By.id: name was found
20:49:14 INFO  application.MyListener - Start find element by -----> By.id: lastName
20:49:14 INFO  application.MyListener - The element ---> By.id: lastName was found
20:49:14 INFO  application.MyListener - Start find element by -----> By.id: email
20:49:14 INFO  application.MyListener - The element ---> By.id: email was found
20:49:14 INFO  application.MyListener - Start find element by -----> By.id: password
20:49:14 INFO  application.MyListener - The element ---> By.id: password was found
20:49:15 INFO  application.MyListener - Start find element by -----> By.xpath: //button[@type='submit']
20:49:15 INFO  application.MyListener - The element ---> By.xpath: //button[@type='submit'] was found
20:49:15 INFO  application.MyListener - Start find element by -----> By.cssSelector: .dialog-container h2
20:49:15 INFO  application.MyListener - The element ---> By.cssSelector: .dialog-container h2 was found
20:49:15 INFO  application.ListenerNG - The test named registrationPositiveTestModel passed
20:49:15 INFO  application.MyListener - Start find element by -----> By.xpath: //button[.='Ok']
20:49:15 INFO  application.MyListener - The element ---> By.xpath: //button[.='Ok'] was found
20:49:15 INFO  application.MyListener - Start find element by -----> By.xpath: //button[.='Ok']
20:49:15 INFO  application.MyListener - The element ---> By.xpath: //button[.='Ok'] was found
20:49:15 INFO  tests.TestBase - End of test --> registrationPositiveTestModel
20:49:15 INFO  tests.TestBase - Start method: searchDateBySelectAnyMonth
20:49:15 INFO  application.MyListener - Start find element by -----> By.xpath: //h1[text()='Find your car now!']
20:49:20 INFO  application.MyListener - The element ---> By.xpath: //h1[text()='Find your car now!'] was found
20:49:20 INFO  application.MyListener - Start find element by -----> By.xpath: //a[text()=' Search '] 
20:49:20 INFO  application.MyListener - The element ---> By.xpath: //a[text()=' Search ']  was found
20:49:20 INFO  application.ListenerNG - searchDateBySelectAnyMonth tests started
20:49:20 INFO  application.MyListener - Start find element by -----> By.id: city
20:49:20 INFO  application.MyListener - The element ---> By.id: city was found
20:49:21 INFO  application.MyListener - Start find element by -----> By.cssSelector: .pac-item
20:49:21 INFO  application.MyListener - The element ---> By.cssSelector: .pac-item was found
20:49:21 INFO  application.MyListener - Start find element by -----> By.id: dates
20:49:21 INFO  application.MyListener - The element ---> By.id: dates was found
20:49:21 INFO  application.MyListener - Start find element by -----> By.xpath: //div[text()=' 22 ']
20:49:21 INFO  application.MyListener - The element ---> By.xpath: //div[text()=' 22 '] was found
20:49:21 INFO  application.MyListener - Start find element by -----> By.xpath: //button[@aria-label='Next month']
20:49:21 INFO  application.MyListener - The element ---> By.xpath: //button[@aria-label='Next month'] was found
20:49:21 INFO  application.MyListener - Start find element by -----> By.xpath: //button[@aria-label='Next month']
20:49:21 INFO  application.MyListener - The element ---> By.xpath: //button[@aria-label='Next month'] was found
20:49:22 INFO  application.MyListener - Start find element by -----> By.xpath: //div[text()=' 29 ']
20:49:22 INFO  application.MyListener - The element ---> By.xpath: //div[text()=' 29 '] was found
20:49:22 INFO  application.MyListener - Start find element by -----> By.xpath: //button[@type='submit']
20:49:22 INFO  application.MyListener - The element ---> By.xpath: //button[@type='submit'] was found
20:49:22 INFO  application.MyListener - Start find element by -----> By.cssSelector: .search-results
20:49:22 INFO  application.MyListener - The element ---> By.cssSelector: .search-results was found
20:49:22 INFO  application.MyListener - Start find element by -----> By.cssSelector: .search-results
20:49:22 INFO  application.MyListener - The element ---> By.cssSelector: .search-results was found
20:49:22 INFO  tests.TestBase - Chosen date in future: from current day and until one year forward only
20:49:22 INFO  application.ListenerNG - The test named searchDateBySelectAnyMonth passed
20:49:22 INFO  tests.TestBase - End of test --> searchDateBySelectAnyMonth
20:49:22 INFO  tests.TestBase - Start method: searchDateBySelectCurrentMonth
20:49:22 INFO  application.MyListener - Start find element by -----> By.xpath: //h1[text()='Find your car now!']
20:49:22 INFO  application.MyListener - The element ---> By.xpath: //h1[text()='Find your car now!'] was found
20:49:22 INFO  application.ListenerNG - searchDateBySelectCurrentMonth tests started
20:49:22 INFO  application.MyListener - Start find element by -----> By.id: city
20:49:22 INFO  application.MyListener - The element ---> By.id: city was found
20:49:23 INFO  application.MyListener - Start find element by -----> By.cssSelector: .pac-item
20:49:23 INFO  application.MyListener - The element ---> By.cssSelector: .pac-item was found
20:49:23 INFO  application.MyListener - Start find element by -----> By.id: dates
20:49:28 INFO  application.MyListener - The element ---> By.id: dates was found
20:49:28 INFO  application.MyListener - Start find element by -----> By.cssSelector: [formcontrolname='dates']
20:49:28 INFO  application.MyListener - The element ---> By.cssSelector: [formcontrolname='dates'] was found
20:49:28 INFO  application.MyListener - Start find element by -----> By.xpath: //div[text()=' 25 ']
20:49:28 INFO  application.MyListener - The element ---> By.xpath: //div[text()=' 25 '] was found
20:49:28 INFO  application.MyListener - Start find element by -----> By.xpath: //div[text()=' 30 ']
20:49:28 INFO  application.MyListener - The element ---> By.xpath: //div[text()=' 30 '] was found
20:49:28 INFO  application.MyListener - Start find element by -----> By.xpath: //button[@type='submit']
20:49:28 INFO  application.MyListener - The element ---> By.xpath: //button[@type='submit'] was found
20:49:29 INFO  application.MyListener - Start find element by -----> By.cssSelector: .search-results
20:49:29 INFO  application.MyListener - The element ---> By.cssSelector: .search-results was found
20:49:29 INFO  application.MyListener - Start find element by -----> By.cssSelector: .search-results
20:49:29 INFO  application.MyListener - The element ---> By.cssSelector: .search-results was found
20:49:29 INFO  tests.TestBase - Chosen date in current month of the year
20:49:29 INFO  application.ListenerNG - The test named searchDateBySelectCurrentMonth passed
20:49:29 INFO  tests.TestBase - End of test --> searchDateBySelectCurrentMonth
20:49:29 INFO  tests.TestBase - Start method: searchTestByType
20:49:29 INFO  application.MyListener - Start find element by -----> By.xpath: //h1[text()='Find your car now!']
20:49:29 INFO  application.MyListener - The element ---> By.xpath: //h1[text()='Find your car now!'] was found
20:49:29 INFO  application.ListenerNG - searchTestByType tests started
20:49:29 INFO  application.MyListener - Start find element by -----> By.id: city
20:49:29 INFO  application.MyListener - The element ---> By.id: city was found
20:49:30 INFO  application.MyListener - Start find element by -----> By.cssSelector: .pac-item
20:49:30 INFO  application.MyListener - The element ---> By.cssSelector: .pac-item was found
20:49:30 INFO  application.MyListener - Start find element by -----> By.cssSelector: [formcontrolname='dates']
20:49:30 INFO  application.MyListener - The element ---> By.cssSelector: [formcontrolname='dates'] was found
20:49:30 INFO  application.MyListener - Start find element by -----> By.cssSelector: .cdk-overlay-container
20:49:30 INFO  application.MyListener - The element ---> By.cssSelector: .cdk-overlay-container was found
20:49:30 INFO  application.MyListener - Start find element by -----> By.xpath: //button[@type='submit']
20:49:31 INFO  application.MyListener - The element ---> By.xpath: //button[@type='submit'] was found
20:49:31 INFO  application.MyListener - Start find element by -----> By.cssSelector: .search-results
20:49:31 INFO  application.MyListener - The element ---> By.cssSelector: .search-results was found
20:49:31 INFO  application.MyListener - Start find element by -----> By.cssSelector: .search-results
20:49:31 INFO  application.MyListener - The element ---> By.cssSelector: .search-results was found
20:49:31 INFO  application.ListenerNG - The test named searchTestByType passed
20:49:31 INFO  tests.TestBase - End of test --> searchTestByType
20:49:31 INFO  tests.TestBase - Start method: searchTestByTypeNegative
20:49:31 INFO  application.MyListener - Start find element by -----> By.xpath: //h1[text()='Find your car now!']
20:49:31 INFO  application.MyListener - The element ---> By.xpath: //h1[text()='Find your car now!'] was found
20:49:31 INFO  application.ListenerNG - searchTestByTypeNegative tests started
20:49:31 INFO  application.MyListener - Start find element by -----> By.id: city
20:49:31 INFO  application.MyListener - The element ---> By.id: city was found
20:49:31 INFO  application.MyListener - Start find element by -----> By.cssSelector: .pac-item
20:49:31 INFO  application.MyListener - The element ---> By.cssSelector: .pac-item was found
20:49:31 INFO  application.MyListener - Start find element by -----> By.cssSelector: [formcontrolname='dates']
20:49:31 INFO  application.MyListener - The element ---> By.cssSelector: [formcontrolname='dates'] was found
20:49:32 INFO  application.MyListener - Start find element by -----> By.cssSelector: .cdk-overlay-container
20:49:32 INFO  application.MyListener - The element ---> By.cssSelector: .cdk-overlay-container was found
20:49:32 INFO  application.MyListener - Start find element by -----> By.className: ng-star-inserted
20:49:32 INFO  application.MyListener - The element ---> By.className: ng-star-inserted was found
20:49:32 INFO  application.MyListener - Start find element by -----> By.xpath: //button[@type='submit']
20:49:32 INFO  application.MyListener - The element ---> By.xpath: //button[@type='submit'] was found
20:49:32 INFO  application.ListenerNG - The test named searchTestByTypeNegative passed
20:49:32 INFO  tests.TestBase - End of test --> searchTestByTypeNegative
20:49:33 INFO  application.ListenerNG - openGoogle tests started
20:49:42 INFO  application.ListenerNG - The test named openGoogle passed
