20:35:10 INFO  tests.TestBase - Start method: registrationNegativeTest
20:35:10 INFO  application.MyListener - Start find element by -----> By.xpath: //a[text()=' Logout ']
20:35:15 INFO  application.MyListener - The element ---> By.xpath: //a[text()=' Logout '] was found
20:35:15 INFO  application.MyListener - Start find element by -----> By.xpath: //a[text()=' Sign up ']
20:35:15 INFO  application.MyListener - The element ---> By.xpath: //a[text()=' Sign up '] was found
20:35:15 INFO  application.MyListener - Start find element by -----> By.id: name
20:35:15 INFO  application.MyListener - The element ---> By.id: name was found
20:35:16 INFO  application.MyListener - Start find element by -----> By.id: lastName
20:35:16 INFO  application.MyListener - The element ---> By.id: lastName was found
20:35:16 INFO  application.MyListener - Start find element by -----> By.id: email
20:35:16 INFO  application.MyListener - The element ---> By.id: email was found
20:35:16 INFO  application.MyListener - Start find element by -----> By.id: password
20:35:16 INFO  application.MyListener - The element ---> By.id: password was found
20:35:16 INFO  application.MyListener - Start find element by -----> By.xpath: //button[@type='submit']
20:35:16 INFO  application.MyListener - The element ---> By.xpath: //button[@type='submit'] was found
20:35:16 INFO  application.MyListener - Start find element by -----> By.xpath: //div[text()='Wrong email format']
20:35:16 INFO  application.MyListener - The element ---> By.xpath: //div[text()='Wrong email format'] was found
20:35:16 INFO  application.MyListener - Start find element by -----> By.xpath: //button[@type='submit']
20:35:16 INFO  application.MyListener - The element ---> By.xpath: //button[@type='submit'] was found
20:35:16 INFO  application.MyListener - Start find element by -----> By.xpath: //button[.='Ok']
20:35:21 INFO  application.MyListener - The element ---> By.xpath: //button[.='Ok'] was found
20:35:21 INFO  tests.TestBase - End of test --> registrationNegativeTest
20:35:21 INFO  tests.TestBase - Start method: registrationPositiveTest
20:35:21 INFO  application.MyListener - Start find element by -----> By.xpath: //a[text()=' Logout ']
20:35:26 INFO  application.MyListener - The element ---> By.xpath: //a[text()=' Logout '] was found
20:35:26 INFO  application.MyListener - Start find element by -----> By.xpath: //a[text()=' Sign up ']
20:35:26 INFO  application.MyListener - The element ---> By.xpath: //a[text()=' Sign up '] was found
20:35:26 INFO  application.MyListener - Start find element by -----> By.id: name
20:35:26 INFO  application.MyListener - The element ---> By.id: name was found
20:35:27 INFO  application.MyListener - Start find element by -----> By.id: lastName
20:35:27 INFO  application.MyListener - The element ---> By.id: lastName was found
20:35:27 INFO  application.MyListener - Start find element by -----> By.id: email
20:35:27 INFO  application.MyListener - The element ---> By.id: email was found
20:35:27 INFO  application.MyListener - Start find element by -----> By.id: password
20:35:27 INFO  application.MyListener - The element ---> By.id: password was found
20:35:27 INFO  application.MyListener - Start find element by -----> By.xpath: //button[@type='submit']
20:35:27 INFO  application.MyListener - The element ---> By.xpath: //button[@type='submit'] was found
20:35:27 INFO  application.MyListener - Start find element by -----> By.cssSelector: .dialog-container h2
20:35:29 INFO  application.MyListener - The element ---> By.cssSelector: .dialog-container h2 was found
20:35:29 INFO  application.MyListener - Start find element by -----> By.xpath: //button[.='Ok']
20:35:29 INFO  application.MyListener - The element ---> By.xpath: //button[.='Ok'] was found
20:35:29 INFO  application.MyListener - Start find element by -----> By.xpath: //button[.='Ok']
20:35:29 INFO  application.MyListener - The element ---> By.xpath: //button[.='Ok'] was found
20:35:29 INFO  tests.TestBase - End of test --> registrationPositiveTest
20:35:29 INFO  tests.TestBase - Start method: registrationPositiveTestModel
20:35:29 INFO  application.MyListener - Start find element by -----> By.xpath: //a[text()=' Logout ']
20:35:29 INFO  application.MyListener - The element ---> By.xpath: //a[text()=' Logout '] was found
20:35:29 INFO  application.MyListener - Start find element by -----> By.xpath: //a[text()=' Logout ']
20:35:29 INFO  application.MyListener - The element ---> By.xpath: //a[text()=' Logout '] was found
20:35:29 INFO  tests.TestBase - TestData: name:Lis LastName: SnowEmail: snow2129@gmail.com Password: Lis2129ndy123
20:35:29 INFO  application.MyListener - Start find element by -----> By.xpath: //a[text()=' Sign up ']
20:35:29 INFO  application.MyListener - The element ---> By.xpath: //a[text()=' Sign up '] was found
20:35:29 INFO  application.MyListener - Start find element by -----> By.id: name
20:35:29 INFO  application.MyListener - The element ---> By.id: name was found
20:35:29 INFO  application.MyListener - Start find element by -----> By.id: lastName
20:35:29 INFO  application.MyListener - The element ---> By.id: lastName was found
20:35:29 INFO  application.MyListener - Start find element by -----> By.id: email
20:35:29 INFO  application.MyListener - The element ---> By.id: email was found
20:35:30 INFO  application.MyListener - Start find element by -----> By.id: password
20:35:30 INFO  application.MyListener - The element ---> By.id: password was found
20:35:30 INFO  application.MyListener - Start find element by -----> By.xpath: //button[@type='submit']
20:35:30 INFO  application.MyListener - The element ---> By.xpath: //button[@type='submit'] was found
20:35:30 INFO  application.MyListener - Start find element by -----> By.cssSelector: .dialog-container h2
20:35:30 INFO  application.MyListener - The element ---> By.cssSelector: .dialog-container h2 was found
20:35:30 INFO  application.MyListener - Start find element by -----> By.xpath: //button[.='Ok']
20:35:30 INFO  application.MyListener - The element ---> By.xpath: //button[.='Ok'] was found
20:35:30 INFO  application.MyListener - Start find element by -----> By.xpath: //button[.='Ok']
20:35:30 INFO  application.MyListener - The element ---> By.xpath: //button[.='Ok'] was found
20:35:30 INFO  tests.TestBase - End of test --> registrationPositiveTestModel
20:35:30 INFO  tests.TestBase - Start method: loginSuccess
20:35:30 INFO  application.MyListener - Start find element by -----> By.xpath: //a[text()=' Logout ']
20:35:30 INFO  application.MyListener - The element ---> By.xpath: //a[text()=' Logout '] was found
20:35:30 INFO  application.MyListener - Start find element by -----> By.xpath: //a[text()=' Logout ']
20:35:30 INFO  application.MyListener - The element ---> By.xpath: //a[text()=' Logout '] was found
20:35:30 INFO  tests.TestBase - Login with email: slavka.lenetz@gmail.com &  password Ilcarro123
20:35:30 INFO  application.MyListener - Start find element by -----> By.xpath: //div[@class='header']/a[6]
20:35:30 INFO  application.MyListener - The element ---> By.xpath: //div[@class='header']/a[6] was found
20:35:30 INFO  application.MyListener - Start find element by -----> By.xpath: //input[@formcontrolname='email']
20:35:30 INFO  application.MyListener - The element ---> By.xpath: //input[@formcontrolname='email'] was found
20:35:31 INFO  application.MyListener - Start find element by -----> By.xpath: //input[@formcontrolname='password']
20:35:31 INFO  application.MyListener - The element ---> By.xpath: //input[@formcontrolname='password'] was found
20:35:31 INFO  application.MyListener - Start find element by -----> By.xpath: //button[@type='submit']
20:35:31 INFO  application.MyListener - The element ---> By.xpath: //button[@type='submit'] was found
20:35:31 INFO  application.MyListener - Start find element by -----> By.cssSelector: .dialog-container h2
20:35:32 INFO  application.MyListener - The element ---> By.cssSelector: .dialog-container h2 was found
20:35:32 INFO  application.MyListener - Start find element by -----> By.xpath: //button[.='Ok']
20:35:32 INFO  application.MyListener - The element ---> By.xpath: //button[.='Ok'] was found
20:35:32 INFO  application.MyListener - Start find element by -----> By.xpath: //button[.='Ok']
20:35:32 INFO  application.MyListener - The element ---> By.xpath: //button[.='Ok'] was found
20:35:32 INFO  tests.TestBase - End of test --> loginSuccess
20:35:32 INFO  tests.TestBase - Start method: loginSuccessModel
20:35:32 INFO  application.MyListener - Start find element by -----> By.xpath: //a[text()=' Logout ']
20:35:32 INFO  application.MyListener - The element ---> By.xpath: //a[text()=' Logout '] was found
20:35:32 INFO  application.MyListener - Start find element by -----> By.xpath: //a[text()=' Logout ']
20:35:32 INFO  application.MyListener - The element ---> By.xpath: //a[text()=' Logout '] was found
20:35:32 INFO  application.MyListener - Start find element by -----> By.xpath: //div[@class='header']/a[6]
20:35:32 INFO  application.MyListener - The element ---> By.xpath: //div[@class='header']/a[6] was found
20:35:32 INFO  application.MyListener - Start find element by -----> By.xpath: //input[@formcontrolname='email']
20:35:32 INFO  application.MyListener - The element ---> By.xpath: //input[@formcontrolname='email'] was found
20:35:32 INFO  application.MyListener - Start find element by -----> By.xpath: //input[@formcontrolname='password']
20:35:33 INFO  application.MyListener - The element ---> By.xpath: //input[@formcontrolname='password'] was found
20:35:34 INFO  application.MyListener - Start find element by -----> By.xpath: //button[@type='submit']
20:35:34 INFO  application.MyListener - The element ---> By.xpath: //button[@type='submit'] was found
20:35:34 INFO  application.MyListener - Start find element by -----> By.cssSelector: .dialog-container h2
20:35:34 INFO  application.MyListener - The element ---> By.cssSelector: .dialog-container h2 was found
20:35:34 INFO  application.MyListener - Start find element by -----> By.xpath: //button[.='Ok']
20:35:34 INFO  application.MyListener - The element ---> By.xpath: //button[.='Ok'] was found
20:35:34 INFO  application.MyListener - Start find element by -----> By.xpath: //button[.='Ok']
20:35:34 INFO  application.MyListener - The element ---> By.xpath: //button[.='Ok'] was found
20:35:34 INFO  tests.TestBase - End of test --> loginSuccessModel
20:35:34 INFO  tests.TestBase - Start method: negativeLoginWrongPassword
20:35:34 INFO  application.MyListener - Start find element by -----> By.xpath: //a[text()=' Logout ']
20:35:34 INFO  application.MyListener - The element ---> By.xpath: //a[text()=' Logout '] was found
20:35:34 INFO  application.MyListener - Start find element by -----> By.xpath: //a[text()=' Logout ']
20:35:34 INFO  application.MyListener - The element ---> By.xpath: //a[text()=' Logout '] was found
20:35:34 INFO  application.MyListener - Start find element by -----> By.xpath: //div[@class='header']/a[6]
20:35:34 INFO  application.MyListener - The element ---> By.xpath: //div[@class='header']/a[6] was found
20:35:34 INFO  application.MyListener - Start find element by -----> By.xpath: //input[@formcontrolname='email']
20:35:35 INFO  application.MyListener - The element ---> By.xpath: //input[@formcontrolname='email'] was found
20:35:35 INFO  application.MyListener - Start find element by -----> By.xpath: //input[@formcontrolname='password']
20:35:35 INFO  application.MyListener - The element ---> By.xpath: //input[@formcontrolname='password'] was found
20:35:36 INFO  application.MyListener - Start find element by -----> By.xpath: //button[@type='submit']
20:35:36 INFO  application.MyListener - The element ---> By.xpath: //button[@type='submit'] was found
20:35:36 INFO  application.MyListener - Start find element by -----> By.cssSelector: .dialog-container h2
20:35:36 INFO  application.MyListener - The element ---> By.cssSelector: .dialog-container h2 was found
20:35:36 INFO  application.MyListener - Start find element by -----> By.xpath: //button[.='Ok']
20:35:36 INFO  application.MyListener - The element ---> By.xpath: //button[.='Ok'] was found
20:35:36 INFO  application.MyListener - Start find element by -----> By.xpath: //button[.='Ok']
20:35:36 INFO  application.MyListener - The element ---> By.xpath: //button[.='Ok'] was found
20:35:36 INFO  tests.TestBase - End of test --> negativeLoginWrongPassword
