10:16:31 INFO  tests.TestBase - Start method: addNewCarSuccess
10:16:31 INFO  application.MyListener - Start find element by -----> By.xpath: //a[text()=' Log in ']
10:16:31 INFO  application.MyListener - The element ---> By.xpath: //a[text()=' Log in '] was found
10:16:31 INFO  application.MyListener - Start find element by -----> By.xpath: //div[@class='header']/a[6]
10:16:31 INFO  application.MyListener - The element ---> By.xpath: //div[@class='header']/a[6] was found
10:16:31 INFO  application.MyListener - Start find element by -----> By.xpath: //input[@formcontrolname='email']
10:16:31 INFO  application.MyListener - The element ---> By.xpath: //input[@formcontrolname='email'] was found
10:16:31 INFO  application.MyListener - Start find element by -----> By.xpath: //input[@formcontrolname='password']
10:16:31 INFO  application.MyListener - The element ---> By.xpath: //input[@formcontrolname='password'] was found
10:16:32 INFO  application.MyListener - Start find element by -----> By.xpath: //button[@type='submit']
10:16:32 INFO  application.MyListener - The element ---> By.xpath: //button[@type='submit'] was found
10:16:32 INFO  application.MyListener - Start find element by -----> By.xpath: //a[@href='/let-car-work']
10:16:32 INFO  application.MyListener - The element ---> By.xpath: //a[@href='/let-car-work'] was found
10:16:32 INFO  application.MyListener - Start find element by -----> By.id: pickUpPlace
10:16:32 INFO  application.MyListener - The element ---> By.id: pickUpPlace was found
10:16:33 INFO  application.MyListener - Start find element by -----> By.cssSelector: div.pac-item
10:16:33 INFO  application.MyListener - The element ---> By.cssSelector: div.pac-item was found
10:16:34 INFO  application.MyListener - Start find element by -----> By.id: make
10:16:34 INFO  application.MyListener - The element ---> By.id: make was found
10:16:34 INFO  application.MyListener - Start find element by -----> By.id: model
10:16:34 INFO  application.MyListener - The element ---> By.id: model was found
10:16:34 INFO  application.MyListener - Start find element by -----> By.id: year
10:16:34 INFO  application.MyListener - The element ---> By.id: year was found
10:16:34 INFO  application.MyListener - Start find element by -----> By.id: engine
10:16:34 INFO  application.MyListener - The element ---> By.id: engine was found
10:16:34 INFO  application.MyListener - Start find element by -----> By.id: fuel
10:16:34 INFO  application.MyListener - The element ---> By.id: fuel was found
10:16:34 INFO  application.MyListener - Start find element by -----> By.xpath: .//option[normalize-space(.) = "Petrol"]
10:16:34 INFO  application.MyListener - The element ---> By.xpath: .//option[normalize-space(.) = "Petrol"] was found
10:16:34 INFO  application.MyListener - Start find element by -----> By.id: gear
10:16:34 INFO  application.MyListener - The element ---> By.id: gear was found
10:16:35 INFO  application.MyListener - Start find element by -----> By.xpath: .//option[normalize-space(.) = "MT"]
10:16:35 INFO  application.MyListener - The element ---> By.xpath: .//option[normalize-space(.) = "MT"] was found
10:16:35 INFO  application.MyListener - Start find element by -----> By.id: wheelsDrive
10:16:35 INFO  application.MyListener - The element ---> By.id: wheelsDrive was found
10:16:35 INFO  application.MyListener - Start find element by -----> By.xpath: .//option[normalize-space(.) = "AWD"]
10:16:35 INFO  application.MyListener - The element ---> By.xpath: .//option[normalize-space(.) = "AWD"] was found
10:16:35 INFO  application.MyListener - Start find element by -----> By.id: doors
10:16:35 INFO  application.MyListener - The element ---> By.id: doors was found
10:16:35 INFO  application.MyListener - Start find element by -----> By.id: seats
10:16:35 INFO  application.MyListener - The element ---> By.id: seats was found
10:16:35 INFO  application.MyListener - Start find element by -----> By.id: class
10:16:35 INFO  application.MyListener - The element ---> By.id: class was found
10:16:35 INFO  application.MyListener - Start find element by -----> By.id: fuelConsumption
10:16:35 INFO  application.MyListener - The element ---> By.id: fuelConsumption was found
10:16:35 INFO  application.MyListener - Start find element by -----> By.id: serialNumber
10:16:35 INFO  application.MyListener - The element ---> By.id: serialNumber was found
10:16:36 INFO  application.MyListener - Start find element by -----> By.id: price
10:16:36 INFO  application.MyListener - The element ---> By.id: price was found
10:16:36 INFO  application.MyListener - Start find element by -----> By.id: distance
10:16:36 INFO  application.MyListener - The element ---> By.id: distance was found
10:16:36 INFO  application.MyListener - Start find element by -----> By.className: feature-input
10:16:36 INFO  application.MyListener - The element ---> By.className: feature-input was found
10:16:36 INFO  application.MyListener - Start find element by -----> By.id: about
10:16:36 INFO  application.MyListener - The element ---> By.id: about was found
10:16:36 INFO  application.MyListener - Start find element by -----> By.id: photos
10:16:36 INFO  application.MyListener - The element ---> By.id: photos was found
10:16:36 INFO  application.MyListener - Start find element by -----> By.xpath: //button[.='Submit']
10:16:36 INFO  application.MyListener - The element ---> By.xpath: //button[.='Submit'] was found
10:16:37 INFO  application.MyListener - Start find element by -----> By.xpath: //button[.='Submit']
10:16:37 INFO  application.MyListener - The element ---> By.xpath: //button[.='Submit'] was found
10:16:37 INFO  application.MyListener - Start find element by -----> By.xpath: //button[.='Submit']
10:16:37 INFO  application.MyListener - The element ---> By.xpath: //button[.='Submit'] was found
10:16:38 INFO  application.MyListener - Start find element by -----> By.xpath: //button[.='Submit']
10:16:38 INFO  application.MyListener - The element ---> By.xpath: //button[.='Submit'] was found
10:16:38 INFO  application.MyListener - Start find element by -----> By.xpath: //button[.='Submit']
10:16:39 INFO  application.MyListener - The element ---> By.xpath: //button[.='Submit'] was found
10:16:39 INFO  application.MyListener - Start find element by -----> By.xpath: //button[.='Submit']
10:16:39 INFO  application.MyListener - The element ---> By.xpath: //button[.='Submit'] was found
10:16:39 INFO  application.MyListener - Start find element by -----> By.xpath: //h1[text()='Car added']
10:16:44 INFO  application.MyListener - We have a trouble ---> no such element: Unable to locate element: {"method":"xpath","selector":"//h1[text()='Car added']"}
  (Session info: chrome=94.0.4606.81)
For documentation on this error, please visit: https://www.seleniumhq.org/exceptions/no_such_element.html
Build info: version: '3.141.59', revision: 'e82be7d358', time: '2018-11-14T08:17:03'
System info: host: 'DESKTOP-LINCIVQ', ip: '10.0.0.8', os.name: 'Windows 10', os.arch: 'amd64', os.version: '10.0', java.version: '11.0.12'
Driver info: org.openqa.selenium.chrome.ChromeDriver
Capabilities {acceptInsecureCerts: false, browserName: chrome, browserVersion: 94.0.4606.81, chrome: {chromedriverVersion: 93.0.4577.15 (660fc11082ba5..., userDataDir: C:\Users\Slava\AppData\Loca...}, goog:chromeOptions: {debuggerAddress: localhost:53369}, javascriptEnabled: true, networkConnectionEnabled: false, pageLoadStrategy: normal, platform: WINDOWS, platformName: WINDOWS, proxy: Proxy(), setWindowRect: true, strictFileInteractability: false, timeouts: {implicit: 0, pageLoad: 300000, script: 30000}, unhandledPromptBehavior: dismiss and notify, webauthn:extension:credBlob: true, webauthn:extension:largeBlob: true, webauthn:virtualAuthenticators: true}
Session ID: 33038e60a8c74f5afd47b6acc6c5d8d9
*** Element info: {Using=xpath, value=//h1[text()='Car added']}
10:16:44 INFO  tests.TestBase - End of test --> addNewCarSuccess
10:16:44 INFO  tests.TestBase - Start method: loginSuccess
10:16:44 INFO  application.MyListener - Start find element by -----> By.xpath: //a[text()=' Logout ']
10:16:47 INFO  application.MyListener - The element ---> By.xpath: //a[text()=' Logout '] was found
10:16:47 INFO  application.MyListener - Start find element by -----> By.xpath: //a[text()=' Logout ']
10:16:47 INFO  application.MyListener - The element ---> By.xpath: //a[text()=' Logout '] was found
10:16:52 INFO  application.MyListener - We have a trouble ---> element not interactable
  (Session info: chrome=94.0.4606.81)
Build info: version: '3.141.59', revision: 'e82be7d358', time: '2018-11-14T08:17:03'
System info: host: 'DESKTOP-LINCIVQ', ip: '10.0.0.8', os.name: 'Windows 10', os.arch: 'amd64', os.version: '10.0', java.version: '11.0.12'
Driver info: org.openqa.selenium.chrome.ChromeDriver
Capabilities {acceptInsecureCerts: false, browserName: chrome, browserVersion: 94.0.4606.81, chrome: {chromedriverVersion: 93.0.4577.15 (660fc11082ba5..., userDataDir: C:\Users\Slava\AppData\Loca...}, goog:chromeOptions: {debuggerAddress: localhost:53369}, javascriptEnabled: true, networkConnectionEnabled: false, pageLoadStrategy: normal, platform: WINDOWS, platformName: WINDOWS, proxy: Proxy(), setWindowRect: true, strictFileInteractability: false, timeouts: {implicit: 0, pageLoad: 300000, script: 30000}, unhandledPromptBehavior: dismiss and notify, webauthn:extension:credBlob: true, webauthn:extension:largeBlob: true, webauthn:virtualAuthenticators: true}
Session ID: 33038e60a8c74f5afd47b6acc6c5d8d9
10:16:52 INFO  tests.TestBase - End of test --> loginSuccess
10:16:52 INFO  application.MyListener - Start find element by -----> By.xpath: //a[text()=' Logout ']
10:16:52 INFO  application.MyListener - The element ---> By.xpath: //a[text()=' Logout '] was found
10:16:52 INFO  application.MyListener - Start find element by -----> By.xpath: //a[text()=' Logout ']
10:16:52 INFO  application.MyListener - The element ---> By.xpath: //a[text()=' Logout '] was found
10:16:57 INFO  application.MyListener - We have a trouble ---> element not interactable
  (Session info: chrome=94.0.4606.81)
Build info: version: '3.141.59', revision: 'e82be7d358', time: '2018-11-14T08:17:03'
System info: host: 'DESKTOP-LINCIVQ', ip: '10.0.0.8', os.name: 'Windows 10', os.arch: 'amd64', os.version: '10.0', java.version: '11.0.12'
Driver info: org.openqa.selenium.chrome.ChromeDriver
Capabilities {acceptInsecureCerts: false, browserName: chrome, browserVersion: 94.0.4606.81, chrome: {chromedriverVersion: 93.0.4577.15 (660fc11082ba5..., userDataDir: C:\Users\Slava\AppData\Loca...}, goog:chromeOptions: {debuggerAddress: localhost:53369}, javascriptEnabled: true, networkConnectionEnabled: false, pageLoadStrategy: normal, platform: WINDOWS, platformName: WINDOWS, proxy: Proxy(), setWindowRect: true, strictFileInteractability: false, timeouts: {implicit: 0, pageLoad: 300000, script: 30000}, unhandledPromptBehavior: dismiss and notify, webauthn:extension:credBlob: true, webauthn:extension:largeBlob: true, webauthn:virtualAuthenticators: true}
Session ID: 33038e60a8c74f5afd47b6acc6c5d8d9
10:16:57 INFO  tests.TestBase - End of test --> loginSuccessModel
10:16:57 INFO  application.MyListener - Start find element by -----> By.xpath: //a[text()=' Logout ']
10:16:57 INFO  application.MyListener - The element ---> By.xpath: //a[text()=' Logout '] was found
10:16:57 INFO  application.MyListener - Start find element by -----> By.xpath: //a[text()=' Logout ']
10:16:57 INFO  application.MyListener - The element ---> By.xpath: //a[text()=' Logout '] was found
10:17:02 INFO  application.MyListener - We have a trouble ---> element not interactable
  (Session info: chrome=94.0.4606.81)
Build info: version: '3.141.59', revision: 'e82be7d358', time: '2018-11-14T08:17:03'
System info: host: 'DESKTOP-LINCIVQ', ip: '10.0.0.8', os.name: 'Windows 10', os.arch: 'amd64', os.version: '10.0', java.version: '11.0.12'
Driver info: org.openqa.selenium.chrome.ChromeDriver
Capabilities {acceptInsecureCerts: false, browserName: chrome, browserVersion: 94.0.4606.81, chrome: {chromedriverVersion: 93.0.4577.15 (660fc11082ba5..., userDataDir: C:\Users\Slava\AppData\Loca...}, goog:chromeOptions: {debuggerAddress: localhost:53369}, javascriptEnabled: true, networkConnectionEnabled: false, pageLoadStrategy: normal, platform: WINDOWS, platformName: WINDOWS, proxy: Proxy(), setWindowRect: true, strictFileInteractability: false, timeouts: {implicit: 0, pageLoad: 300000, script: 30000}, unhandledPromptBehavior: dismiss and notify, webauthn:extension:credBlob: true, webauthn:extension:largeBlob: true, webauthn:virtualAuthenticators: true}
Session ID: 33038e60a8c74f5afd47b6acc6c5d8d9
10:17:02 INFO  tests.TestBase - End of test --> negativeLoginWrongPassword
10:17:02 INFO  tests.TestBase - Start method: registrationNegativeTest
10:17:02 INFO  application.MyListener - Start find element by -----> By.xpath: //a[text()=' Logout ']
10:17:03 INFO  application.MyListener - The element ---> By.xpath: //a[text()=' Logout '] was found
10:17:03 INFO  application.MyListener - Start find element by -----> By.xpath: //a[text()=' Logout ']
10:17:03 INFO  application.MyListener - The element ---> By.xpath: //a[text()=' Logout '] was found
10:17:08 INFO  application.MyListener - We have a trouble ---> element not interactable
  (Session info: chrome=94.0.4606.81)
Build info: version: '3.141.59', revision: 'e82be7d358', time: '2018-11-14T08:17:03'
System info: host: 'DESKTOP-LINCIVQ', ip: '10.0.0.8', os.name: 'Windows 10', os.arch: 'amd64', os.version: '10.0', java.version: '11.0.12'
Driver info: org.openqa.selenium.chrome.ChromeDriver
Capabilities {acceptInsecureCerts: false, browserName: chrome, browserVersion: 94.0.4606.81, chrome: {chromedriverVersion: 93.0.4577.15 (660fc11082ba5..., userDataDir: C:\Users\Slava\AppData\Loca...}, goog:chromeOptions: {debuggerAddress: localhost:53369}, javascriptEnabled: true, networkConnectionEnabled: false, pageLoadStrategy: normal, platform: WINDOWS, platformName: WINDOWS, proxy: Proxy(), setWindowRect: true, strictFileInteractability: false, timeouts: {implicit: 0, pageLoad: 300000, script: 30000}, unhandledPromptBehavior: dismiss and notify, webauthn:extension:credBlob: true, webauthn:extension:largeBlob: true, webauthn:virtualAuthenticators: true}
Session ID: 33038e60a8c74f5afd47b6acc6c5d8d9
10:17:08 INFO  application.MyListener - Start find element by -----> By.xpath: //button[.='Ok']
10:17:13 INFO  application.MyListener - The element ---> By.xpath: //button[.='Ok'] was found
10:17:13 INFO  tests.TestBase - End of test --> registrationNegativeTest
10:17:13 INFO  application.MyListener - Start find element by -----> By.xpath: //a[text()=' Logout ']
10:17:13 INFO  application.MyListener - The element ---> By.xpath: //a[text()=' Logout '] was found
10:17:13 INFO  application.MyListener - Start find element by -----> By.xpath: //a[text()=' Logout ']
10:17:13 INFO  application.MyListener - The element ---> By.xpath: //a[text()=' Logout '] was found
10:17:18 INFO  application.MyListener - We have a trouble ---> element not interactable
  (Session info: chrome=94.0.4606.81)
Build info: version: '3.141.59', revision: 'e82be7d358', time: '2018-11-14T08:17:03'
System info: host: 'DESKTOP-LINCIVQ', ip: '10.0.0.8', os.name: 'Windows 10', os.arch: 'amd64', os.version: '10.0', java.version: '11.0.12'
Driver info: org.openqa.selenium.chrome.ChromeDriver
Capabilities {acceptInsecureCerts: false, browserName: chrome, browserVersion: 94.0.4606.81, chrome: {chromedriverVersion: 93.0.4577.15 (660fc11082ba5..., userDataDir: C:\Users\Slava\AppData\Loca...}, goog:chromeOptions: {debuggerAddress: localhost:53369}, javascriptEnabled: true, networkConnectionEnabled: false, pageLoadStrategy: normal, platform: WINDOWS, platformName: WINDOWS, proxy: Proxy(), setWindowRect: true, strictFileInteractability: false, timeouts: {implicit: 0, pageLoad: 300000, script: 30000}, unhandledPromptBehavior: dismiss and notify, webauthn:extension:credBlob: true, webauthn:extension:largeBlob: true, webauthn:virtualAuthenticators: true}
Session ID: 33038e60a8c74f5afd47b6acc6c5d8d9
10:17:18 INFO  application.MyListener - Start find element by -----> By.xpath: //button[.='Ok']
10:17:23 INFO  application.MyListener - The element ---> By.xpath: //button[.='Ok'] was found
10:17:23 INFO  tests.TestBase - End of test --> registrationPositiveTest
10:17:23 INFO  application.MyListener - Start find element by -----> By.xpath: //a[text()=' Logout ']
10:17:23 INFO  application.MyListener - The element ---> By.xpath: //a[text()=' Logout '] was found
10:17:23 INFO  application.MyListener - Start find element by -----> By.xpath: //a[text()=' Logout ']
10:17:23 INFO  application.MyListener - The element ---> By.xpath: //a[text()=' Logout '] was found
10:17:28 INFO  application.MyListener - We have a trouble ---> element not interactable
  (Session info: chrome=94.0.4606.81)
Build info: version: '3.141.59', revision: 'e82be7d358', time: '2018-11-14T08:17:03'
System info: host: 'DESKTOP-LINCIVQ', ip: '10.0.0.8', os.name: 'Windows 10', os.arch: 'amd64', os.version: '10.0', java.version: '11.0.12'
Driver info: org.openqa.selenium.chrome.ChromeDriver
Capabilities {acceptInsecureCerts: false, browserName: chrome, browserVersion: 94.0.4606.81, chrome: {chromedriverVersion: 93.0.4577.15 (660fc11082ba5..., userDataDir: C:\Users\Slava\AppData\Loca...}, goog:chromeOptions: {debuggerAddress: localhost:53369}, javascriptEnabled: true, networkConnectionEnabled: false, pageLoadStrategy: normal, platform: WINDOWS, platformName: WINDOWS, proxy: Proxy(), setWindowRect: true, strictFileInteractability: false, timeouts: {implicit: 0, pageLoad: 300000, script: 30000}, unhandledPromptBehavior: dismiss and notify, webauthn:extension:credBlob: true, webauthn:extension:largeBlob: true, webauthn:virtualAuthenticators: true}
Session ID: 33038e60a8c74f5afd47b6acc6c5d8d9
10:17:28 INFO  application.MyListener - Start find element by -----> By.xpath: //button[.='Ok']
10:17:33 INFO  application.MyListener - The element ---> By.xpath: //button[.='Ok'] was found
10:17:33 INFO  tests.TestBase - End of test --> registrationPositiveTest2
10:17:33 INFO  application.MyListener - Start find element by -----> By.xpath: //a[text()=' Logout ']
10:17:33 INFO  application.MyListener - The element ---> By.xpath: //a[text()=' Logout '] was found
10:17:33 INFO  application.MyListener - Start find element by -----> By.xpath: //a[text()=' Logout ']
10:17:33 INFO  application.MyListener - The element ---> By.xpath: //a[text()=' Logout '] was found
10:17:38 INFO  application.MyListener - We have a trouble ---> element not interactable
  (Session info: chrome=94.0.4606.81)
Build info: version: '3.141.59', revision: 'e82be7d358', time: '2018-11-14T08:17:03'
System info: host: 'DESKTOP-LINCIVQ', ip: '10.0.0.8', os.name: 'Windows 10', os.arch: 'amd64', os.version: '10.0', java.version: '11.0.12'
Driver info: org.openqa.selenium.chrome.ChromeDriver
Capabilities {acceptInsecureCerts: false, browserName: chrome, browserVersion: 94.0.4606.81, chrome: {chromedriverVersion: 93.0.4577.15 (660fc11082ba5..., userDataDir: C:\Users\Slava\AppData\Loca...}, goog:chromeOptions: {debuggerAddress: localhost:53369}, javascriptEnabled: true, networkConnectionEnabled: false, pageLoadStrategy: normal, platform: WINDOWS, platformName: WINDOWS, proxy: Proxy(), setWindowRect: true, strictFileInteractability: false, timeouts: {implicit: 0, pageLoad: 300000, script: 30000}, unhandledPromptBehavior: dismiss and notify, webauthn:extension:credBlob: true, webauthn:extension:largeBlob: true, webauthn:virtualAuthenticators: true}
Session ID: 33038e60a8c74f5afd47b6acc6c5d8d9
10:17:38 INFO  application.MyListener - Start find element by -----> By.xpath: //button[.='Ok']
10:17:43 INFO  application.MyListener - The element ---> By.xpath: //button[.='Ok'] was found
10:17:43 INFO  tests.TestBase - End of test --> registrationPositiveTestModel
10:17:43 INFO  tests.TestBase - Start method: searchDateBySelectAnyMonth
10:17:43 INFO  application.MyListener - Start find element by -----> By.id: city
10:17:48 INFO  application.MyListener - We have a trouble ---> no such element: Unable to locate element: {"method":"css selector","selector":"#city"}
  (Session info: chrome=94.0.4606.81)
For documentation on this error, please visit: https://www.seleniumhq.org/exceptions/no_such_element.html
Build info: version: '3.141.59', revision: 'e82be7d358', time: '2018-11-14T08:17:03'
System info: host: 'DESKTOP-LINCIVQ', ip: '10.0.0.8', os.name: 'Windows 10', os.arch: 'amd64', os.version: '10.0', java.version: '11.0.12'
Driver info: org.openqa.selenium.chrome.ChromeDriver
Capabilities {acceptInsecureCerts: false, browserName: chrome, browserVersion: 94.0.4606.81, chrome: {chromedriverVersion: 93.0.4577.15 (660fc11082ba5..., userDataDir: C:\Users\Slava\AppData\Loca...}, goog:chromeOptions: {debuggerAddress: localhost:53369}, javascriptEnabled: true, networkConnectionEnabled: false, pageLoadStrategy: normal, platform: WINDOWS, platformName: WINDOWS, proxy: Proxy(), setWindowRect: true, strictFileInteractability: false, timeouts: {implicit: 0, pageLoad: 300000, script: 30000}, unhandledPromptBehavior: dismiss and notify, webauthn:extension:credBlob: true, webauthn:extension:largeBlob: true, webauthn:virtualAuthenticators: true}
Session ID: 33038e60a8c74f5afd47b6acc6c5d8d9
*** Element info: {Using=id, value=city}
10:17:48 INFO  tests.TestBase - End of test --> searchDateBySelectAnyMonth
10:17:48 INFO  tests.TestBase - Start method: searchDateBySelectCurrentMonth
10:17:48 INFO  application.MyListener - Start find element by -----> By.id: city
10:17:53 INFO  application.MyListener - We have a trouble ---> no such element: Unable to locate element: {"method":"css selector","selector":"#city"}
  (Session info: chrome=94.0.4606.81)
For documentation on this error, please visit: https://www.seleniumhq.org/exceptions/no_such_element.html
Build info: version: '3.141.59', revision: 'e82be7d358', time: '2018-11-14T08:17:03'
System info: host: 'DESKTOP-LINCIVQ', ip: '10.0.0.8', os.name: 'Windows 10', os.arch: 'amd64', os.version: '10.0', java.version: '11.0.12'
Driver info: org.openqa.selenium.chrome.ChromeDriver
Capabilities {acceptInsecureCerts: false, browserName: chrome, browserVersion: 94.0.4606.81, chrome: {chromedriverVersion: 93.0.4577.15 (660fc11082ba5..., userDataDir: C:\Users\Slava\AppData\Loca...}, goog:chromeOptions: {debuggerAddress: localhost:53369}, javascriptEnabled: true, networkConnectionEnabled: false, pageLoadStrategy: normal, platform: WINDOWS, platformName: WINDOWS, proxy: Proxy(), setWindowRect: true, strictFileInteractability: false, timeouts: {implicit: 0, pageLoad: 300000, script: 30000}, unhandledPromptBehavior: dismiss and notify, webauthn:extension:credBlob: true, webauthn:extension:largeBlob: true, webauthn:virtualAuthenticators: true}
Session ID: 33038e60a8c74f5afd47b6acc6c5d8d9
*** Element info: {Using=id, value=city}
10:17:53 INFO  tests.TestBase - End of test --> searchDateBySelectCurrentMonth
10:17:53 INFO  tests.TestBase - Start method: searchTestByType
10:17:53 INFO  tests.TestBase - End of test --> searchTestByType
10:17:53 INFO  tests.TestBase - Start method: searchTestByTypeNegative
10:17:53 INFO  tests.TestBase - End of test --> searchTestByTypeNegative
