16:39:14 INFO  tests.TestBase - Start method: addNewCarSuccess
16:39:14 INFO  application.MyListener - Start find element by -----> By.xpath: //a[text()=' Log in ']
16:39:14 INFO  application.MyListener - The element ---> By.xpath: //a[text()=' Log in '] was found
16:39:14 INFO  application.MyListener - Start find element by -----> By.xpath: //div[@class='header']/a[6]
16:39:14 INFO  application.MyListener - The element ---> By.xpath: //div[@class='header']/a[6] was found
16:39:14 INFO  application.MyListener - Start find element by -----> By.xpath: //input[@formcontrolname='email']
16:39:14 INFO  application.MyListener - The element ---> By.xpath: //input[@formcontrolname='email'] was found
16:39:14 INFO  application.MyListener - Start find element by -----> By.xpath: //input[@formcontrolname='password']
16:39:14 INFO  application.MyListener - The element ---> By.xpath: //input[@formcontrolname='password'] was found
16:39:15 INFO  application.MyListener - Start find element by -----> By.xpath: //button[@type='submit']
16:39:15 INFO  application.MyListener - The element ---> By.xpath: //button[@type='submit'] was found
16:39:16 INFO  application.MyListener - Start find element by -----> By.xpath: //a[@href='/let-car-work']
16:39:16 INFO  application.MyListener - The element ---> By.xpath: //a[@href='/let-car-work'] was found
16:39:16 INFO  application.MyListener - Start find element by -----> By.id: pickUpPlace
16:39:16 INFO  application.MyListener - The element ---> By.id: pickUpPlace was found
16:39:16 INFO  application.MyListener - Start find element by -----> By.cssSelector: div.pac-item
16:39:16 INFO  application.MyListener - The element ---> By.cssSelector: div.pac-item was found
16:39:17 INFO  application.MyListener - Start find element by -----> By.id: make
16:39:17 INFO  application.MyListener - The element ---> By.id: make was found
16:39:17 INFO  application.MyListener - Start find element by -----> By.id: model
16:39:17 INFO  application.MyListener - The element ---> By.id: model was found
16:39:17 INFO  application.MyListener - Start find element by -----> By.id: year
16:39:17 INFO  application.MyListener - The element ---> By.id: year was found
16:39:17 INFO  application.MyListener - Start find element by -----> By.id: engine
16:39:17 INFO  application.MyListener - The element ---> By.id: engine was found
16:39:18 INFO  application.MyListener - Start find element by -----> By.id: fuel
16:39:18 INFO  application.MyListener - The element ---> By.id: fuel was found
16:39:18 INFO  application.MyListener - Start find element by -----> By.xpath: .//option[normalize-space(.) = "Petrol"]
16:39:18 INFO  application.MyListener - The element ---> By.xpath: .//option[normalize-space(.) = "Petrol"] was found
16:39:18 INFO  application.MyListener - Start find element by -----> By.id: gear
16:39:18 INFO  application.MyListener - The element ---> By.id: gear was found
16:39:18 INFO  application.MyListener - Start find element by -----> By.xpath: .//option[normalize-space(.) = "MT"]
16:39:18 INFO  application.MyListener - The element ---> By.xpath: .//option[normalize-space(.) = "MT"] was found
16:39:18 INFO  application.MyListener - Start find element by -----> By.id: wheelsDrive
16:39:18 INFO  application.MyListener - The element ---> By.id: wheelsDrive was found
16:39:18 INFO  application.MyListener - Start find element by -----> By.xpath: .//option[normalize-space(.) = "AWD"]
16:39:18 INFO  application.MyListener - The element ---> By.xpath: .//option[normalize-space(.) = "AWD"] was found
16:39:18 INFO  application.MyListener - Start find element by -----> By.id: doors
16:39:18 INFO  application.MyListener - The element ---> By.id: doors was found
16:39:18 INFO  application.MyListener - Start find element by -----> By.id: seats
16:39:18 INFO  application.MyListener - The element ---> By.id: seats was found
16:39:18 INFO  application.MyListener - Start find element by -----> By.id: class
16:39:18 INFO  application.MyListener - The element ---> By.id: class was found
16:39:18 INFO  application.MyListener - Start find element by -----> By.id: fuelConsumption
16:39:18 INFO  application.MyListener - The element ---> By.id: fuelConsumption was found
16:39:18 INFO  application.MyListener - Start find element by -----> By.id: serialNumber
16:39:18 INFO  application.MyListener - The element ---> By.id: serialNumber was found
16:39:19 INFO  application.MyListener - Start find element by -----> By.id: price
16:39:19 INFO  application.MyListener - The element ---> By.id: price was found
16:39:19 INFO  application.MyListener - Start find element by -----> By.id: distance
16:39:19 INFO  application.MyListener - The element ---> By.id: distance was found
16:39:19 INFO  application.MyListener - Start find element by -----> By.className: feature-input
16:39:19 INFO  application.MyListener - The element ---> By.className: feature-input was found
16:39:19 INFO  application.MyListener - Start find element by -----> By.id: about
16:39:19 INFO  application.MyListener - The element ---> By.id: about was found
16:39:19 INFO  application.MyListener - Start find element by -----> By.id: photos
16:39:19 INFO  application.MyListener - The element ---> By.id: photos was found
16:39:19 INFO  application.MyListener - Start find element by -----> By.xpath: //button[.='Submit']
16:39:19 INFO  application.MyListener - The element ---> By.xpath: //button[.='Submit'] was found
16:39:20 INFO  application.MyListener - Start find element by -----> By.xpath: //button[.='Submit']
16:39:20 INFO  application.MyListener - The element ---> By.xpath: //button[.='Submit'] was found
16:39:20 INFO  application.MyListener - Start find element by -----> By.xpath: //button[.='Submit']
16:39:20 INFO  application.MyListener - The element ---> By.xpath: //button[.='Submit'] was found
16:39:21 INFO  application.MyListener - Start find element by -----> By.xpath: //button[.='Submit']
16:39:21 INFO  application.MyListener - The element ---> By.xpath: //button[.='Submit'] was found
16:39:21 INFO  application.MyListener - Start find element by -----> By.xpath: //h1[text()='Car added']
16:39:22 INFO  application.MyListener - The element ---> By.xpath: //h1[text()='Car added'] was found
16:39:22 INFO  application.MyListener - Start find element by -----> By.xpath: //button[text()='Show car']
16:39:22 INFO  application.MyListener - The element ---> By.xpath: //button[text()='Show car'] was found
16:39:22 INFO  tests.TestBase - End of test --> addNewCarSuccess
16:39:22 INFO  tests.TestBase - Start method: loginSuccess
16:39:22 INFO  application.MyListener - Start find element by -----> By.xpath: //a[text()=' Logout ']
16:39:22 INFO  application.MyListener - The element ---> By.xpath: //a[text()=' Logout '] was found
16:39:22 INFO  application.MyListener - Start find element by -----> By.xpath: //a[text()=' Logout ']
16:39:22 INFO  application.MyListener - The element ---> By.xpath: //a[text()=' Logout '] was found
16:39:23 INFO  tests.TestBase - Login with email: slavka.lenetz@gmail.com &  password Ilcarro123
16:39:23 INFO  application.MyListener - Start find element by -----> By.xpath: //div[@class='header']/a[6]
16:39:23 INFO  application.MyListener - The element ---> By.xpath: //div[@class='header']/a[6] was found
16:39:23 INFO  application.MyListener - Start find element by -----> By.xpath: //input[@formcontrolname='email']
16:39:23 INFO  application.MyListener - The element ---> By.xpath: //input[@formcontrolname='email'] was found
16:39:23 INFO  application.MyListener - Start find element by -----> By.xpath: //input[@formcontrolname='password']
16:39:23 INFO  application.MyListener - The element ---> By.xpath: //input[@formcontrolname='password'] was found
16:39:23 INFO  application.MyListener - Start find element by -----> By.xpath: //button[@type='submit']
16:39:23 INFO  application.MyListener - The element ---> By.xpath: //button[@type='submit'] was found
16:39:23 INFO  application.MyListener - Start find element by -----> By.cssSelector: .dialog-container h2
16:39:24 INFO  application.MyListener - The element ---> By.cssSelector: .dialog-container h2 was found
16:39:24 INFO  application.MyListener - Start find element by -----> By.xpath: //button[.='Ok']
16:39:24 INFO  application.MyListener - The element ---> By.xpath: //button[.='Ok'] was found
16:39:24 INFO  application.MyListener - Start find element by -----> By.xpath: //button[.='Ok']
16:39:24 INFO  application.MyListener - The element ---> By.xpath: //button[.='Ok'] was found
16:39:24 INFO  tests.TestBase - End of test --> loginSuccess
16:39:24 INFO  tests.TestBase - Start method: loginSuccessModel
16:39:24 INFO  application.MyListener - Start find element by -----> By.xpath: //a[text()=' Logout ']
16:39:24 INFO  application.MyListener - The element ---> By.xpath: //a[text()=' Logout '] was found
16:39:24 INFO  application.MyListener - Start find element by -----> By.xpath: //a[text()=' Logout ']
16:39:24 INFO  application.MyListener - The element ---> By.xpath: //a[text()=' Logout '] was found
16:39:24 INFO  application.MyListener - Start find element by -----> By.xpath: //div[@class='header']/a[6]
16:39:24 INFO  application.MyListener - The element ---> By.xpath: //div[@class='header']/a[6] was found
16:39:24 INFO  application.MyListener - Start find element by -----> By.xpath: //input[@formcontrolname='email']
16:39:24 INFO  application.MyListener - The element ---> By.xpath: //input[@formcontrolname='email'] was found
16:39:24 INFO  application.MyListener - Start find element by -----> By.xpath: //input[@formcontrolname='password']
16:39:24 INFO  application.MyListener - The element ---> By.xpath: //input[@formcontrolname='password'] was found
16:39:25 INFO  application.MyListener - Start find element by -----> By.xpath: //button[@type='submit']
16:39:26 INFO  application.MyListener - The element ---> By.xpath: //button[@type='submit'] was found
16:39:26 INFO  application.MyListener - Start find element by -----> By.cssSelector: .dialog-container h2
16:39:26 INFO  application.MyListener - The element ---> By.cssSelector: .dialog-container h2 was found
16:39:26 INFO  application.MyListener - Start find element by -----> By.xpath: //button[.='Ok']
16:39:26 INFO  application.MyListener - The element ---> By.xpath: //button[.='Ok'] was found
16:39:26 INFO  application.MyListener - Start find element by -----> By.xpath: //button[.='Ok']
16:39:26 INFO  application.MyListener - The element ---> By.xpath: //button[.='Ok'] was found
16:39:26 INFO  tests.TestBase - End of test --> loginSuccessModel
16:39:26 INFO  tests.TestBase - Start method: negativeLoginWrongPassword
16:39:26 INFO  application.MyListener - Start find element by -----> By.xpath: //a[text()=' Logout ']
16:39:26 INFO  application.MyListener - The element ---> By.xpath: //a[text()=' Logout '] was found
16:39:26 INFO  application.MyListener - Start find element by -----> By.xpath: //a[text()=' Logout ']
16:39:26 INFO  application.MyListener - The element ---> By.xpath: //a[text()=' Logout '] was found
16:39:26 INFO  application.MyListener - Start find element by -----> By.xpath: //div[@class='header']/a[6]
16:39:26 INFO  application.MyListener - The element ---> By.xpath: //div[@class='header']/a[6] was found
16:39:26 INFO  application.MyListener - Start find element by -----> By.xpath: //input[@formcontrolname='email']
16:39:26 INFO  application.MyListener - The element ---> By.xpath: //input[@formcontrolname='email'] was found
16:39:27 INFO  application.MyListener - Start find element by -----> By.xpath: //input[@formcontrolname='password']
16:39:27 INFO  application.MyListener - The element ---> By.xpath: //input[@formcontrolname='password'] was found
16:39:28 INFO  application.MyListener - Start find element by -----> By.xpath: //button[@type='submit']
16:39:28 INFO  application.MyListener - The element ---> By.xpath: //button[@type='submit'] was found
16:39:28 INFO  application.MyListener - Start find element by -----> By.cssSelector: .dialog-container h2
16:39:28 INFO  application.MyListener - The element ---> By.cssSelector: .dialog-container h2 was found
16:39:28 INFO  application.MyListener - Start find element by -----> By.xpath: //button[.='Ok']
16:39:28 INFO  application.MyListener - The element ---> By.xpath: //button[.='Ok'] was found
16:39:28 INFO  application.MyListener - Start find element by -----> By.xpath: //button[.='Ok']
16:39:28 INFO  application.MyListener - The element ---> By.xpath: //button[.='Ok'] was found
16:39:28 INFO  tests.TestBase - End of test --> negativeLoginWrongPassword
16:39:28 INFO  tests.TestBase - Start method: registrationNegativeTest
16:39:28 INFO  application.MyListener - Start find element by -----> By.xpath: //a[text()=' Logout ']
16:39:33 INFO  application.MyListener - The element ---> By.xpath: //a[text()=' Logout '] was found
16:39:33 INFO  application.MyListener - Start find element by -----> By.xpath: //a[text()=' Sign up ']
16:39:33 INFO  application.MyListener - The element ---> By.xpath: //a[text()=' Sign up '] was found
16:39:34 INFO  application.MyListener - Start find element by -----> By.id: name
16:39:34 INFO  application.MyListener - The element ---> By.id: name was found
16:39:34 INFO  application.MyListener - Start find element by -----> By.id: lastName
16:39:34 INFO  application.MyListener - The element ---> By.id: lastName was found
16:39:34 INFO  application.MyListener - Start find element by -----> By.id: email
16:39:34 INFO  application.MyListener - The element ---> By.id: email was found
16:39:34 INFO  application.MyListener - Start find element by -----> By.id: password
16:39:34 INFO  application.MyListener - The element ---> By.id: password was found
16:39:34 INFO  application.MyListener - Start find element by -----> By.xpath: //button[@type='submit']
16:39:34 INFO  application.MyListener - The element ---> By.xpath: //button[@type='submit'] was found
16:39:34 INFO  application.MyListener - Start find element by -----> By.xpath: //div[text()='Wrong email format']
16:39:34 INFO  application.MyListener - The element ---> By.xpath: //div[text()='Wrong email format'] was found
16:39:34 INFO  application.MyListener - Start find element by -----> By.xpath: //button[@type='submit']
16:39:34 INFO  application.MyListener - The element ---> By.xpath: //button[@type='submit'] was found
16:39:34 INFO  application.MyListener - Start find element by -----> By.xpath: //button[.='Ok']
16:39:39 INFO  application.MyListener - The element ---> By.xpath: //button[.='Ok'] was found
16:39:39 INFO  tests.TestBase - End of test --> registrationNegativeTest
16:39:39 INFO  tests.TestBase - Start method: registrationPositiveTest
16:39:39 INFO  application.MyListener - Start find element by -----> By.xpath: //a[text()=' Logout ']
16:39:44 INFO  application.MyListener - The element ---> By.xpath: //a[text()=' Logout '] was found
16:39:44 INFO  application.MyListener - Start find element by -----> By.xpath: //a[text()=' Sign up ']
16:39:44 INFO  application.MyListener - The element ---> By.xpath: //a[text()=' Sign up '] was found
16:39:45 INFO  application.MyListener - Start find element by -----> By.id: name
16:39:45 INFO  application.MyListener - The element ---> By.id: name was found
16:39:45 INFO  application.MyListener - Start find element by -----> By.id: lastName
16:39:45 INFO  application.MyListener - The element ---> By.id: lastName was found
16:39:45 INFO  application.MyListener - Start find element by -----> By.id: email
16:39:45 INFO  application.MyListener - The element ---> By.id: email was found
16:39:45 INFO  application.MyListener - Start find element by -----> By.id: password
16:39:45 INFO  application.MyListener - The element ---> By.id: password was found
16:39:45 INFO  application.MyListener - Start find element by -----> By.xpath: //button[@type='submit']
16:39:45 INFO  application.MyListener - The element ---> By.xpath: //button[@type='submit'] was found
16:39:45 INFO  application.MyListener - Start find element by -----> By.cssSelector: .dialog-container h2
16:39:46 INFO  application.MyListener - The element ---> By.cssSelector: .dialog-container h2 was found
16:39:46 INFO  application.MyListener - Start find element by -----> By.xpath: //button[.='Ok']
16:39:46 INFO  application.MyListener - The element ---> By.xpath: //button[.='Ok'] was found
16:39:46 INFO  application.MyListener - Start find element by -----> By.xpath: //button[.='Ok']
16:39:46 INFO  application.MyListener - The element ---> By.xpath: //button[.='Ok'] was found
16:39:46 INFO  tests.TestBase - End of test --> registrationPositiveTest
16:39:46 INFO  tests.TestBase - Start method: registrationPositiveTestModel
16:39:46 INFO  application.MyListener - Start find element by -----> By.xpath: //a[text()=' Logout ']
16:39:46 INFO  application.MyListener - The element ---> By.xpath: //a[text()=' Logout '] was found
16:39:46 INFO  application.MyListener - Start find element by -----> By.xpath: //a[text()=' Logout ']
16:39:46 INFO  application.MyListener - The element ---> By.xpath: //a[text()=' Logout '] was found
16:39:46 INFO  tests.TestBase - TestData: name:Lis LastName: SnowEmail: snow2386@gmail.com Password: Lis2386ndy123
16:39:46 INFO  application.MyListener - Start find element by -----> By.xpath: //a[text()=' Sign up ']
16:39:46 INFO  application.MyListener - The element ---> By.xpath: //a[text()=' Sign up '] was found
16:39:46 INFO  application.MyListener - Start find element by -----> By.id: name
16:39:46 INFO  application.MyListener - The element ---> By.id: name was found
16:39:46 INFO  application.MyListener - Start find element by -----> By.id: lastName
16:39:46 INFO  application.MyListener - The element ---> By.id: lastName was found
16:39:46 INFO  application.MyListener - Start find element by -----> By.id: email
16:39:46 INFO  application.MyListener - The element ---> By.id: email was found
16:39:46 INFO  application.MyListener - Start find element by -----> By.id: password
16:39:46 INFO  application.MyListener - The element ---> By.id: password was found
16:39:47 INFO  application.MyListener - Start find element by -----> By.xpath: //button[@type='submit']
16:39:47 INFO  application.MyListener - The element ---> By.xpath: //button[@type='submit'] was found
16:39:47 INFO  application.MyListener - Start find element by -----> By.cssSelector: .dialog-container h2
16:39:47 INFO  application.MyListener - The element ---> By.cssSelector: .dialog-container h2 was found
16:39:47 INFO  application.MyListener - Start find element by -----> By.xpath: //button[.='Ok']
16:39:47 INFO  application.MyListener - The element ---> By.xpath: //button[.='Ok'] was found
16:39:47 INFO  application.MyListener - Start find element by -----> By.xpath: //button[.='Ok']
16:39:47 INFO  application.MyListener - The element ---> By.xpath: //button[.='Ok'] was found
16:39:47 INFO  tests.TestBase - End of test --> registrationPositiveTestModel
16:39:47 INFO  tests.TestBase - Start method: searchDateBySelectAnyMonth
16:39:47 INFO  application.MyListener - Start find element by -----> By.xpath: //h1[text()='Find your car now!']
16:39:52 INFO  application.MyListener - The element ---> By.xpath: //h1[text()='Find your car now!'] was found
16:39:52 INFO  application.MyListener - Start find element by -----> By.xpath: //a[text()=' Search '] 
16:39:52 INFO  application.MyListener - The element ---> By.xpath: //a[text()=' Search ']  was found
16:39:52 INFO  application.MyListener - Start find element by -----> By.id: city
16:39:52 INFO  application.MyListener - The element ---> By.id: city was found
16:39:52 INFO  application.MyListener - Start find element by -----> By.cssSelector: .pac-item
16:39:53 INFO  application.MyListener - The element ---> By.cssSelector: .pac-item was found
16:39:53 INFO  application.MyListener - Start find element by -----> By.id: dates
16:39:53 INFO  application.MyListener - The element ---> By.id: dates was found
16:39:54 INFO  application.MyListener - Start find element by -----> By.xpath: //div[text()=' 22 ']
16:39:54 INFO  application.MyListener - The element ---> By.xpath: //div[text()=' 22 '] was found
16:39:54 INFO  application.MyListener - Start find element by -----> By.xpath: //button[@aria-label='Next month']
16:39:54 INFO  application.MyListener - The element ---> By.xpath: //button[@aria-label='Next month'] was found
16:39:54 INFO  application.MyListener - Start find element by -----> By.xpath: //button[@aria-label='Next month']
16:39:54 INFO  application.MyListener - The element ---> By.xpath: //button[@aria-label='Next month'] was found
16:39:54 INFO  application.MyListener - Start find element by -----> By.xpath: //div[text()=' 29 ']
16:39:54 INFO  application.MyListener - The element ---> By.xpath: //div[text()=' 29 '] was found
16:39:54 INFO  application.MyListener - Start find element by -----> By.xpath: //button[@type='submit']
16:39:54 INFO  application.MyListener - The element ---> By.xpath: //button[@type='submit'] was found
16:39:55 INFO  application.MyListener - Start find element by -----> By.cssSelector: .search-results
16:39:55 INFO  application.MyListener - The element ---> By.cssSelector: .search-results was found
16:39:55 INFO  tests.TestBase - Chosen date in future: from current day and until one year forward only
16:39:55 INFO  tests.TestBase - End of test --> searchDateBySelectAnyMonth
16:39:55 INFO  tests.TestBase - Start method: searchDateBySelectCurrentMonth
16:39:55 INFO  application.MyListener - Start find element by -----> By.xpath: //h1[text()='Find your car now!']
16:39:55 INFO  application.MyListener - The element ---> By.xpath: //h1[text()='Find your car now!'] was found
16:39:55 INFO  application.MyListener - Start find element by -----> By.id: city
16:39:55 INFO  application.MyListener - The element ---> By.id: city was found
16:39:55 INFO  application.MyListener - Start find element by -----> By.cssSelector: .pac-item
16:39:55 INFO  application.MyListener - The element ---> By.cssSelector: .pac-item was found
16:39:56 INFO  application.MyListener - Start find element by -----> By.id: dates
16:40:01 INFO  application.MyListener - The element ---> By.id: dates was found
16:40:01 INFO  application.MyListener - Start find element by -----> By.cssSelector: [formcontrolname='dates']
16:40:01 INFO  application.MyListener - The element ---> By.cssSelector: [formcontrolname='dates'] was found
16:40:01 INFO  application.MyListener - Start find element by -----> By.xpath: //div[text()=' 25 ']
16:40:01 INFO  application.MyListener - The element ---> By.xpath: //div[text()=' 25 '] was found
16:40:01 INFO  application.MyListener - Start find element by -----> By.xpath: //div[text()=' 30 ']
16:40:01 INFO  application.MyListener - The element ---> By.xpath: //div[text()=' 30 '] was found
16:40:01 INFO  application.MyListener - Start find element by -----> By.xpath: //button[@type='submit']
16:40:01 INFO  application.MyListener - The element ---> By.xpath: //button[@type='submit'] was found
16:40:01 INFO  application.MyListener - Start find element by -----> By.cssSelector: .search-results
16:40:02 INFO  application.MyListener - The element ---> By.cssSelector: .search-results was found
16:40:02 INFO  tests.TestBase - Chosen date in current month of the year
16:40:02 INFO  tests.TestBase - End of test --> searchDateBySelectCurrentMonth
16:40:02 INFO  tests.TestBase - Start method: searchTestByType
16:40:02 INFO  application.MyListener - Start find element by -----> By.xpath: //h1[text()='Find your car now!']
16:40:02 INFO  application.MyListener - The element ---> By.xpath: //h1[text()='Find your car now!'] was found
16:40:02 INFO  application.MyListener - Start find element by -----> By.id: city
16:40:02 INFO  application.MyListener - The element ---> By.id: city was found
16:40:02 INFO  application.MyListener - Start find element by -----> By.cssSelector: .pac-item
16:40:02 INFO  application.MyListener - The element ---> By.cssSelector: .pac-item was found
16:40:03 INFO  application.MyListener - We have a trouble ---> element click intercepted: Element <div class="pac-item">...</div> is not clickable at point (328, 293). Other element would receive the click: <div class="pac-item">...</div>
  (Session info: chrome=94.0.4606.81)
Build info: version: '3.141.59', revision: 'e82be7d358', time: '2018-11-14T08:17:03'
System info: host: 'DESKTOP-LINCIVQ', ip: '10.0.0.8', os.name: 'Windows 10', os.arch: 'amd64', os.version: '10.0', java.version: '11.0.12'
Driver info: org.openqa.selenium.chrome.ChromeDriver
Capabilities {acceptInsecureCerts: false, browserName: chrome, browserVersion: 94.0.4606.81, chrome: {chromedriverVersion: 93.0.4577.15 (660fc11082ba5..., userDataDir: C:\Users\Slava\AppData\Loca...}, goog:chromeOptions: {debuggerAddress: localhost:51225}, javascriptEnabled: true, networkConnectionEnabled: false, pageLoadStrategy: normal, platform: WINDOWS, platformName: WINDOWS, proxy: Proxy(), setWindowRect: true, strictFileInteractability: false, timeouts: {implicit: 0, pageLoad: 300000, script: 30000}, unhandledPromptBehavior: dismiss and notify, webauthn:extension:credBlob: true, webauthn:extension:largeBlob: true, webauthn:virtualAuthenticators: true}
Session ID: 1ff73faff4c757bef955506ee1f6c78f
16:40:03 INFO  tests.TestBase - End of test --> searchTestByType
16:40:03 INFO  tests.TestBase - Start method: searchTestByTypeNegative
16:40:03 INFO  application.MyListener - Start find element by -----> By.xpath: //h1[text()='Find your car now!']
16:40:03 INFO  application.MyListener - The element ---> By.xpath: //h1[text()='Find your car now!'] was found
16:40:03 INFO  application.MyListener - Start find element by -----> By.id: city
16:40:03 INFO  application.MyListener - The element ---> By.id: city was found
16:40:03 INFO  application.MyListener - Start find element by -----> By.cssSelector: .pac-item
16:40:03 INFO  application.MyListener - The element ---> By.cssSelector: .pac-item was found
16:40:03 INFO  application.MyListener - We have a trouble ---> stale element reference: element is not attached to the page document
  (Session info: chrome=94.0.4606.81)
For documentation on this error, please visit: https://www.seleniumhq.org/exceptions/stale_element_reference.html
Build info: version: '3.141.59', revision: 'e82be7d358', time: '2018-11-14T08:17:03'
System info: host: 'DESKTOP-LINCIVQ', ip: '10.0.0.8', os.name: 'Windows 10', os.arch: 'amd64', os.version: '10.0', java.version: '11.0.12'
Driver info: org.openqa.selenium.chrome.ChromeDriver
Capabilities {acceptInsecureCerts: false, browserName: chrome, browserVersion: 94.0.4606.81, chrome: {chromedriverVersion: 93.0.4577.15 (660fc11082ba5..., userDataDir: C:\Users\Slava\AppData\Loca...}, goog:chromeOptions: {debuggerAddress: localhost:51225}, javascriptEnabled: true, networkConnectionEnabled: false, pageLoadStrategy: normal, platform: WINDOWS, platformName: WINDOWS, proxy: Proxy(), setWindowRect: true, strictFileInteractability: false, timeouts: {implicit: 0, pageLoad: 300000, script: 30000}, unhandledPromptBehavior: dismiss and notify, webauthn:extension:credBlob: true, webauthn:extension:largeBlob: true, webauthn:virtualAuthenticators: true}
Session ID: 1ff73faff4c757bef955506ee1f6c78f
16:40:03 INFO  tests.TestBase - End of test --> searchTestByTypeNegative
