11:42:23 INFO  tests.TestBase - Start method: loginSuccess
11:42:23 INFO  application.MyListener - Start find element by -----> By.xpath: //a[text()=' Logout ']
11:42:29 INFO  application.MyListener - The element ---> By.xpath: //a[text()=' Logout '] was found
11:42:29 INFO  tests.TestBase - Login with email: slavka.lenetz@gmail.com &  password Ilcarro123
11:42:29 INFO  application.MyListener - Start find element by -----> By.xpath: //div[@class='header']/a[6]
11:42:29 INFO  application.MyListener - The element ---> By.xpath: //div[@class='header']/a[6] was found
11:42:29 INFO  application.MyListener - Start find element by -----> By.xpath: //input[@formcontrolname='email']
11:42:29 INFO  application.MyListener - The element ---> By.xpath: //input[@formcontrolname='email'] was found
11:42:29 INFO  application.MyListener - Start find element by -----> By.xpath: //input[@formcontrolname='password']
11:42:29 INFO  application.MyListener - The element ---> By.xpath: //input[@formcontrolname='password'] was found
11:42:29 INFO  application.MyListener - Start find element by -----> By.xpath: //button[@type='submit']
11:42:29 INFO  application.MyListener - The element ---> By.xpath: //button[@type='submit'] was found
11:42:29 INFO  application.MyListener - Start find element by -----> By.cssSelector: .dialog-container h2
11:42:30 INFO  application.MyListener - The element ---> By.cssSelector: .dialog-container h2 was found
11:42:30 INFO  application.MyListener - Start find element by -----> By.xpath: //button[text()='Ok']
11:42:30 INFO  application.MyListener - The element ---> By.xpath: //button[text()='Ok'] was found
11:42:30 INFO  application.MyListener - Start find element by -----> By.xpath: //a[text()=' Logout ']
11:42:30 INFO  application.MyListener - The element ---> By.xpath: //a[text()=' Logout '] was found
11:42:30 INFO  application.MyListener - Start find element by -----> By.xpath: //a[text()=' Logout ']
11:42:30 INFO  application.MyListener - The element ---> By.xpath: //a[text()=' Logout '] was found
11:42:30 INFO  tests.TestBase - End of test --> loginSuccess
