16:12:46 INFO  application.MyListener - Start find element by -----> By.xpath: //a[text()=' Logout ']
16:12:51 INFO  application.MyListener - The element ---> By.xpath: //a[text()=' Logout '] was found
16:12:51 INFO  application.MyListener - Start find element by -----> By.xpath: //a[text()=' Sign up ']
16:12:51 INFO  application.MyListener - The element ---> By.xpath: //a[text()=' Sign up '] was found
16:12:52 INFO  application.MyListener - Start find element by -----> By.id: name
16:12:52 INFO  application.MyListener - The element ---> By.id: name was found
16:12:52 INFO  application.MyListener - Start find element by -----> By.id: lastName
16:12:52 INFO  application.MyListener - The element ---> By.id: lastName was found
16:12:52 INFO  application.MyListener - Start find element by -----> By.id: email
16:12:52 INFO  application.MyListener - The element ---> By.id: email was found
16:12:52 INFO  application.MyListener - Start find element by -----> By.id: password
16:12:52 INFO  application.MyListener - The element ---> By.id: password was found
16:12:52 INFO  application.MyListener - Start find element by -----> By.xpath: //button[@type='submit']
16:12:52 INFO  application.MyListener - The element ---> By.xpath: //button[@type='submit'] was found
16:12:52 INFO  application.MyListener - Start find element by -----> By.cssSelector: .dialog-container h2
16:12:53 INFO  application.MyListener - The element ---> By.cssSelector: .dialog-container h2 was found
16:12:53 INFO  application.MyListener - Start find element by -----> By.xpath: //button[.='Ok']
16:12:53 INFO  application.MyListener - The element ---> By.xpath: //button[.='Ok'] was found
16:12:53 INFO  application.MyListener - Start find element by -----> By.xpath: //button[.='Ok']
16:12:53 INFO  application.MyListener - The element ---> By.xpath: //button[.='Ok'] was found
16:12:53 INFO  tests.TestBase - End of test --> registrationPositiveTest
16:12:53 INFO  application.MyListener - Start find element by -----> By.xpath: //a[text()=' Logout ']
16:12:53 INFO  application.MyListener - The element ---> By.xpath: //a[text()=' Logout '] was found
16:12:53 INFO  application.MyListener - Start find element by -----> By.xpath: //a[text()=' Logout ']
16:12:53 INFO  application.MyListener - The element ---> By.xpath: //a[text()=' Logout '] was found
16:12:53 INFO  tests.TestBase - Login with email: slavka.lenetz@gmail.com &  password Ilcarro123
16:12:53 INFO  application.MyListener - Start find element by -----> By.xpath: //div[@class='header']/a[6]
16:12:53 INFO  application.MyListener - The element ---> By.xpath: //div[@class='header']/a[6] was found
16:12:53 INFO  application.MyListener - Start find element by -----> By.xpath: //input[@formcontrolname='email']
16:12:53 INFO  application.MyListener - The element ---> By.xpath: //input[@formcontrolname='email'] was found
16:12:53 INFO  application.MyListener - Start find element by -----> By.xpath: //input[@formcontrolname='password']
16:12:53 INFO  application.MyListener - The element ---> By.xpath: //input[@formcontrolname='password'] was found
16:12:53 INFO  application.MyListener - Start find element by -----> By.xpath: //button[@type='submit']
16:12:53 INFO  application.MyListener - The element ---> By.xpath: //button[@type='submit'] was found
16:12:53 INFO  application.MyListener - Start find element by -----> By.cssSelector: .dialog-container h2
16:12:54 INFO  application.MyListener - The element ---> By.cssSelector: .dialog-container h2 was found
16:12:54 INFO  application.MyListener - Start find element by -----> By.xpath: //button[.='Ok']
16:12:54 INFO  application.MyListener - The element ---> By.xpath: //button[.='Ok'] was found
16:12:54 INFO  application.MyListener - Start find element by -----> By.xpath: //button[.='Ok']
16:12:54 INFO  application.MyListener - The element ---> By.xpath: //button[.='Ok'] was found
16:12:54 INFO  tests.TestBase - End of test --> loginSuccess
