21:41:48 INFO  tests.TestBase - Start method: searchDateBySelectAnyMonth
21:41:48 INFO  application.MyListener - Start find element by -----> By.xpath: //h1[text()='Find your car now!']
21:41:48 INFO  application.MyListener - The element ---> By.xpath: //h1[text()='Find your car now!'] was found
21:41:48 INFO  application.MyListener - Start find element by -----> By.id: city
21:41:48 INFO  application.MyListener - The element ---> By.id: city was found
21:41:48 INFO  application.MyListener - Start find element by -----> By.cssSelector: .pac-item
21:41:49 INFO  application.MyListener - The element ---> By.cssSelector: .pac-item was found
21:41:49 INFO  application.MyListener - Start find element by -----> By.id: dates
21:41:49 INFO  application.MyListener - The element ---> By.id: dates was found
21:41:49 INFO  application.MyListener - Start find element by -----> By.xpath: //div[text()=' 22 ']
21:41:49 INFO  application.MyListener - The element ---> By.xpath: //div[text()=' 22 '] was found
21:41:50 INFO  application.MyListener - Start find element by -----> By.xpath: //button[@aria-label='Next month']
21:41:50 INFO  application.MyListener - The element ---> By.xpath: //button[@aria-label='Next month'] was found
21:41:50 INFO  application.MyListener - Start find element by -----> By.xpath: //button[@aria-label='Next month']
21:41:50 INFO  application.MyListener - The element ---> By.xpath: //button[@aria-label='Next month'] was found
21:41:50 INFO  application.MyListener - Start find element by -----> By.xpath: //div[text()=' 29 ']
21:41:50 INFO  application.MyListener - The element ---> By.xpath: //div[text()=' 29 '] was found
21:41:50 INFO  application.MyListener - Start find element by -----> By.xpath: //button[@type='submit']
21:41:50 INFO  application.MyListener - The element ---> By.xpath: //button[@type='submit'] was found
21:41:50 INFO  application.MyListener - Start find element by -----> By.cssSelector: .search-results
21:41:50 INFO  application.MyListener - The element ---> By.cssSelector: .search-results was found
21:41:50 INFO  tests.TestBase - Chosen date in future: from current day and until one year forward only
21:41:50 INFO  tests.TestBase - End of test --> searchDateBySelectAnyMonth
21:41:50 INFO  tests.TestBase - Start method: searchDateBySelectCurrentMonth
21:41:50 INFO  application.MyListener - Start find element by -----> By.xpath: //h1[text()='Find your car now!']
21:41:50 INFO  application.MyListener - The element ---> By.xpath: //h1[text()='Find your car now!'] was found
21:41:50 INFO  application.MyListener - Start find element by -----> By.xpath: //button[@type='submit']
21:41:50 INFO  application.MyListener - The element ---> By.xpath: //button[@type='submit'] was found
21:41:51 INFO  application.MyListener - Start find element by -----> By.cssSelector: .search-results
21:41:51 INFO  application.MyListener - The element ---> By.cssSelector: .search-results was found
21:41:51 INFO  tests.TestBase - Chosen date in current month of the year
21:41:51 INFO  tests.TestBase - End of test --> searchDateBySelectCurrentMonth
21:41:51 INFO  tests.TestBase - Start method: searchTestByType
21:41:51 INFO  application.MyListener - Start find element by -----> By.xpath: //h1[text()='Find your car now!']
21:41:51 INFO  application.MyListener - The element ---> By.xpath: //h1[text()='Find your car now!'] was found
21:41:51 INFO  application.MyListener - Start find element by -----> By.id: city
21:41:51 INFO  application.MyListener - The element ---> By.id: city was found
21:41:51 INFO  application.MyListener - Start find element by -----> By.cssSelector: .pac-item
21:41:51 INFO  application.MyListener - The element ---> By.cssSelector: .pac-item was found
21:41:52 INFO  application.MyListener - Start find element by -----> By.id: dates
21:41:57 INFO  application.MyListener - The element ---> By.id: dates was found
21:41:57 INFO  application.MyListener - Start find element by -----> By.cssSelector: [formcontrolname='dates']
21:41:57 INFO  application.MyListener - The element ---> By.cssSelector: [formcontrolname='dates'] was found
21:41:57 INFO  application.MyListener - Start find element by -----> By.cssSelector: .search-results
21:41:57 INFO  application.MyListener - The element ---> By.cssSelector: .search-results was found
21:41:57 INFO  tests.TestBase - End of test --> searchTestByType
