15:22:42 INFO  tests.TestBase - Start method: addNewCarSuccess
15:22:42 INFO  application.MyListener - Start find element by -----> By.xpath: //a[text()=' Log in ']
15:22:42 INFO  application.MyListener - The element ---> By.xpath: //a[text()=' Log in '] was found
15:22:42 INFO  application.MyListener - Start find element by -----> By.xpath: //div[@class='header']/a[6]
15:22:42 INFO  application.MyListener - The element ---> By.xpath: //div[@class='header']/a[6] was found
15:22:42 INFO  application.MyListener - Start find element by -----> By.xpath: //input[@formcontrolname='email']
15:22:42 INFO  application.MyListener - The element ---> By.xpath: //input[@formcontrolname='email'] was found
15:22:42 INFO  application.MyListener - Start find element by -----> By.xpath: //input[@formcontrolname='password']
15:22:42 INFO  application.MyListener - The element ---> By.xpath: //input[@formcontrolname='password'] was found
15:22:44 INFO  application.MyListener - Start find element by -----> By.xpath: //button[@type='submit']
15:22:44 INFO  application.MyListener - The element ---> By.xpath: //button[@type='submit'] was found
15:22:44 INFO  application.MyListener - Start find element by -----> By.xpath: //a[@href='/let-car-work']
15:22:44 INFO  application.MyListener - The element ---> By.xpath: //a[@href='/let-car-work'] was found
15:22:44 INFO  application.MyListener - Start find element by -----> By.id: pickUpPlace
15:22:44 INFO  application.MyListener - The element ---> By.id: pickUpPlace was found
15:22:45 INFO  application.MyListener - Start find element by -----> By.cssSelector: div.pac-item
15:22:45 INFO  application.MyListener - The element ---> By.cssSelector: div.pac-item was found
15:22:45 INFO  application.MyListener - Start find element by -----> By.id: make
15:22:45 INFO  application.MyListener - The element ---> By.id: make was found
15:22:46 INFO  application.MyListener - Start find element by -----> By.id: model
15:22:46 INFO  application.MyListener - The element ---> By.id: model was found
15:22:46 INFO  application.MyListener - Start find element by -----> By.id: year
15:22:46 INFO  application.MyListener - The element ---> By.id: year was found
15:22:46 INFO  application.MyListener - Start find element by -----> By.id: engine
15:22:46 INFO  application.MyListener - The element ---> By.id: engine was found
15:22:46 INFO  application.MyListener - Start find element by -----> By.id: fuel
15:22:46 INFO  application.MyListener - The element ---> By.id: fuel was found
15:22:46 INFO  application.MyListener - Start find element by -----> By.xpath: .//option[normalize-space(.) = "Petrol"]
15:22:46 INFO  application.MyListener - The element ---> By.xpath: .//option[normalize-space(.) = "Petrol"] was found
15:22:46 INFO  application.MyListener - Start find element by -----> By.id: gear
15:22:46 INFO  application.MyListener - The element ---> By.id: gear was found
15:22:46 INFO  application.MyListener - Start find element by -----> By.xpath: .//option[normalize-space(.) = "MT"]
15:22:46 INFO  application.MyListener - The element ---> By.xpath: .//option[normalize-space(.) = "MT"] was found
15:22:46 INFO  application.MyListener - Start find element by -----> By.id: wheelsDrive
15:22:46 INFO  application.MyListener - The element ---> By.id: wheelsDrive was found
15:22:46 INFO  application.MyListener - Start find element by -----> By.xpath: .//option[normalize-space(.) = "AWD"]
15:22:46 INFO  application.MyListener - The element ---> By.xpath: .//option[normalize-space(.) = "AWD"] was found
15:22:46 INFO  application.MyListener - Start find element by -----> By.id: doors
15:22:46 INFO  application.MyListener - The element ---> By.id: doors was found
15:22:46 INFO  application.MyListener - Start find element by -----> By.id: seats
15:22:47 INFO  application.MyListener - The element ---> By.id: seats was found
15:22:47 INFO  application.MyListener - Start find element by -----> By.id: class
15:22:47 INFO  application.MyListener - The element ---> By.id: class was found
15:22:47 INFO  application.MyListener - Start find element by -----> By.id: fuelConsumption
15:22:47 INFO  application.MyListener - The element ---> By.id: fuelConsumption was found
15:22:47 INFO  application.MyListener - Start find element by -----> By.id: serialNumber
15:22:47 INFO  application.MyListener - The element ---> By.id: serialNumber was found
15:22:47 INFO  application.MyListener - Start find element by -----> By.id: price
15:22:47 INFO  application.MyListener - The element ---> By.id: price was found
15:22:47 INFO  application.MyListener - Start find element by -----> By.id: distance
15:22:47 INFO  application.MyListener - The element ---> By.id: distance was found
15:22:47 INFO  application.MyListener - Start find element by -----> By.className: feature-input
15:22:47 INFO  application.MyListener - The element ---> By.className: feature-input was found
15:22:48 INFO  application.MyListener - Start find element by -----> By.id: about
15:22:48 INFO  application.MyListener - The element ---> By.id: about was found
15:22:48 INFO  application.MyListener - Start find element by -----> By.id: photos
15:22:48 INFO  application.MyListener - The element ---> By.id: photos was found
15:22:48 INFO  application.MyListener - Start find element by -----> By.xpath: //button[.='Submit']
15:22:48 INFO  application.MyListener - The element ---> By.xpath: //button[.='Submit'] was found
15:22:48 INFO  application.MyListener - Start find element by -----> By.xpath: //button[.='Submit']
15:22:48 INFO  application.MyListener - The element ---> By.xpath: //button[.='Submit'] was found
15:22:49 INFO  application.MyListener - Start find element by -----> By.xpath: //button[.='Submit']
15:22:49 INFO  application.MyListener - The element ---> By.xpath: //button[.='Submit'] was found
15:22:50 INFO  application.MyListener - Start find element by -----> By.xpath: //button[.='Submit']
15:22:50 INFO  application.MyListener - The element ---> By.xpath: //button[.='Submit'] was found
15:22:50 INFO  application.MyListener - Start find element by -----> By.xpath: //button[.='Submit']
15:22:50 INFO  application.MyListener - The element ---> By.xpath: //button[.='Submit'] was found
15:22:50 INFO  application.MyListener - Start find element by -----> By.xpath: //h1[text()='Car added']
15:22:51 INFO  application.MyListener - The element ---> By.xpath: //h1[text()='Car added'] was found
15:22:51 INFO  application.MyListener - Start find element by -----> By.xpath: //button[text()='Show car']
15:22:51 INFO  application.MyListener - The element ---> By.xpath: //button[text()='Show car'] was found
15:22:51 INFO  tests.TestBase - End of test --> addNewCarSuccess
15:22:51 INFO  tests.TestBase - Start method: loginSuccess
15:22:51 INFO  application.MyListener - Start find element by -----> By.xpath: //a[text()=' Logout ']
15:22:51 INFO  application.MyListener - The element ---> By.xpath: //a[text()=' Logout '] was found
15:22:51 INFO  application.MyListener - Start find element by -----> By.xpath: //a[text()=' Logout ']
15:22:51 INFO  application.MyListener - The element ---> By.xpath: //a[text()=' Logout '] was found
15:22:52 INFO  tests.TestBase - Login with email: slavka.lenetz@gmail.com &  password Ilcarro123
15:22:52 INFO  application.MyListener - Start find element by -----> By.xpath: //div[@class='header']/a[6]
15:22:52 INFO  application.MyListener - The element ---> By.xpath: //div[@class='header']/a[6] was found
15:22:52 INFO  application.MyListener - Start find element by -----> By.xpath: //input[@formcontrolname='email']
15:22:52 INFO  application.MyListener - The element ---> By.xpath: //input[@formcontrolname='email'] was found
15:22:52 INFO  application.MyListener - Start find element by -----> By.xpath: //input[@formcontrolname='password']
15:22:52 INFO  application.MyListener - The element ---> By.xpath: //input[@formcontrolname='password'] was found
15:22:52 INFO  application.MyListener - Start find element by -----> By.xpath: //button[@type='submit']
15:22:52 INFO  application.MyListener - The element ---> By.xpath: //button[@type='submit'] was found
15:22:52 INFO  application.MyListener - Start find element by -----> By.cssSelector: .dialog-container h2
15:22:52 INFO  application.MyListener - The element ---> By.cssSelector: .dialog-container h2 was found
15:22:52 INFO  application.MyListener - Start find element by -----> By.xpath: //button[text()='Ok']
15:22:52 INFO  application.MyListener - The element ---> By.xpath: //button[text()='Ok'] was found
15:22:52 INFO  application.MyListener - Start find element by -----> By.xpath: //a[text()=' Logout ']
15:22:52 INFO  application.MyListener - The element ---> By.xpath: //a[text()=' Logout '] was found
15:22:52 INFO  application.MyListener - Start find element by -----> By.xpath: //a[text()=' Logout ']
15:22:52 INFO  application.MyListener - The element ---> By.xpath: //a[text()=' Logout '] was found
15:22:53 INFO  tests.TestBase - End of test --> loginSuccess
15:22:53 INFO  tests.TestBase - Start method: loginSuccessModel
15:22:53 INFO  application.MyListener - Start find element by -----> By.xpath: //a[text()=' Logout ']
15:22:58 INFO  application.MyListener - The element ---> By.xpath: //a[text()=' Logout '] was found
15:22:58 INFO  application.MyListener - Start find element by -----> By.xpath: //div[@class='header']/a[6]
15:22:58 INFO  application.MyListener - The element ---> By.xpath: //div[@class='header']/a[6] was found
15:22:58 INFO  application.MyListener - Start find element by -----> By.xpath: //input[@formcontrolname='email']
15:22:58 INFO  application.MyListener - The element ---> By.xpath: //input[@formcontrolname='email'] was found
15:22:58 INFO  application.MyListener - Start find element by -----> By.xpath: //input[@formcontrolname='password']
15:22:58 INFO  application.MyListener - The element ---> By.xpath: //input[@formcontrolname='password'] was found
15:22:59 INFO  application.MyListener - Start find element by -----> By.xpath: //button[@type='submit']
15:22:59 INFO  application.MyListener - The element ---> By.xpath: //button[@type='submit'] was found
15:22:59 INFO  application.MyListener - Start find element by -----> By.cssSelector: .dialog-container h2
15:23:00 INFO  application.MyListener - The element ---> By.cssSelector: .dialog-container h2 was found
15:23:00 INFO  application.MyListener - Start find element by -----> By.xpath: //button[text()='Ok']
15:23:00 INFO  application.MyListener - The element ---> By.xpath: //button[text()='Ok'] was found
15:23:00 INFO  application.MyListener - Start find element by -----> By.xpath: //a[text()=' Logout ']
15:23:00 INFO  application.MyListener - The element ---> By.xpath: //a[text()=' Logout '] was found
15:23:00 INFO  application.MyListener - Start find element by -----> By.xpath: //a[text()=' Logout ']
15:23:00 INFO  application.MyListener - The element ---> By.xpath: //a[text()=' Logout '] was found
15:23:00 INFO  tests.TestBase - End of test --> loginSuccessModel
15:23:00 INFO  tests.TestBase - Start method: negativeLoginWrongPassword
15:23:00 INFO  application.MyListener - Start find element by -----> By.xpath: //a[text()=' Logout ']
15:23:05 INFO  application.MyListener - The element ---> By.xpath: //a[text()=' Logout '] was found
15:23:05 INFO  application.MyListener - Start find element by -----> By.xpath: //div[@class='header']/a[6]
15:23:05 INFO  application.MyListener - The element ---> By.xpath: //div[@class='header']/a[6] was found
15:23:05 INFO  application.MyListener - Start find element by -----> By.xpath: //input[@formcontrolname='email']
15:23:05 INFO  application.MyListener - The element ---> By.xpath: //input[@formcontrolname='email'] was found
15:23:05 INFO  application.MyListener - Start find element by -----> By.xpath: //input[@formcontrolname='password']
15:23:05 INFO  application.MyListener - The element ---> By.xpath: //input[@formcontrolname='password'] was found
15:23:06 INFO  application.MyListener - Start find element by -----> By.xpath: //button[@type='submit']
15:23:06 INFO  application.MyListener - The element ---> By.xpath: //button[@type='submit'] was found
15:23:07 INFO  application.MyListener - Start find element by -----> By.cssSelector: .dialog-container h2
15:23:07 INFO  application.MyListener - The element ---> By.cssSelector: .dialog-container h2 was found
15:23:07 INFO  application.MyListener - Start find element by -----> By.xpath: //a[text()=' Logout ']
15:23:12 INFO  application.MyListener - The element ---> By.xpath: //a[text()=' Logout '] was found
15:23:12 INFO  tests.TestBase - End of test --> negativeLoginWrongPassword
15:23:12 INFO  tests.TestBase - Start method: registrationNegativeTest
15:23:12 INFO  application.MyListener - Start find element by -----> By.xpath: //a[text()=' Logout ']
15:23:17 INFO  application.MyListener - The element ---> By.xpath: //a[text()=' Logout '] was found
15:23:17 INFO  application.MyListener - Start find element by -----> By.xpath: //a[text()=' Sign up ']
15:23:17 INFO  application.MyListener - The element ---> By.xpath: //a[text()=' Sign up '] was found
15:23:18 INFO  application.MyListener - We have a trouble ---> element click intercepted: Element <a _ngcontent-nja-c25="" class="navigation-link ng-star-inserted" href="/registration?url=%2Fcar%2F100-1364-33-444">...</a> is not clickable at point (1539, 9). Other element would receive the click: <div class="cdk-overlay-backdrop cdk-overlay-dark-backdrop cdk-overlay-backdrop-showing"></div>
  (Session info: chrome=94.0.4606.81)
Build info: version: '3.141.59', revision: 'e82be7d358', time: '2018-11-14T08:17:03'
System info: host: 'DESKTOP-LINCIVQ', ip: '10.0.0.8', os.name: 'Windows 10', os.arch: 'amd64', os.version: '10.0', java.version: '11.0.12'
Driver info: org.openqa.selenium.chrome.ChromeDriver
Capabilities {acceptInsecureCerts: false, browserName: chrome, browserVersion: 94.0.4606.81, chrome: {chromedriverVersion: 93.0.4577.15 (660fc11082ba5..., userDataDir: C:\Users\Slava\AppData\Loca...}, goog:chromeOptions: {debuggerAddress: localhost:53034}, javascriptEnabled: true, networkConnectionEnabled: false, pageLoadStrategy: normal, platform: WINDOWS, platformName: WINDOWS, proxy: Proxy(), setWindowRect: true, strictFileInteractability: false, timeouts: {implicit: 0, pageLoad: 300000, script: 30000}, unhandledPromptBehavior: dismiss and notify, webauthn:extension:credBlob: true, webauthn:extension:largeBlob: true, webauthn:virtualAuthenticators: true}
Session ID: 0ad043a3cd57e3b60590cfb2164343bb
15:23:18 INFO  application.MyListener - Start find element by -----> By.xpath: //button[.='Ok']
15:23:18 INFO  application.MyListener - The element ---> By.xpath: //button[.='Ok'] was found
15:23:18 INFO  application.MyListener - Start find element by -----> By.xpath: //button[.='Ok']
15:23:18 INFO  application.MyListener - The element ---> By.xpath: //button[.='Ok'] was found
15:23:18 INFO  tests.TestBase - End of test --> registrationNegativeTest
15:23:18 INFO  tests.TestBase - Start method: registrationPositiveTest
15:23:18 INFO  application.MyListener - Start find element by -----> By.xpath: //a[text()=' Logout ']
15:23:23 INFO  application.MyListener - The element ---> By.xpath: //a[text()=' Logout '] was found
15:23:23 INFO  application.MyListener - Start find element by -----> By.xpath: //a[text()=' Sign up ']
15:23:23 INFO  application.MyListener - The element ---> By.xpath: //a[text()=' Sign up '] was found
15:23:23 INFO  application.MyListener - Start find element by -----> By.id: name
15:23:24 INFO  application.MyListener - The element ---> By.id: name was found
15:23:24 INFO  application.MyListener - Start find element by -----> By.id: lastName
15:23:24 INFO  application.MyListener - The element ---> By.id: lastName was found
15:23:24 INFO  application.MyListener - Start find element by -----> By.id: email
15:23:24 INFO  application.MyListener - The element ---> By.id: email was found
15:23:24 INFO  application.MyListener - Start find element by -----> By.id: password
15:23:24 INFO  application.MyListener - The element ---> By.id: password was found
15:23:24 INFO  application.MyListener - Start find element by -----> By.xpath: //button[@type='submit']
15:23:24 INFO  application.MyListener - The element ---> By.xpath: //button[@type='submit'] was found
15:23:24 INFO  application.MyListener - Start find element by -----> By.cssSelector: .dialog-container h2
15:23:25 INFO  application.MyListener - The element ---> By.cssSelector: .dialog-container h2 was found
15:23:25 INFO  application.MyListener - Start find element by -----> By.xpath: //button[.='Ok']
15:23:25 INFO  application.MyListener - The element ---> By.xpath: //button[.='Ok'] was found
15:23:25 INFO  application.MyListener - Start find element by -----> By.xpath: //button[.='Ok']
15:23:25 INFO  application.MyListener - The element ---> By.xpath: //button[.='Ok'] was found
15:23:25 INFO  tests.TestBase - End of test --> registrationPositiveTest
15:23:25 INFO  tests.TestBase - Start method: registrationPositiveTest2
15:23:25 INFO  application.MyListener - Start find element by -----> By.xpath: //a[text()=' Logout ']
15:23:25 INFO  application.MyListener - The element ---> By.xpath: //a[text()=' Logout '] was found
15:23:25 INFO  application.MyListener - Start find element by -----> By.xpath: //a[text()=' Logout ']
15:23:25 INFO  application.MyListener - The element ---> By.xpath: //a[text()=' Logout '] was found
15:23:25 INFO  application.MyListener - Start find element by -----> By.xpath: //a[text()=' Sign up ']
15:23:25 INFO  application.MyListener - The element ---> By.xpath: //a[text()=' Sign up '] was found
15:23:25 INFO  application.MyListener - Start find element by -----> By.id: name
15:23:25 INFO  application.MyListener - The element ---> By.id: name was found
15:23:25 INFO  application.MyListener - Start find element by -----> By.id: lastName
15:23:25 INFO  application.MyListener - The element ---> By.id: lastName was found
15:23:25 INFO  application.MyListener - Start find element by -----> By.id: email
15:23:25 INFO  application.MyListener - The element ---> By.id: email was found
15:23:25 INFO  application.MyListener - Start find element by -----> By.id: password
15:23:25 INFO  application.MyListener - The element ---> By.id: password was found
15:23:26 INFO  application.MyListener - Start find element by -----> By.xpath: //button[@type='submit']
15:23:26 INFO  application.MyListener - The element ---> By.xpath: //button[@type='submit'] was found
15:23:26 INFO  application.MyListener - Start find element by -----> By.cssSelector: .dialog-container h2
15:23:26 INFO  application.MyListener - The element ---> By.cssSelector: .dialog-container h2 was found
15:23:26 INFO  application.MyListener - Start find element by -----> By.xpath: //button[.='Ok']
15:23:26 INFO  application.MyListener - The element ---> By.xpath: //button[.='Ok'] was found
15:23:26 INFO  application.MyListener - Start find element by -----> By.xpath: //button[.='Ok']
15:23:26 INFO  application.MyListener - The element ---> By.xpath: //button[.='Ok'] was found
15:23:26 INFO  tests.TestBase - End of test --> registrationPositiveTest2
15:23:26 INFO  tests.TestBase - Start method: registrationPositiveTestModel
15:23:26 INFO  application.MyListener - Start find element by -----> By.xpath: //a[text()=' Logout ']
15:23:26 INFO  application.MyListener - The element ---> By.xpath: //a[text()=' Logout '] was found
15:23:26 INFO  application.MyListener - Start find element by -----> By.xpath: //a[text()=' Logout ']
15:23:26 INFO  application.MyListener - The element ---> By.xpath: //a[text()=' Logout '] was found
15:23:26 INFO  tests.TestBase - TestData: name:Lis LastName: SnowEmail: snow1406@gmail.com Password: Lis1406ndy123
15:23:26 INFO  application.MyListener - Start find element by -----> By.xpath: //a[text()=' Sign up ']
15:23:26 INFO  application.MyListener - The element ---> By.xpath: //a[text()=' Sign up '] was found
15:23:26 INFO  application.MyListener - Start find element by -----> By.id: name
15:23:26 INFO  application.MyListener - The element ---> By.id: name was found
15:23:27 INFO  application.MyListener - Start find element by -----> By.id: lastName
15:23:27 INFO  application.MyListener - The element ---> By.id: lastName was found
15:23:27 INFO  application.MyListener - Start find element by -----> By.id: email
15:23:27 INFO  application.MyListener - The element ---> By.id: email was found
15:23:27 INFO  application.MyListener - Start find element by -----> By.id: password
15:23:27 INFO  application.MyListener - The element ---> By.id: password was found
15:23:27 INFO  application.MyListener - Start find element by -----> By.xpath: //button[@type='submit']
15:23:27 INFO  application.MyListener - The element ---> By.xpath: //button[@type='submit'] was found
15:23:27 INFO  application.MyListener - Start find element by -----> By.cssSelector: .dialog-container h2
15:23:27 INFO  application.MyListener - The element ---> By.cssSelector: .dialog-container h2 was found
15:23:27 INFO  application.MyListener - Start find element by -----> By.xpath: //button[.='Ok']
15:23:27 INFO  application.MyListener - The element ---> By.xpath: //button[.='Ok'] was found
15:23:27 INFO  application.MyListener - Start find element by -----> By.xpath: //button[.='Ok']
15:23:27 INFO  application.MyListener - The element ---> By.xpath: //button[.='Ok'] was found
15:23:28 INFO  tests.TestBase - End of test --> registrationPositiveTestModel
15:23:28 INFO  tests.TestBase - Start method: searchDateBySelectAnyMonth
15:23:28 INFO  application.MyListener - Start find element by -----> By.xpath: //h1[text()='Find your car now!']
15:23:33 INFO  application.MyListener - The element ---> By.xpath: //h1[text()='Find your car now!'] was found
15:23:33 INFO  application.MyListener - Start find element by -----> By.xpath: //a[text()=' Search '] 
15:23:33 INFO  application.MyListener - The element ---> By.xpath: //a[text()=' Search ']  was found
15:23:33 INFO  application.MyListener - Start find element by -----> By.id: city
15:23:33 INFO  application.MyListener - The element ---> By.id: city was found
15:23:33 INFO  application.MyListener - Start find element by -----> By.cssSelector: .pac-item
15:23:33 INFO  application.MyListener - The element ---> By.cssSelector: .pac-item was found
15:23:34 INFO  application.MyListener - Start find element by -----> By.id: dates
15:23:34 INFO  application.MyListener - The element ---> By.id: dates was found
15:23:34 INFO  application.MyListener - Start find element by -----> By.xpath: //div[text()=' 22 ']
15:23:34 INFO  application.MyListener - The element ---> By.xpath: //div[text()=' 22 '] was found
15:23:34 INFO  application.MyListener - Start find element by -----> By.xpath: //div[text()=' 29 ']
15:23:34 INFO  application.MyListener - The element ---> By.xpath: //div[text()=' 29 '] was found
15:23:34 INFO  application.MyListener - Start find element by -----> By.xpath: //button[@type='submit']
15:23:34 INFO  application.MyListener - The element ---> By.xpath: //button[@type='submit'] was found
15:23:35 INFO  application.MyListener - Start find element by -----> By.cssSelector: .search-results
15:23:35 INFO  application.MyListener - The element ---> By.cssSelector: .search-results was found
15:23:35 INFO  tests.TestBase - Chosen date in future: from current day and until one year forward only
15:23:35 INFO  tests.TestBase - End of test --> searchDateBySelectAnyMonth
15:23:35 INFO  tests.TestBase - Start method: searchDateBySelectCurrentMonth
15:23:35 INFO  application.MyListener - Start find element by -----> By.xpath: //h1[text()='Find your car now!']
15:23:35 INFO  application.MyListener - The element ---> By.xpath: //h1[text()='Find your car now!'] was found
15:23:35 INFO  application.MyListener - Start find element by -----> By.id: city
15:23:35 INFO  application.MyListener - The element ---> By.id: city was found
15:23:35 INFO  application.MyListener - Start find element by -----> By.cssSelector: .pac-item
15:23:35 INFO  application.MyListener - The element ---> By.cssSelector: .pac-item was found
15:23:36 INFO  application.MyListener - Start find element by -----> By.id: dates
15:23:41 INFO  application.MyListener - The element ---> By.id: dates was found
15:23:41 INFO  application.MyListener - Start find element by -----> By.cssSelector: [formcontrolname='dates']
15:23:41 INFO  application.MyListener - The element ---> By.cssSelector: [formcontrolname='dates'] was found
15:23:41 INFO  application.MyListener - Start find element by -----> By.xpath: //div[text()=' 25 ']
15:23:41 INFO  application.MyListener - The element ---> By.xpath: //div[text()=' 25 '] was found
15:23:41 INFO  application.MyListener - Start find element by -----> By.xpath: //div[text()=' 30 ']
15:23:41 INFO  application.MyListener - The element ---> By.xpath: //div[text()=' 30 '] was found
15:23:41 INFO  application.MyListener - Start find element by -----> By.id: dates
15:23:46 INFO  application.MyListener - We have a trouble ---> no such element: Unable to locate element: {"method":"css selector","selector":"#dates"}
  (Session info: chrome=94.0.4606.81)
For documentation on this error, please visit: https://www.seleniumhq.org/exceptions/no_such_element.html
Build info: version: '3.141.59', revision: 'e82be7d358', time: '2018-11-14T08:17:03'
System info: host: 'DESKTOP-LINCIVQ', ip: '10.0.0.8', os.name: 'Windows 10', os.arch: 'amd64', os.version: '10.0', java.version: '11.0.12'
Driver info: org.openqa.selenium.chrome.ChromeDriver
Capabilities {acceptInsecureCerts: false, browserName: chrome, browserVersion: 94.0.4606.81, chrome: {chromedriverVersion: 93.0.4577.15 (660fc11082ba5..., userDataDir: C:\Users\Slava\AppData\Loca...}, goog:chromeOptions: {debuggerAddress: localhost:53034}, javascriptEnabled: true, networkConnectionEnabled: false, pageLoadStrategy: normal, platform: WINDOWS, platformName: WINDOWS, proxy: Proxy(), setWindowRect: true, strictFileInteractability: false, timeouts: {implicit: 0, pageLoad: 300000, script: 30000}, unhandledPromptBehavior: dismiss and notify, webauthn:extension:credBlob: true, webauthn:extension:largeBlob: true, webauthn:virtualAuthenticators: true}
Session ID: 0ad043a3cd57e3b60590cfb2164343bb
*** Element info: {Using=id, value=dates}
15:23:46 INFO  tests.TestBase - End of test --> searchDateBySelectCurrentMonth
15:23:46 INFO  tests.TestBase - Start method: searchTestByType
15:23:46 INFO  application.MyListener - Start find element by -----> By.xpath: //h1[text()='Find your car now!']
15:23:46 INFO  application.MyListener - The element ---> By.xpath: //h1[text()='Find your car now!'] was found
15:23:46 INFO  tests.TestBase - End of test --> searchTestByType
15:23:46 INFO  tests.TestBase - Start method: searchTestByTypeNegative
15:23:46 INFO  application.MyListener - Start find element by -----> By.xpath: //h1[text()='Find your car now!']
15:23:46 INFO  application.MyListener - The element ---> By.xpath: //h1[text()='Find your car now!'] was found
15:23:46 INFO  tests.TestBase - End of test --> searchTestByTypeNegative
