14:36:29 INFO  tests.TestBase - Start method: registrationNegativeTest
14:36:29 INFO  application.MyListener - Start find element by -----> By.xpath: //a[text()=' Logout ']
14:36:34 INFO  application.MyListener - The element ---> By.xpath: //a[text()=' Logout '] was found
14:36:34 INFO  application.MyListener - Start find element by -----> By.xpath: //a[text()=' Sign up ']
14:36:34 INFO  application.MyListener - The element ---> By.xpath: //a[text()=' Sign up '] was found
14:36:35 INFO  application.MyListener - Start find element by -----> By.id: name
14:36:35 INFO  application.MyListener - The element ---> By.id: name was found
14:36:35 INFO  application.MyListener - Start find element by -----> By.id: lastName
14:36:35 INFO  application.MyListener - The element ---> By.id: lastName was found
14:36:35 INFO  application.MyListener - Start find element by -----> By.id: email
14:36:35 INFO  application.MyListener - The element ---> By.id: email was found
14:36:35 INFO  application.MyListener - Start find element by -----> By.id: password
14:36:35 INFO  application.MyListener - The element ---> By.id: password was found
14:36:35 INFO  application.MyListener - Start find element by -----> By.xpath: //div[@class='error']
14:36:35 INFO  application.MyListener - The element ---> By.xpath: //div[@class='error'] was found
14:36:35 INFO  application.MyListener - Start find element by -----> By.xpath: //button[@type='submit']
14:36:35 INFO  application.MyListener - The element ---> By.xpath: //button[@type='submit'] was found
14:36:35 INFO  application.MyListener - Start find element by -----> By.xpath: //button[.='Ok']
14:36:40 INFO  application.MyListener - The element ---> By.xpath: //button[.='Ok'] was found
14:36:40 INFO  tests.TestBase - End of test --> registrationNegativeTest
14:36:40 INFO  tests.TestBase - Start method: registrationPositiveTest
14:36:40 INFO  application.MyListener - Start find element by -----> By.xpath: //a[text()=' Logout ']
14:36:45 INFO  application.MyListener - The element ---> By.xpath: //a[text()=' Logout '] was found
14:36:45 INFO  application.MyListener - Start find element by -----> By.xpath: //a[text()=' Sign up ']
14:36:45 INFO  application.MyListener - The element ---> By.xpath: //a[text()=' Sign up '] was found
14:36:45 INFO  application.MyListener - Start find element by -----> By.id: name
14:36:46 INFO  application.MyListener - The element ---> By.id: name was found
14:36:46 INFO  application.MyListener - Start find element by -----> By.id: lastName
14:36:46 INFO  application.MyListener - The element ---> By.id: lastName was found
14:36:46 INFO  application.MyListener - Start find element by -----> By.id: email
14:36:46 INFO  application.MyListener - The element ---> By.id: email was found
14:36:46 INFO  application.MyListener - Start find element by -----> By.id: password
14:36:46 INFO  application.MyListener - The element ---> By.id: password was found
14:36:46 INFO  application.MyListener - Start find element by -----> By.xpath: //button[@type='submit']
14:36:46 INFO  application.MyListener - The element ---> By.xpath: //button[@type='submit'] was found
14:36:46 INFO  application.MyListener - Start find element by -----> By.cssSelector: .dialog-container h2
14:36:47 INFO  application.MyListener - The element ---> By.cssSelector: .dialog-container h2 was found
14:36:47 INFO  application.MyListener - Start find element by -----> By.xpath: //button[.='Ok']
14:36:47 INFO  application.MyListener - The element ---> By.xpath: //button[.='Ok'] was found
14:36:47 INFO  application.MyListener - Start find element by -----> By.xpath: //button[.='Ok']
14:36:47 INFO  application.MyListener - The element ---> By.xpath: //button[.='Ok'] was found
14:36:47 INFO  tests.TestBase - End of test --> registrationPositiveTest
14:36:47 INFO  tests.TestBase - Start method: registrationPositiveTest2
14:36:47 INFO  application.MyListener - Start find element by -----> By.xpath: //a[text()=' Logout ']
14:36:47 INFO  application.MyListener - The element ---> By.xpath: //a[text()=' Logout '] was found
14:36:47 INFO  application.MyListener - Start find element by -----> By.xpath: //a[text()=' Logout ']
14:36:47 INFO  application.MyListener - The element ---> By.xpath: //a[text()=' Logout '] was found
14:36:47 INFO  application.MyListener - Start find element by -----> By.xpath: //a[text()=' Sign up ']
14:36:47 INFO  application.MyListener - The element ---> By.xpath: //a[text()=' Sign up '] was found
14:36:47 INFO  application.MyListener - Start find element by -----> By.id: name
14:36:47 INFO  application.MyListener - The element ---> By.id: name was found
14:36:47 INFO  application.MyListener - Start find element by -----> By.id: lastName
14:36:47 INFO  application.MyListener - The element ---> By.id: lastName was found
14:36:47 INFO  application.MyListener - Start find element by -----> By.id: email
14:36:47 INFO  application.MyListener - The element ---> By.id: email was found
14:36:47 INFO  application.MyListener - Start find element by -----> By.id: password
14:36:47 INFO  application.MyListener - The element ---> By.id: password was found
14:36:48 INFO  application.MyListener - Start find element by -----> By.xpath: //button[@type='submit']
14:36:48 INFO  application.MyListener - The element ---> By.xpath: //button[@type='submit'] was found
14:36:48 INFO  application.MyListener - Start find element by -----> By.cssSelector: .dialog-container h2
14:36:48 INFO  application.MyListener - The element ---> By.cssSelector: .dialog-container h2 was found
14:36:48 INFO  application.MyListener - Start find element by -----> By.xpath: //button[.='Ok']
14:36:48 INFO  application.MyListener - The element ---> By.xpath: //button[.='Ok'] was found
14:36:48 INFO  application.MyListener - Start find element by -----> By.xpath: //button[.='Ok']
14:36:48 INFO  application.MyListener - The element ---> By.xpath: //button[.='Ok'] was found
14:36:48 INFO  tests.TestBase - End of test --> registrationPositiveTest2
14:36:48 INFO  tests.TestBase - Start method: registrationPositiveTestModel
14:36:48 INFO  application.MyListener - Start find element by -----> By.xpath: //a[text()=' Logout ']
14:36:48 INFO  application.MyListener - The element ---> By.xpath: //a[text()=' Logout '] was found
14:36:48 INFO  application.MyListener - Start find element by -----> By.xpath: //a[text()=' Logout ']
14:36:48 INFO  application.MyListener - The element ---> By.xpath: //a[text()=' Logout '] was found
14:36:48 INFO  tests.TestBase - TestData: name:Lis LastName: SnowEmail: snow2208@gmail.com Password: Lis2208ndy123
14:36:48 INFO  application.MyListener - Start find element by -----> By.xpath: //a[text()=' Sign up ']
14:36:48 INFO  application.MyListener - The element ---> By.xpath: //a[text()=' Sign up '] was found
14:36:48 INFO  application.MyListener - Start find element by -----> By.id: name
14:36:48 INFO  application.MyListener - The element ---> By.id: name was found
14:36:48 INFO  application.MyListener - Start find element by -----> By.id: lastName
14:36:48 INFO  application.MyListener - The element ---> By.id: lastName was found
14:36:49 INFO  application.MyListener - Start find element by -----> By.id: email
14:36:49 INFO  application.MyListener - The element ---> By.id: email was found
14:36:49 INFO  application.MyListener - Start find element by -----> By.id: password
14:36:49 INFO  application.MyListener - The element ---> By.id: password was found
14:36:49 INFO  application.MyListener - Start find element by -----> By.xpath: //button[@type='submit']
14:36:49 INFO  application.MyListener - The element ---> By.xpath: //button[@type='submit'] was found
14:36:49 INFO  application.MyListener - Start find element by -----> By.cssSelector: .dialog-container h2
14:36:49 INFO  application.MyListener - The element ---> By.cssSelector: .dialog-container h2 was found
14:36:49 INFO  application.MyListener - Start find element by -----> By.xpath: //button[.='Ok']
14:36:49 INFO  application.MyListener - The element ---> By.xpath: //button[.='Ok'] was found
14:36:49 INFO  application.MyListener - Start find element by -----> By.xpath: //button[.='Ok']
14:36:49 INFO  application.MyListener - The element ---> By.xpath: //button[.='Ok'] was found
14:36:49 INFO  tests.TestBase - End of test --> registrationPositiveTestModel
