21:26:07 INFO  tests.TestBase - Start method: searchDateBySelectCurrentMonth
21:26:07 INFO  application.MyListener - Start find element by -----> By.xpath: //h1[text()='Find your car now!']
21:26:07 INFO  application.MyListener - The element ---> By.xpath: //h1[text()='Find your car now!'] was found
21:26:07 INFO  application.MyListener - Start find element by -----> By.id: city
21:26:07 INFO  application.MyListener - The element ---> By.id: city was found
21:26:07 INFO  application.MyListener - Start find element by -----> By.cssSelector: .pac-item
21:26:08 INFO  application.MyListener - The element ---> By.cssSelector: .pac-item was found
21:26:08 INFO  application.MyListener - Start find element by -----> By.id: dates
21:26:08 INFO  application.MyListener - The element ---> By.id: dates was found
21:26:08 INFO  application.MyListener - Start find element by -----> By.id: dates
21:26:08 INFO  application.MyListener - The element ---> By.id: dates was found
21:26:08 INFO  application.MyListener - Start find element by -----> By.xpath: //div[text()=' 25 ']
21:26:08 INFO  application.MyListener - The element ---> By.xpath: //div[text()=' 25 '] was found
21:26:09 INFO  application.MyListener - Start find element by -----> By.xpath: //div[text()=' 30 ']
21:26:09 INFO  application.MyListener - The element ---> By.xpath: //div[text()=' 30 '] was found
21:26:09 INFO  application.MyListener - Start find element by -----> By.xpath: //button[@type='submit']
21:26:09 INFO  application.MyListener - The element ---> By.xpath: //button[@type='submit'] was found
21:26:09 INFO  application.MyListener - Start find element by -----> By.cssSelector: .search-results
21:26:09 INFO  application.MyListener - The element ---> By.cssSelector: .search-results was found
21:26:09 INFO  tests.TestBase - Chosen date in current month of the year
21:26:09 INFO  tests.TestBase - End of test --> searchDateBySelectCurrentMonth
